<?xml version="1.0" encoding="UTF-8"?>
<!-- Generated by org.testng.reporters.JUnitXMLReporter -->
<testsuite ignored="0" hostname="DESKTOP-9LMSRIF" failures="56" tests="130" name="Default test" time="111.927" errors="0" timestamp="2023-03-29T11:58:29 CDT">
  <testcase classname="io.cucumber.testng.AbstractTestNGCucumberTests" name="runScenario" time="0.278">
    <failure type="java.lang.NullPointerException" message="Cannot invoke &amp;quot;org.openqa.selenium.WebDriver.get(String)&amp;quot; because &amp;quot;StepDefinition.Tree.driver&amp;quot; is null">
      <![CDATA[java.lang.NullPointerException: Cannot invoke "org.openqa.selenium.WebDriver.get(String)" because "StepDefinition.Tree.driver" is null
at StepDefinition.Tree.the_user_is_on_tree_home_page(Tree.java:52)
at ✽.The user is on tree home page(file:///C:/Users/shubh/eclipse-workspace/DS_AlgoProject/src/test/resources/features/10Tree.feature:7)
]]>
    </failure>
  </testcase> <!-- runScenario -->
  <testcase classname="io.cucumber.testng.AbstractTestNGCucumberTests" name="runScenario" time="0.051">
    <failure type="java.lang.NullPointerException" message="Cannot invoke &amp;quot;org.openqa.selenium.WebDriver.get(String)&amp;quot; because &amp;quot;StepDefinition.Tree.driver&amp;quot; is null">
      <![CDATA[java.lang.NullPointerException: Cannot invoke "org.openqa.selenium.WebDriver.get(String)" because "StepDefinition.Tree.driver" is null
at StepDefinition.Tree.the_user_is_on_tree_home_page(Tree.java:52)
at ✽.The user is on tree home page(file:///C:/Users/shubh/eclipse-workspace/DS_AlgoProject/src/test/resources/features/10Tree.feature:7)
]]>
    </failure>
  </testcase> <!-- runScenario -->
  <testcase classname="io.cucumber.testng.AbstractTestNGCucumberTests" name="runScenario" time="0.047">
    <failure type="java.lang.NullPointerException" message="Cannot invoke &amp;quot;org.openqa.selenium.WebDriver.get(String)&amp;quot; because &amp;quot;StepDefinition.Tree.driver&amp;quot; is null">
      <![CDATA[java.lang.NullPointerException: Cannot invoke "org.openqa.selenium.WebDriver.get(String)" because "StepDefinition.Tree.driver" is null
at StepDefinition.Tree.the_user_is_on_tree_home_page(Tree.java:52)
at ✽.The user is on tree home page(file:///C:/Users/shubh/eclipse-workspace/DS_AlgoProject/src/test/resources/features/10Tree.feature:7)
]]>
    </failure>
  </testcase> <!-- runScenario -->
  <testcase classname="io.cucumber.testng.AbstractTestNGCucumberTests" name="runScenario" time="0.064">
    <failure type="java.lang.NullPointerException" message="Cannot invoke &amp;quot;org.openqa.selenium.WebDriver.get(String)&amp;quot; because &amp;quot;StepDefinition.Tree.driver&amp;quot; is null">
      <![CDATA[java.lang.NullPointerException: Cannot invoke "org.openqa.selenium.WebDriver.get(String)" because "StepDefinition.Tree.driver" is null
at StepDefinition.Tree.the_user_is_on_tree_home_page(Tree.java:52)
at ✽.The user is on tree home page(file:///C:/Users/shubh/eclipse-workspace/DS_AlgoProject/src/test/resources/features/10Tree.feature:7)
]]>
    </failure>
  </testcase> <!-- runScenario -->
  <testcase classname="io.cucumber.testng.AbstractTestNGCucumberTests" name="runScenario" time="0.044">
    <failure type="java.lang.NullPointerException" message="Cannot invoke &amp;quot;org.openqa.selenium.WebDriver.get(String)&amp;quot; because &amp;quot;StepDefinition.Tree.driver&amp;quot; is null">
      <![CDATA[java.lang.NullPointerException: Cannot invoke "org.openqa.selenium.WebDriver.get(String)" because "StepDefinition.Tree.driver" is null
at StepDefinition.Tree.the_user_is_on_tree_home_page(Tree.java:52)
at ✽.The user is on tree home page(file:///C:/Users/shubh/eclipse-workspace/DS_AlgoProject/src/test/resources/features/10Tree.feature:7)
]]>
    </failure>
  </testcase> <!-- runScenario -->
  <testcase classname="io.cucumber.testng.AbstractTestNGCucumberTests" name="runScenario" time="0.025">
    <failure type="java.lang.NullPointerException" message="Cannot invoke &amp;quot;org.openqa.selenium.WebDriver.get(String)&amp;quot; because &amp;quot;StepDefinition.Tree.driver&amp;quot; is null">
      <![CDATA[java.lang.NullPointerException: Cannot invoke "org.openqa.selenium.WebDriver.get(String)" because "StepDefinition.Tree.driver" is null
at StepDefinition.Tree.the_user_is_on_tree_home_page(Tree.java:52)
at ✽.The user is on tree home page(file:///C:/Users/shubh/eclipse-workspace/DS_AlgoProject/src/test/resources/features/10Tree.feature:7)
]]>
    </failure>
  </testcase> <!-- runScenario -->
  <testcase classname="io.cucumber.testng.AbstractTestNGCucumberTests" name="runScenario" time="0.054">
    <failure type="java.lang.NullPointerException" message="Cannot invoke &amp;quot;org.openqa.selenium.WebDriver.get(String)&amp;quot; because &amp;quot;StepDefinition.Tree.driver&amp;quot; is null">
      <![CDATA[java.lang.NullPointerException: Cannot invoke "org.openqa.selenium.WebDriver.get(String)" because "StepDefinition.Tree.driver" is null
at StepDefinition.Tree.the_user_is_on_tree_home_page(Tree.java:52)
at ✽.The user is on tree home page(file:///C:/Users/shubh/eclipse-workspace/DS_AlgoProject/src/test/resources/features/10Tree.feature:7)
]]>
    </failure>
  </testcase> <!-- runScenario -->
  <testcase classname="io.cucumber.testng.AbstractTestNGCucumberTests" name="runScenario" time="0.028">
    <failure type="java.lang.NullPointerException" message="Cannot invoke &amp;quot;org.openqa.selenium.WebDriver.get(String)&amp;quot; because &amp;quot;StepDefinition.Tree.driver&amp;quot; is null">
      <![CDATA[java.lang.NullPointerException: Cannot invoke "org.openqa.selenium.WebDriver.get(String)" because "StepDefinition.Tree.driver" is null
at StepDefinition.Tree.the_user_is_on_tree_home_page(Tree.java:52)
at ✽.The user is on tree home page(file:///C:/Users/shubh/eclipse-workspace/DS_AlgoProject/src/test/resources/features/10Tree.feature:7)
]]>
    </failure>
  </testcase> <!-- runScenario -->
  <testcase classname="io.cucumber.testng.AbstractTestNGCucumberTests" name="runScenario" time="0.025">
    <failure type="java.lang.NullPointerException" message="Cannot invoke &amp;quot;org.openqa.selenium.WebDriver.get(String)&amp;quot; because &amp;quot;StepDefinition.Tree.driver&amp;quot; is null">
      <![CDATA[java.lang.NullPointerException: Cannot invoke "org.openqa.selenium.WebDriver.get(String)" because "StepDefinition.Tree.driver" is null
at StepDefinition.Tree.the_user_is_on_tree_home_page(Tree.java:52)
at ✽.The user is on tree home page(file:///C:/Users/shubh/eclipse-workspace/DS_AlgoProject/src/test/resources/features/10Tree.feature:7)
]]>
    </failure>
  </testcase> <!-- runScenario -->
  <testcase classname="io.cucumber.testng.AbstractTestNGCucumberTests" name="runScenario" time="0.04">
    <failure type="java.lang.NullPointerException" message="Cannot invoke &amp;quot;org.openqa.selenium.WebDriver.get(String)&amp;quot; because &amp;quot;StepDefinition.Graph.driver&amp;quot; is null">
      <![CDATA[java.lang.NullPointerException: Cannot invoke "org.openqa.selenium.WebDriver.get(String)" because "StepDefinition.Graph.driver" is null
at StepDefinition.Graph.the_user_is_on_graph_home_page(Graph.java:39)
at ✽.The user is on graph home page(file:///C:/Users/shubh/eclipse-workspace/DS_AlgoProject/src/test/resources/features/11Graph.feature:7)
]]>
    </failure>
  </testcase> <!-- runScenario -->
  <testcase classname="io.cucumber.testng.AbstractTestNGCucumberTests" name="runScenario" time="0.024">
    <failure type="java.lang.NullPointerException" message="Cannot invoke &amp;quot;org.openqa.selenium.WebDriver.get(String)&amp;quot; because &amp;quot;StepDefinition.Graph.driver&amp;quot; is null">
      <![CDATA[java.lang.NullPointerException: Cannot invoke "org.openqa.selenium.WebDriver.get(String)" because "StepDefinition.Graph.driver" is null
at StepDefinition.Graph.the_user_is_on_graph_home_page(Graph.java:39)
at ✽.The user is on graph home page(file:///C:/Users/shubh/eclipse-workspace/DS_AlgoProject/src/test/resources/features/11Graph.feature:7)
]]>
    </failure>
  </testcase> <!-- runScenario -->
  <testcase classname="io.cucumber.testng.AbstractTestNGCucumberTests" name="runScenario" time="0.022">
    <failure type="java.lang.NullPointerException" message="Cannot invoke &amp;quot;org.openqa.selenium.WebDriver.get(String)&amp;quot; because &amp;quot;StepDefinition.Graph.driver&amp;quot; is null">
      <![CDATA[java.lang.NullPointerException: Cannot invoke "org.openqa.selenium.WebDriver.get(String)" because "StepDefinition.Graph.driver" is null
at StepDefinition.Graph.the_user_is_on_graph_home_page(Graph.java:39)
at ✽.The user is on graph home page(file:///C:/Users/shubh/eclipse-workspace/DS_AlgoProject/src/test/resources/features/11Graph.feature:7)
]]>
    </failure>
  </testcase> <!-- runScenario -->
  <testcase classname="io.cucumber.testng.AbstractTestNGCucumberTests" name="runScenario" time="0.026">
    <failure type="java.lang.NullPointerException" message="Cannot invoke &amp;quot;org.openqa.selenium.WebDriver.get(String)&amp;quot; because &amp;quot;StepDefinition.Graph.driver&amp;quot; is null">
      <![CDATA[java.lang.NullPointerException: Cannot invoke "org.openqa.selenium.WebDriver.get(String)" because "StepDefinition.Graph.driver" is null
at StepDefinition.Graph.the_user_is_on_graph_home_page(Graph.java:39)
at ✽.The user is on graph home page(file:///C:/Users/shubh/eclipse-workspace/DS_AlgoProject/src/test/resources/features/11Graph.feature:7)
]]>
    </failure>
  </testcase> <!-- runScenario -->
  <testcase classname="io.cucumber.testng.AbstractTestNGCucumberTests" name="runScenario" time="0.018">
    <failure type="java.lang.NullPointerException" message="Cannot invoke &amp;quot;org.openqa.selenium.WebDriver.get(String)&amp;quot; because &amp;quot;StepDefinition.Graph.driver&amp;quot; is null">
      <![CDATA[java.lang.NullPointerException: Cannot invoke "org.openqa.selenium.WebDriver.get(String)" because "StepDefinition.Graph.driver" is null
at StepDefinition.Graph.the_user_is_on_graph_home_page(Graph.java:39)
at ✽.The user is on graph home page(file:///C:/Users/shubh/eclipse-workspace/DS_AlgoProject/src/test/resources/features/11Graph.feature:7)
]]>
    </failure>
  </testcase> <!-- runScenario -->
  <testcase classname="io.cucumber.testng.AbstractTestNGCucumberTests" name="runScenario" time="0.023">
    <failure type="java.lang.NullPointerException" message="Cannot invoke &amp;quot;org.openqa.selenium.WebDriver.get(String)&amp;quot; because &amp;quot;StepDefinition.Graph.driver&amp;quot; is null">
      <![CDATA[java.lang.NullPointerException: Cannot invoke "org.openqa.selenium.WebDriver.get(String)" because "StepDefinition.Graph.driver" is null
at StepDefinition.Graph.the_user_is_on_graph_home_page(Graph.java:39)
at ✽.The user is on graph home page(file:///C:/Users/shubh/eclipse-workspace/DS_AlgoProject/src/test/resources/features/11Graph.feature:7)
]]>
    </failure>
  </testcase> <!-- runScenario -->
  <testcase classname="io.cucumber.testng.AbstractTestNGCucumberTests" name="runScenario" time="0.043">
    <failure type="java.lang.NullPointerException" message="Cannot invoke &amp;quot;org.openqa.selenium.WebDriver.get(String)&amp;quot; because &amp;quot;StepDefinition.Graph.driver&amp;quot; is null">
      <![CDATA[java.lang.NullPointerException: Cannot invoke "org.openqa.selenium.WebDriver.get(String)" because "StepDefinition.Graph.driver" is null
at StepDefinition.Graph.the_user_is_on_graph_home_page(Graph.java:39)
at ✽.The user is on graph home page(file:///C:/Users/shubh/eclipse-workspace/DS_AlgoProject/src/test/resources/features/11Graph.feature:7)
]]>
    </failure>
  </testcase> <!-- runScenario -->
  <testcase classname="io.cucumber.testng.AbstractTestNGCucumberTests" name="runScenario" time="0.021">
    <failure type="java.lang.NullPointerException" message="Cannot invoke &amp;quot;org.openqa.selenium.WebDriver.get(String)&amp;quot; because &amp;quot;StepDefinition.Graph.driver&amp;quot; is null">
      <![CDATA[java.lang.NullPointerException: Cannot invoke "org.openqa.selenium.WebDriver.get(String)" because "StepDefinition.Graph.driver" is null
at StepDefinition.Graph.the_user_is_on_graph_home_page(Graph.java:39)
at ✽.The user is on graph home page(file:///C:/Users/shubh/eclipse-workspace/DS_AlgoProject/src/test/resources/features/11Graph.feature:7)
]]>
    </failure>
  </testcase> <!-- runScenario -->
  <testcase classname="io.cucumber.testng.AbstractTestNGCucumberTests" name="runScenario" time="0.06">
    <failure type="java.lang.NullPointerException" message="Cannot invoke &amp;quot;org.openqa.selenium.WebDriver.get(String)&amp;quot; because &amp;quot;StepDefinition.Graph.driver&amp;quot; is null">
      <![CDATA[java.lang.NullPointerException: Cannot invoke "org.openqa.selenium.WebDriver.get(String)" because "StepDefinition.Graph.driver" is null
at StepDefinition.Graph.the_user_is_on_graph_home_page(Graph.java:39)
at ✽.The user is on graph home page(file:///C:/Users/shubh/eclipse-workspace/DS_AlgoProject/src/test/resources/features/11Graph.feature:7)
]]>
    </failure>
  </testcase> <!-- runScenario -->
  <testcase classname="io.cucumber.testng.AbstractTestNGCucumberTests" name="runScenario" time="0.047">
    <failure type="java.lang.NullPointerException" message="Cannot invoke &amp;quot;org.openqa.selenium.WebDriver.get(String)&amp;quot; because &amp;quot;StepDefinition.Graph.driver&amp;quot; is null">
      <![CDATA[java.lang.NullPointerException: Cannot invoke "org.openqa.selenium.WebDriver.get(String)" because "StepDefinition.Graph.driver" is null
at StepDefinition.Graph.the_user_is_on_graph_home_page(Graph.java:39)
at ✽.The user is on graph home page(file:///C:/Users/shubh/eclipse-workspace/DS_AlgoProject/src/test/resources/features/11Graph.feature:7)
]]>
    </failure>
  </testcase> <!-- runScenario -->
  <testcase classname="io.cucumber.testng.AbstractTestNGCucumberTests" name="runScenario" time="6.388"/>
  <testcase classname="io.cucumber.testng.AbstractTestNGCucumberTests" name="runScenario" time="0.602"/>
  <testcase classname="io.cucumber.testng.AbstractTestNGCucumberTests" name="runScenario" time="0.347"/>
  <testcase classname="io.cucumber.testng.AbstractTestNGCucumberTests" name="runScenario" time="0.574"/>
  <testcase classname="io.cucumber.testng.AbstractTestNGCucumberTests" name="runScenario" time="0.644"/>
  <testcase classname="io.cucumber.testng.AbstractTestNGCucumberTests" name="runScenario" time="0.574"/>
  <testcase classname="io.cucumber.testng.AbstractTestNGCucumberTests" name="runScenario" time="0.53"/>
  <testcase classname="io.cucumber.testng.AbstractTestNGCucumberTests" name="runScenario" time="0.525"/>
  <testcase classname="io.cucumber.testng.AbstractTestNGCucumberTests" name="runScenario" time="0.813"/>
  <testcase classname="io.cucumber.testng.AbstractTestNGCucumberTests" name="runScenario" time="0.504"/>
  <testcase classname="io.cucumber.testng.AbstractTestNGCucumberTests" name="runScenario" time="0.462"/>
  <testcase classname="io.cucumber.testng.AbstractTestNGCucumberTests" name="runScenario" time="0.542"/>
  <testcase classname="io.cucumber.testng.AbstractTestNGCucumberTests" name="runScenario" time="3.501"/>
  <testcase classname="io.cucumber.testng.AbstractTestNGCucumberTests" name="runScenario" time="5.598"/>
  <testcase classname="io.cucumber.testng.AbstractTestNGCucumberTests" name="runScenario" time="0.692"/>
  <testcase classname="io.cucumber.testng.AbstractTestNGCucumberTests" name="runScenario" time="0.722"/>
  <testcase classname="io.cucumber.testng.AbstractTestNGCucumberTests" name="runScenario" time="1.058"/>
  <testcase classname="io.cucumber.testng.AbstractTestNGCucumberTests" name="runScenario" time="1.068"/>
  <testcase classname="io.cucumber.testng.AbstractTestNGCucumberTests" name="runScenario" time="0.627"/>
  <testcase classname="io.cucumber.testng.AbstractTestNGCucumberTests" name="runScenario" time="0.661"/>
  <testcase classname="io.cucumber.testng.AbstractTestNGCucumberTests" name="runScenario" time="0.808"/>
  <testcase classname="io.cucumber.testng.AbstractTestNGCucumberTests" name="runScenario" time="0.918"/>
  <testcase classname="io.cucumber.testng.AbstractTestNGCucumberTests" name="runScenario" time="0.765"/>
  <testcase classname="io.cucumber.testng.AbstractTestNGCucumberTests" name="runScenario" time="1.524"/>
  <testcase classname="io.cucumber.testng.AbstractTestNGCucumberTests" name="runScenario" time="1.29"/>
  <testcase classname="io.cucumber.testng.AbstractTestNGCucumberTests" name="runScenario" time="1.091"/>
  <testcase classname="io.cucumber.testng.AbstractTestNGCucumberTests" name="runScenario" time="0.98"/>
  <testcase classname="io.cucumber.testng.AbstractTestNGCucumberTests" name="runScenario" time="0.951"/>
  <testcase classname="io.cucumber.testng.AbstractTestNGCucumberTests" name="runScenario" time="0.925"/>
  <testcase classname="io.cucumber.testng.AbstractTestNGCucumberTests" name="runScenario" time="0.782"/>
  <testcase classname="io.cucumber.testng.AbstractTestNGCucumberTests" name="runScenario" time="0.754"/>
  <testcase classname="io.cucumber.testng.AbstractTestNGCucumberTests" name="runScenario" time="0.686"/>
  <testcase classname="io.cucumber.testng.AbstractTestNGCucumberTests" name="runScenario" time="0.79"/>
  <testcase classname="io.cucumber.testng.AbstractTestNGCucumberTests" name="runScenario" time="1.144"/>
  <testcase classname="io.cucumber.testng.AbstractTestNGCucumberTests" name="runScenario" time="1.493"/>
  <testcase classname="io.cucumber.testng.AbstractTestNGCucumberTests" name="runScenario" time="1.719"/>
  <testcase classname="io.cucumber.testng.AbstractTestNGCucumberTests" name="runScenario" time="1.47"/>
  <testcase classname="io.cucumber.testng.AbstractTestNGCucumberTests" name="runScenario" time="1.515"/>
  <testcase classname="io.cucumber.testng.AbstractTestNGCucumberTests" name="runScenario" time="1.483"/>
  <testcase classname="io.cucumber.testng.AbstractTestNGCucumberTests" name="runScenario" time="1.457"/>
  <testcase classname="io.cucumber.testng.AbstractTestNGCucumberTests" name="runScenario" time="1.418"/>
  <testcase classname="io.cucumber.testng.AbstractTestNGCucumberTests" name="runScenario" time="1.478"/>
  <testcase classname="io.cucumber.testng.AbstractTestNGCucumberTests" name="runScenario" time="1.475"/>
  <testcase classname="io.cucumber.testng.AbstractTestNGCucumberTests" name="runScenario" time="1.425"/>
  <testcase classname="io.cucumber.testng.AbstractTestNGCucumberTests" name="runScenario" time="1.418"/>
  <testcase classname="io.cucumber.testng.AbstractTestNGCucumberTests" name="runScenario" time="1.471"/>
  <testcase classname="io.cucumber.testng.AbstractTestNGCucumberTests" name="runScenario" time="1.389"/>
  <testcase classname="io.cucumber.testng.AbstractTestNGCucumberTests" name="runScenario" time="0.459"/>
  <testcase classname="io.cucumber.testng.AbstractTestNGCucumberTests" name="runScenario" time="0.353">
    <failure type="java.lang.NullPointerException" message="Cannot invoke &amp;quot;org.openqa.selenium.WebDriver.findElement(org.openqa.selenium.By)&amp;quot; because &amp;quot;StepDefinition.Base.driver&amp;quot; is null">
      <![CDATA[java.lang.NullPointerException: Cannot invoke "org.openqa.selenium.WebDriver.findElement(org.openqa.selenium.By)" because "StepDefinition.Base.driver" is null
at StepDefinition.Base.the_user_clicks_on_tryhere_link(Base.java:144)
at ✽.The user clicks on Tryhere link(file:///C:/Users/shubh/eclipse-workspace/DS_AlgoProject/src/test/resources/features/5DataStructures.feature:18)
]]>
    </failure>
  </testcase> <!-- runScenario -->
  <testcase classname="io.cucumber.testng.AbstractTestNGCucumberTests" name="runScenario" time="0.377">
    <failure type="java.lang.NullPointerException" message="Cannot invoke &amp;quot;org.openqa.selenium.WebDriver.findElement(org.openqa.selenium.By)&amp;quot; because &amp;quot;StepDefinition.Base.driver&amp;quot; is null">
      <![CDATA[java.lang.NullPointerException: Cannot invoke "org.openqa.selenium.WebDriver.findElement(org.openqa.selenium.By)" because "StepDefinition.Base.driver" is null
at StepDefinition.Base.the_user_clicks_on_tryhere_link(Base.java:144)
at ✽.The user clicks on Tryhere link(file:///C:/Users/shubh/eclipse-workspace/DS_AlgoProject/src/test/resources/features/5DataStructures.feature:25)
]]>
    </failure>
  </testcase> <!-- runScenario -->
  <testcase classname="io.cucumber.testng.AbstractTestNGCucumberTests" name="runScenario" time="0.388">
    <failure type="java.lang.NullPointerException" message="Cannot invoke &amp;quot;org.openqa.selenium.WebDriver.findElement(org.openqa.selenium.By)&amp;quot; because &amp;quot;StepDefinition.Base.driver&amp;quot; is null">
      <![CDATA[java.lang.NullPointerException: Cannot invoke "org.openqa.selenium.WebDriver.findElement(org.openqa.selenium.By)" because "StepDefinition.Base.driver" is null
at StepDefinition.Base.the_user_clicks_on_tryhere_link(Base.java:144)
at ✽.The user clicks on Tryhere link(file:///C:/Users/shubh/eclipse-workspace/DS_AlgoProject/src/test/resources/features/5DataStructures.feature:36)
]]>
    </failure>
  </testcase> <!-- runScenario -->
  <testcase classname="io.cucumber.testng.AbstractTestNGCucumberTests" name="runScenario" time="0.455">
    <failure type="java.lang.NullPointerException" message="Cannot invoke &amp;quot;org.openqa.selenium.WebDriver.findElement(org.openqa.selenium.By)&amp;quot; because &amp;quot;StepDefinition.Base.driver&amp;quot; is null">
      <![CDATA[java.lang.NullPointerException: Cannot invoke "org.openqa.selenium.WebDriver.findElement(org.openqa.selenium.By)" because "StepDefinition.Base.driver" is null
at StepDefinition.Base.the_user_clicks_on_practice_questions(Base.java:178)
at ✽.The user clicks on Practice Questions link(file:///C:/Users/shubh/eclipse-workspace/DS_AlgoProject/src/test/resources/features/5DataStructures.feature:47)
]]>
    </failure>
  </testcase> <!-- runScenario -->
  <testcase classname="io.cucumber.testng.AbstractTestNGCucumberTests" name="runScenario" time="1.368"/>
  <testcase classname="io.cucumber.testng.AbstractTestNGCucumberTests" name="runScenario" time="1.724">
    <failure type="java.lang.NullPointerException" message="Cannot invoke &amp;quot;org.openqa.selenium.WebDriver.switchTo()&amp;quot; because &amp;quot;StepDefinition.Base.driver&amp;quot; is null">
      <![CDATA[java.lang.NullPointerException: Cannot invoke "org.openqa.selenium.WebDriver.switchTo()" because "StepDefinition.Base.driver" is null
at StepDefinition.Base.EnterCode(Base.java:134)
at StepDefinition.Arrays_page.when_the_user_enters_valid_code_in_code_editor(Arrays_page.java:90)
at ✽.The user enters valid code in code editor(file:///C:/Users/shubh/eclipse-workspace/DS_AlgoProject/src/test/resources/features/6Arrays.feature:18)
]]>
    </failure>
  </testcase> <!-- runScenario -->
  <testcase classname="io.cucumber.testng.AbstractTestNGCucumberTests" name="runScenario" time="1.141">
    <failure type="java.lang.NullPointerException" message="Cannot invoke &amp;quot;org.openqa.selenium.WebDriver.switchTo()&amp;quot; because &amp;quot;StepDefinition.Base.driver&amp;quot; is null">
      <![CDATA[java.lang.NullPointerException: Cannot invoke "org.openqa.selenium.WebDriver.switchTo()" because "StepDefinition.Base.driver" is null
at StepDefinition.Base.EnterCode(Base.java:134)
at StepDefinition.Arrays_page.the_user_enters_invalid_code_in_code_editor(Arrays_page.java:117)
at ✽.The user enters invalid code in code editor(file:///C:/Users/shubh/eclipse-workspace/DS_AlgoProject/src/test/resources/features/6Arrays.feature:27)
]]>
    </failure>
  </testcase> <!-- runScenario -->
  <testcase classname="io.cucumber.testng.AbstractTestNGCucumberTests" name="runScenario" time="0.668"/>
  <testcase classname="io.cucumber.testng.AbstractTestNGCucumberTests" name="runScenario" time="0.757"/>
  <testcase classname="io.cucumber.testng.AbstractTestNGCucumberTests" name="runScenario" time="1.107">
    <failure type="java.lang.NullPointerException" message="Cannot invoke &amp;quot;org.openqa.selenium.WebDriver.switchTo()&amp;quot; because &amp;quot;StepDefinition.Base.driver&amp;quot; is null">
      <![CDATA[java.lang.NullPointerException: Cannot invoke "org.openqa.selenium.WebDriver.switchTo()" because "StepDefinition.Base.driver" is null
at StepDefinition.Base.EnterCode(Base.java:134)
at StepDefinition.Arrays_page.when_the_user_enters_valid_code_in_code_editor(Arrays_page.java:90)
at ✽.The user enters valid code in code editor(file:///C:/Users/shubh/eclipse-workspace/DS_AlgoProject/src/test/resources/features/6Arrays.feature:48)
]]>
    </failure>
  </testcase> <!-- runScenario -->
  <testcase classname="io.cucumber.testng.AbstractTestNGCucumberTests" name="runScenario" time="1.262">
    <failure type="java.lang.NullPointerException" message="Cannot invoke &amp;quot;org.openqa.selenium.WebDriver.switchTo()&amp;quot; because &amp;quot;StepDefinition.Base.driver&amp;quot; is null">
      <![CDATA[java.lang.NullPointerException: Cannot invoke "org.openqa.selenium.WebDriver.switchTo()" because "StepDefinition.Base.driver" is null
at StepDefinition.Base.EnterCode(Base.java:134)
at StepDefinition.Arrays_page.the_user_enters_invalid_code_in_code_editor(Arrays_page.java:117)
at ✽.The user enters invalid code in code editor(file:///C:/Users/shubh/eclipse-workspace/DS_AlgoProject/src/test/resources/features/6Arrays.feature:57)
]]>
    </failure>
  </testcase> <!-- runScenario -->
  <testcase classname="io.cucumber.testng.AbstractTestNGCucumberTests" name="runScenario" time="0.635"/>
  <testcase classname="io.cucumber.testng.AbstractTestNGCucumberTests" name="runScenario" time="0.757"/>
  <testcase classname="io.cucumber.testng.AbstractTestNGCucumberTests" name="runScenario" time="1.016">
    <failure type="java.lang.NullPointerException" message="Cannot invoke &amp;quot;org.openqa.selenium.WebDriver.switchTo()&amp;quot; because &amp;quot;StepDefinition.Base.driver&amp;quot; is null">
      <![CDATA[java.lang.NullPointerException: Cannot invoke "org.openqa.selenium.WebDriver.switchTo()" because "StepDefinition.Base.driver" is null
at StepDefinition.Base.EnterCode(Base.java:134)
at StepDefinition.Arrays_page.when_the_user_enters_valid_code_in_code_editor(Arrays_page.java:90)
at ✽.The user enters valid code in code editor(file:///C:/Users/shubh/eclipse-workspace/DS_AlgoProject/src/test/resources/features/6Arrays.feature:77)
]]>
    </failure>
  </testcase> <!-- runScenario -->
  <testcase classname="io.cucumber.testng.AbstractTestNGCucumberTests" name="runScenario" time="1.085">
    <failure type="java.lang.NullPointerException" message="Cannot invoke &amp;quot;org.openqa.selenium.WebDriver.switchTo()&amp;quot; because &amp;quot;StepDefinition.Base.driver&amp;quot; is null">
      <![CDATA[java.lang.NullPointerException: Cannot invoke "org.openqa.selenium.WebDriver.switchTo()" because "StepDefinition.Base.driver" is null
at StepDefinition.Base.EnterCode(Base.java:134)
at StepDefinition.Arrays_page.the_user_enters_invalid_code_in_code_editor(Arrays_page.java:117)
at ✽.The user enters invalid code in code editor(file:///C:/Users/shubh/eclipse-workspace/DS_AlgoProject/src/test/resources/features/6Arrays.feature:86)
]]>
    </failure>
  </testcase> <!-- runScenario -->
  <testcase classname="io.cucumber.testng.AbstractTestNGCucumberTests" name="runScenario" time="0.7"/>
  <testcase classname="io.cucumber.testng.AbstractTestNGCucumberTests" name="runScenario" time="0.749"/>
  <testcase classname="io.cucumber.testng.AbstractTestNGCucumberTests" name="runScenario" time="1.264">
    <failure type="java.lang.NullPointerException" message="Cannot invoke &amp;quot;org.openqa.selenium.WebDriver.switchTo()&amp;quot; because &amp;quot;StepDefinition.Base.driver&amp;quot; is null">
      <![CDATA[java.lang.NullPointerException: Cannot invoke "org.openqa.selenium.WebDriver.switchTo()" because "StepDefinition.Base.driver" is null
at StepDefinition.Base.EnterCode(Base.java:134)
at StepDefinition.Arrays_page.when_the_user_enters_valid_code_in_code_editor(Arrays_page.java:90)
at ✽.The user enters valid code in code editor(file:///C:/Users/shubh/eclipse-workspace/DS_AlgoProject/src/test/resources/features/6Arrays.feature:106)
]]>
    </failure>
  </testcase> <!-- runScenario -->
  <testcase classname="io.cucumber.testng.AbstractTestNGCucumberTests" name="runScenario" time="1.088">
    <failure type="java.lang.NullPointerException" message="Cannot invoke &amp;quot;org.openqa.selenium.WebDriver.switchTo()&amp;quot; because &amp;quot;StepDefinition.Base.driver&amp;quot; is null">
      <![CDATA[java.lang.NullPointerException: Cannot invoke "org.openqa.selenium.WebDriver.switchTo()" because "StepDefinition.Base.driver" is null
at StepDefinition.Base.EnterCode(Base.java:134)
at StepDefinition.Arrays_page.the_user_enters_invalid_code_in_code_editor(Arrays_page.java:117)
at ✽.The user enters invalid code in code editor(file:///C:/Users/shubh/eclipse-workspace/DS_AlgoProject/src/test/resources/features/6Arrays.feature:115)
]]>
    </failure>
  </testcase> <!-- runScenario -->
  <testcase classname="io.cucumber.testng.AbstractTestNGCucumberTests" name="runScenario" time="0.699"/>
  <testcase classname="io.cucumber.testng.AbstractTestNGCucumberTests" name="runScenario" time="0.992">
    <failure type="java.lang.NullPointerException" message="Cannot invoke &amp;quot;org.openqa.selenium.WebDriver.switchTo()&amp;quot; because &amp;quot;StepDefinition.Base.driver&amp;quot; is null">
      <![CDATA[java.lang.NullPointerException: Cannot invoke "org.openqa.selenium.WebDriver.switchTo()" because "StepDefinition.Base.driver" is null
at StepDefinition.Base.EnterCode(Base.java:134)
at StepDefinition.Arrays_page.when_the_user_enters_valid_code_in_code_editor(Arrays_page.java:90)
at ✽.The user enters valid code in code editor(file:///C:/Users/shubh/eclipse-workspace/DS_AlgoProject/src/test/resources/features/6Arrays.feature:130)
]]>
    </failure>
  </testcase> <!-- runScenario -->
  <testcase classname="io.cucumber.testng.AbstractTestNGCucumberTests" name="runScenario" time="1.103">
    <failure type="java.lang.NullPointerException" message="Cannot invoke &amp;quot;org.openqa.selenium.WebDriver.switchTo()&amp;quot; because &amp;quot;StepDefinition.Base.driver&amp;quot; is null">
      <![CDATA[java.lang.NullPointerException: Cannot invoke "org.openqa.selenium.WebDriver.switchTo()" because "StepDefinition.Base.driver" is null
at StepDefinition.Base.EnterCode(Base.java:134)
at StepDefinition.Arrays_page.when_the_user_enters_valid_code_in_code_editor(Arrays_page.java:90)
at ✽.The user enters valid code in code editor(file:///C:/Users/shubh/eclipse-workspace/DS_AlgoProject/src/test/resources/features/6Arrays.feature:141)
]]>
    </failure>
  </testcase> <!-- runScenario -->
  <testcase classname="io.cucumber.testng.AbstractTestNGCucumberTests" name="runScenario" time="0.99">
    <failure type="java.lang.NullPointerException" message="Cannot invoke &amp;quot;org.openqa.selenium.WebDriver.switchTo()&amp;quot; because &amp;quot;StepDefinition.Base.driver&amp;quot; is null">
      <![CDATA[java.lang.NullPointerException: Cannot invoke "org.openqa.selenium.WebDriver.switchTo()" because "StepDefinition.Base.driver" is null
at StepDefinition.Base.EnterCode(Base.java:134)
at StepDefinition.Arrays_page.when_the_user_enters_valid_code_in_code_editor(Arrays_page.java:90)
at ✽.The user enters valid code in code editor(file:///C:/Users/shubh/eclipse-workspace/DS_AlgoProject/src/test/resources/features/6Arrays.feature:152)
]]>
    </failure>
  </testcase> <!-- runScenario -->
  <testcase classname="io.cucumber.testng.AbstractTestNGCucumberTests" name="runScenario" time="0.938">
    <failure type="java.lang.NullPointerException" message="Cannot invoke &amp;quot;org.openqa.selenium.WebDriver.switchTo()&amp;quot; because &amp;quot;StepDefinition.Base.driver&amp;quot; is null">
      <![CDATA[java.lang.NullPointerException: Cannot invoke "org.openqa.selenium.WebDriver.switchTo()" because "StepDefinition.Base.driver" is null
at StepDefinition.Base.EnterCode(Base.java:134)
at StepDefinition.Arrays_page.when_the_user_enters_valid_code_in_code_editor(Arrays_page.java:90)
at ✽.The user enters valid code in code editor(file:///C:/Users/shubh/eclipse-workspace/DS_AlgoProject/src/test/resources/features/6Arrays.feature:163)
]]>
    </failure>
  </testcase> <!-- runScenario -->
  <testcase classname="io.cucumber.testng.AbstractTestNGCucumberTests" name="runScenario" time="0.808"/>
  <testcase classname="io.cucumber.testng.AbstractTestNGCucumberTests" name="runScenario" time="1.0">
    <failure type="java.lang.NullPointerException" message="Cannot invoke &amp;quot;org.openqa.selenium.WebDriver.switchTo()&amp;quot; because &amp;quot;StepDefinition.Base.driver&amp;quot; is null">
      <![CDATA[java.lang.NullPointerException: Cannot invoke "org.openqa.selenium.WebDriver.switchTo()" because "StepDefinition.Base.driver" is null
at StepDefinition.Base.EnterCode(Base.java:134)
at StepDefinition.Linked_List.the_user_enters_valid_code_in_linked_list_code_editor(Linked_List.java:52)
at ✽.The user enters valid code in Linked List code editor(file:///C:/Users/shubh/eclipse-workspace/DS_AlgoProject/src/test/resources/features/7Linked_List.feature:18)
]]>
    </failure>
  </testcase> <!-- runScenario -->
  <testcase classname="io.cucumber.testng.AbstractTestNGCucumberTests" name="runScenario" time="0.976">
    <failure type="java.lang.NullPointerException" message="Cannot invoke &amp;quot;org.openqa.selenium.WebDriver.switchTo()&amp;quot; because &amp;quot;StepDefinition.Base.driver&amp;quot; is null">
      <![CDATA[java.lang.NullPointerException: Cannot invoke "org.openqa.selenium.WebDriver.switchTo()" because "StepDefinition.Base.driver" is null
at StepDefinition.Base.EnterCode(Base.java:134)
at StepDefinition.Linked_List.the_user_enters_invalid_code_linked_list_in_code_editor(Linked_List.java:59)
at ✽.The user enters invalid code in Linked List code editor(file:///C:/Users/shubh/eclipse-workspace/DS_AlgoProject/src/test/resources/features/7Linked_List.feature:27)
]]>
    </failure>
  </testcase> <!-- runScenario -->
  <testcase classname="io.cucumber.testng.AbstractTestNGCucumberTests" name="runScenario" time="0.729"/>
  <testcase classname="io.cucumber.testng.AbstractTestNGCucumberTests" name="runScenario" time="0.774"/>
  <testcase classname="io.cucumber.testng.AbstractTestNGCucumberTests" name="runScenario" time="1.4">
    <failure type="java.lang.NullPointerException" message="Cannot invoke &amp;quot;org.openqa.selenium.WebDriver.switchTo()&amp;quot; because &amp;quot;StepDefinition.Base.driver&amp;quot; is null">
      <![CDATA[java.lang.NullPointerException: Cannot invoke "org.openqa.selenium.WebDriver.switchTo()" because "StepDefinition.Base.driver" is null
at StepDefinition.Base.EnterCode(Base.java:134)
at StepDefinition.Linked_List.the_user_enters_valid_code_in_linked_list_code_editor(Linked_List.java:52)
at ✽.The user enters valid code in Linked List code editor(file:///C:/Users/shubh/eclipse-workspace/DS_AlgoProject/src/test/resources/features/7Linked_List.feature:49)
]]>
    </failure>
  </testcase> <!-- runScenario -->
  <testcase classname="io.cucumber.testng.AbstractTestNGCucumberTests" name="runScenario" time="0.962">
    <failure type="java.lang.NullPointerException" message="Cannot invoke &amp;quot;org.openqa.selenium.WebDriver.switchTo()&amp;quot; because &amp;quot;StepDefinition.Base.driver&amp;quot; is null">
      <![CDATA[java.lang.NullPointerException: Cannot invoke "org.openqa.selenium.WebDriver.switchTo()" because "StepDefinition.Base.driver" is null
at StepDefinition.Base.EnterCode(Base.java:134)
at StepDefinition.Linked_List.the_user_enters_invalid_code_linked_list_in_code_editor(Linked_List.java:59)
at ✽.The user enters invalid code in Linked List code editor(file:///C:/Users/shubh/eclipse-workspace/DS_AlgoProject/src/test/resources/features/7Linked_List.feature:61)
]]>
    </failure>
  </testcase> <!-- runScenario -->
  <testcase classname="io.cucumber.testng.AbstractTestNGCucumberTests" name="runScenario" time="0.861"/>
  <testcase classname="io.cucumber.testng.AbstractTestNGCucumberTests" name="runScenario" time="0.916"/>
  <testcase classname="io.cucumber.testng.AbstractTestNGCucumberTests" name="runScenario" time="0.99">
    <failure type="java.lang.NullPointerException" message="Cannot invoke &amp;quot;org.openqa.selenium.WebDriver.switchTo()&amp;quot; because &amp;quot;StepDefinition.Base.driver&amp;quot; is null">
      <![CDATA[java.lang.NullPointerException: Cannot invoke "org.openqa.selenium.WebDriver.switchTo()" because "StepDefinition.Base.driver" is null
at StepDefinition.Base.EnterCode(Base.java:134)
at StepDefinition.Linked_List.the_user_enters_valid_code_in_linked_list_code_editor(Linked_List.java:52)
at ✽.The user enters valid code in Linked List code editor(file:///C:/Users/shubh/eclipse-workspace/DS_AlgoProject/src/test/resources/features/7Linked_List.feature:83)
]]>
    </failure>
  </testcase> <!-- runScenario -->
  <testcase classname="io.cucumber.testng.AbstractTestNGCucumberTests" name="runScenario" time="0.806"/>
  <testcase classname="io.cucumber.testng.AbstractTestNGCucumberTests" name="runScenario" time="0.737"/>
  <testcase classname="io.cucumber.testng.AbstractTestNGCucumberTests" name="runScenario" time="0.923">
    <failure type="java.lang.NullPointerException" message="Cannot invoke &amp;quot;org.openqa.selenium.WebDriver.switchTo()&amp;quot; because &amp;quot;StepDefinition.Base.driver&amp;quot; is null">
      <![CDATA[java.lang.NullPointerException: Cannot invoke "org.openqa.selenium.WebDriver.switchTo()" because "StepDefinition.Base.driver" is null
at StepDefinition.Base.EnterCode(Base.java:134)
at StepDefinition.Linked_List.the_user_enters_valid_code_in_linked_list_code_editor(Linked_List.java:52)
at ✽.The user enters valid code in Linked List code editor(file:///C:/Users/shubh/eclipse-workspace/DS_AlgoProject/src/test/resources/features/7Linked_List.feature:108)
]]>
    </failure>
  </testcase> <!-- runScenario -->
  <testcase classname="io.cucumber.testng.AbstractTestNGCucumberTests" name="runScenario" time="0.798"/>
  <testcase classname="io.cucumber.testng.AbstractTestNGCucumberTests" name="runScenario" time="0.725"/>
  <testcase classname="io.cucumber.testng.AbstractTestNGCucumberTests" name="runScenario" time="0.943">
    <failure type="java.lang.NullPointerException" message="Cannot invoke &amp;quot;org.openqa.selenium.WebDriver.switchTo()&amp;quot; because &amp;quot;StepDefinition.Base.driver&amp;quot; is null">
      <![CDATA[java.lang.NullPointerException: Cannot invoke "org.openqa.selenium.WebDriver.switchTo()" because "StepDefinition.Base.driver" is null
at StepDefinition.Base.EnterCode(Base.java:134)
at StepDefinition.Linked_List.the_user_enters_valid_code_in_linked_list_code_editor(Linked_List.java:52)
at ✽.The user enters valid code in Linked List code editor(file:///C:/Users/shubh/eclipse-workspace/DS_AlgoProject/src/test/resources/features/7Linked_List.feature:133)
]]>
    </failure>
  </testcase> <!-- runScenario -->
  <testcase classname="io.cucumber.testng.AbstractTestNGCucumberTests" name="runScenario" time="0.808"/>
  <testcase classname="io.cucumber.testng.AbstractTestNGCucumberTests" name="runScenario" time="0.831"/>
  <testcase classname="io.cucumber.testng.AbstractTestNGCucumberTests" name="runScenario" time="1.121">
    <failure type="java.lang.NullPointerException" message="Cannot invoke &amp;quot;org.openqa.selenium.WebDriver.switchTo()&amp;quot; because &amp;quot;StepDefinition.Base.driver&amp;quot; is null">
      <![CDATA[java.lang.NullPointerException: Cannot invoke "org.openqa.selenium.WebDriver.switchTo()" because "StepDefinition.Base.driver" is null
at StepDefinition.Base.EnterCode(Base.java:134)
at StepDefinition.Linked_List.the_user_enters_valid_code_in_linked_list_code_editor(Linked_List.java:52)
at ✽.The user enters valid code in Linked List code editor(file:///C:/Users/shubh/eclipse-workspace/DS_AlgoProject/src/test/resources/features/7Linked_List.feature:158)
]]>
    </failure>
  </testcase> <!-- runScenario -->
  <testcase classname="io.cucumber.testng.AbstractTestNGCucumberTests" name="runScenario" time="0.808"/>
  <testcase classname="io.cucumber.testng.AbstractTestNGCucumberTests" name="runScenario" time="0.833"/>
  <testcase classname="io.cucumber.testng.AbstractTestNGCucumberTests" name="runScenario" time="1.058">
    <failure type="java.lang.NullPointerException" message="Cannot invoke &amp;quot;org.openqa.selenium.WebDriver.switchTo()&amp;quot; because &amp;quot;StepDefinition.Base.driver&amp;quot; is null">
      <![CDATA[java.lang.NullPointerException: Cannot invoke "org.openqa.selenium.WebDriver.switchTo()" because "StepDefinition.Base.driver" is null
at StepDefinition.Base.EnterCode(Base.java:134)
at StepDefinition.Linked_List.the_user_enters_valid_code_in_linked_list_code_editor(Linked_List.java:52)
at ✽.The user enters valid code in Linked List code editor(file:///C:/Users/shubh/eclipse-workspace/DS_AlgoProject/src/test/resources/features/7Linked_List.feature:183)
]]>
    </failure>
  </testcase> <!-- runScenario -->
  <testcase classname="io.cucumber.testng.AbstractTestNGCucumberTests" name="runScenario" time="0.857"/>
  <testcase classname="io.cucumber.testng.AbstractTestNGCucumberTests" name="runScenario" time="0.482"/>
  <testcase classname="io.cucumber.testng.AbstractTestNGCucumberTests" name="runScenario" time="0.359">
    <failure type="java.lang.NullPointerException" message="Cannot invoke &amp;quot;org.openqa.selenium.WebDriver.findElement(org.openqa.selenium.By)&amp;quot; because &amp;quot;StepDefinition.Base.driver&amp;quot; is null">
      <![CDATA[java.lang.NullPointerException: Cannot invoke "org.openqa.selenium.WebDriver.findElement(org.openqa.selenium.By)" because "StepDefinition.Base.driver" is null
at StepDefinition.Base.the_user_clicks_on_tryhere_link(Base.java:144)
at ✽.The user clicks on Tryhere link(file:///C:/Users/shubh/eclipse-workspace/DS_AlgoProject/src/test/resources/features/8Stack.feature:17)
]]>
    </failure>
  </testcase> <!-- runScenario -->
  <testcase classname="io.cucumber.testng.AbstractTestNGCucumberTests" name="runScenario" time="0.372">
    <failure type="java.lang.NullPointerException" message="Cannot invoke &amp;quot;org.openqa.selenium.WebDriver.findElement(org.openqa.selenium.By)&amp;quot; because &amp;quot;StepDefinition.Base.driver&amp;quot; is null">
      <![CDATA[java.lang.NullPointerException: Cannot invoke "org.openqa.selenium.WebDriver.findElement(org.openqa.selenium.By)" because "StepDefinition.Base.driver" is null
at StepDefinition.Base.the_user_clicks_on_tryhere_link(Base.java:144)
at ✽.The user clicks on Tryhere link(file:///C:/Users/shubh/eclipse-workspace/DS_AlgoProject/src/test/resources/features/8Stack.feature:24)
]]>
    </failure>
  </testcase> <!-- runScenario -->
  <testcase classname="io.cucumber.testng.AbstractTestNGCucumberTests" name="runScenario" time="0.401">
    <failure type="java.lang.NullPointerException" message="Cannot invoke &amp;quot;org.openqa.selenium.WebDriver.findElement(org.openqa.selenium.By)&amp;quot; because &amp;quot;StepDefinition.Base.driver&amp;quot; is null">
      <![CDATA[java.lang.NullPointerException: Cannot invoke "org.openqa.selenium.WebDriver.findElement(org.openqa.selenium.By)" because "StepDefinition.Base.driver" is null
at StepDefinition.Base.the_user_clicks_on_tryhere_link(Base.java:144)
at ✽.The user clicks on Tryhere link(file:///C:/Users/shubh/eclipse-workspace/DS_AlgoProject/src/test/resources/features/8Stack.feature:35)
]]>
    </failure>
  </testcase> <!-- runScenario -->
  <testcase classname="io.cucumber.testng.AbstractTestNGCucumberTests" name="runScenario" time="0.467"/>
  <testcase classname="io.cucumber.testng.AbstractTestNGCucumberTests" name="runScenario" time="0.39">
    <failure type="java.lang.NullPointerException" message="Cannot invoke &amp;quot;org.openqa.selenium.WebDriver.findElement(org.openqa.selenium.By)&amp;quot; because &amp;quot;StepDefinition.Base.driver&amp;quot; is null">
      <![CDATA[java.lang.NullPointerException: Cannot invoke "org.openqa.selenium.WebDriver.findElement(org.openqa.selenium.By)" because "StepDefinition.Base.driver" is null
at StepDefinition.Base.the_user_clicks_on_tryhere_link(Base.java:144)
at ✽.The user clicks on Tryhere link(file:///C:/Users/shubh/eclipse-workspace/DS_AlgoProject/src/test/resources/features/8Stack.feature:51)
]]>
    </failure>
  </testcase> <!-- runScenario -->
  <testcase classname="io.cucumber.testng.AbstractTestNGCucumberTests" name="runScenario" time="0.415">
    <failure type="java.lang.NullPointerException" message="Cannot invoke &amp;quot;org.openqa.selenium.WebDriver.findElement(org.openqa.selenium.By)&amp;quot; because &amp;quot;StepDefinition.Base.driver&amp;quot; is null">
      <![CDATA[java.lang.NullPointerException: Cannot invoke "org.openqa.selenium.WebDriver.findElement(org.openqa.selenium.By)" because "StepDefinition.Base.driver" is null
at StepDefinition.Base.the_user_clicks_on_tryhere_link(Base.java:144)
at ✽.The user clicks on Tryhere link(file:///C:/Users/shubh/eclipse-workspace/DS_AlgoProject/src/test/resources/features/8Stack.feature:59)
]]>
    </failure>
  </testcase> <!-- runScenario -->
  <testcase classname="io.cucumber.testng.AbstractTestNGCucumberTests" name="runScenario" time="0.435">
    <failure type="java.lang.NullPointerException" message="Cannot invoke &amp;quot;org.openqa.selenium.WebDriver.findElement(org.openqa.selenium.By)&amp;quot; because &amp;quot;StepDefinition.Base.driver&amp;quot; is null">
      <![CDATA[java.lang.NullPointerException: Cannot invoke "org.openqa.selenium.WebDriver.findElement(org.openqa.selenium.By)" because "StepDefinition.Base.driver" is null
at StepDefinition.Base.the_user_clicks_on_tryhere_link(Base.java:144)
at ✽.The user clicks on Tryhere link(file:///C:/Users/shubh/eclipse-workspace/DS_AlgoProject/src/test/resources/features/8Stack.feature:69)
]]>
    </failure>
  </testcase> <!-- runScenario -->
  <testcase classname="io.cucumber.testng.AbstractTestNGCucumberTests" name="runScenario" time="0.474"/>
  <testcase classname="io.cucumber.testng.AbstractTestNGCucumberTests" name="runScenario" time="0.374">
    <failure type="java.lang.NullPointerException" message="Cannot invoke &amp;quot;org.openqa.selenium.WebDriver.findElement(org.openqa.selenium.By)&amp;quot; because &amp;quot;StepDefinition.Base.driver&amp;quot; is null">
      <![CDATA[java.lang.NullPointerException: Cannot invoke "org.openqa.selenium.WebDriver.findElement(org.openqa.selenium.By)" because "StepDefinition.Base.driver" is null
at StepDefinition.Base.the_user_clicks_on_tryhere_link(Base.java:144)
at ✽.The user clicks on Tryhere link(file:///C:/Users/shubh/eclipse-workspace/DS_AlgoProject/src/test/resources/features/9Queue.feature:17)
]]>
    </failure>
  </testcase> <!-- runScenario -->
  <testcase classname="io.cucumber.testng.AbstractTestNGCucumberTests" name="runScenario" time="0.407">
    <failure type="java.lang.NullPointerException" message="Cannot invoke &amp;quot;org.openqa.selenium.WebDriver.findElement(org.openqa.selenium.By)&amp;quot; because &amp;quot;StepDefinition.Base.driver&amp;quot; is null">
      <![CDATA[java.lang.NullPointerException: Cannot invoke "org.openqa.selenium.WebDriver.findElement(org.openqa.selenium.By)" because "StepDefinition.Base.driver" is null
at StepDefinition.Base.the_user_clicks_on_tryhere_link(Base.java:144)
at ✽.The user clicks on Tryhere link(file:///C:/Users/shubh/eclipse-workspace/DS_AlgoProject/src/test/resources/features/9Queue.feature:24)
]]>
    </failure>
  </testcase> <!-- runScenario -->
  <testcase classname="io.cucumber.testng.AbstractTestNGCucumberTests" name="runScenario" time="0.391">
    <failure type="java.lang.NullPointerException" message="Cannot invoke &amp;quot;org.openqa.selenium.WebDriver.findElement(org.openqa.selenium.By)&amp;quot; because &amp;quot;StepDefinition.Base.driver&amp;quot; is null">
      <![CDATA[java.lang.NullPointerException: Cannot invoke "org.openqa.selenium.WebDriver.findElement(org.openqa.selenium.By)" because "StepDefinition.Base.driver" is null
at StepDefinition.Base.the_user_clicks_on_tryhere_link(Base.java:144)
at ✽.The user clicks on Tryhere link(file:///C:/Users/shubh/eclipse-workspace/DS_AlgoProject/src/test/resources/features/9Queue.feature:35)
]]>
    </failure>
  </testcase> <!-- runScenario -->
  <testcase classname="io.cucumber.testng.AbstractTestNGCucumberTests" name="runScenario" time="0.504"/>
  <testcase classname="io.cucumber.testng.AbstractTestNGCucumberTests" name="runScenario" time="0.367">
    <failure type="java.lang.NullPointerException" message="Cannot invoke &amp;quot;org.openqa.selenium.WebDriver.findElement(org.openqa.selenium.By)&amp;quot; because &amp;quot;StepDefinition.Base.driver&amp;quot; is null">
      <![CDATA[java.lang.NullPointerException: Cannot invoke "org.openqa.selenium.WebDriver.findElement(org.openqa.selenium.By)" because "StepDefinition.Base.driver" is null
at StepDefinition.Base.the_user_clicks_on_tryhere_link(Base.java:144)
at ✽.The user clicks on Tryhere link(file:///C:/Users/shubh/eclipse-workspace/DS_AlgoProject/src/test/resources/features/9Queue.feature:51)
]]>
    </failure>
  </testcase> <!-- runScenario -->
  <testcase classname="io.cucumber.testng.AbstractTestNGCucumberTests" name="runScenario" time="0.4">
    <failure type="java.lang.NullPointerException" message="Cannot invoke &amp;quot;org.openqa.selenium.WebDriver.findElement(org.openqa.selenium.By)&amp;quot; because &amp;quot;StepDefinition.Base.driver&amp;quot; is null">
      <![CDATA[java.lang.NullPointerException: Cannot invoke "org.openqa.selenium.WebDriver.findElement(org.openqa.selenium.By)" because "StepDefinition.Base.driver" is null
at StepDefinition.Base.the_user_clicks_on_tryhere_link(Base.java:144)
at ✽.The user clicks on Tryhere link(file:///C:/Users/shubh/eclipse-workspace/DS_AlgoProject/src/test/resources/features/9Queue.feature:59)
]]>
    </failure>
  </testcase> <!-- runScenario -->
  <testcase classname="io.cucumber.testng.AbstractTestNGCucumberTests" name="runScenario" time="0.429">
    <failure type="java.lang.NullPointerException" message="Cannot invoke &amp;quot;org.openqa.selenium.WebDriver.findElement(org.openqa.selenium.By)&amp;quot; because &amp;quot;StepDefinition.Base.driver&amp;quot; is null">
      <![CDATA[java.lang.NullPointerException: Cannot invoke "org.openqa.selenium.WebDriver.findElement(org.openqa.selenium.By)" because "StepDefinition.Base.driver" is null
at StepDefinition.Base.the_user_clicks_on_tryhere_link(Base.java:144)
at ✽.The user clicks on Tryhere link(file:///C:/Users/shubh/eclipse-workspace/DS_AlgoProject/src/test/resources/features/9Queue.feature:69)
]]>
    </failure>
  </testcase> <!-- runScenario -->
</testsuite> <!-- Default test -->
