<!DOCTYPE html PUBLIC "-//W3C//DTD XHTML 1.1//EN" "https://www.w3.org/TR/xhtml11/DTD/xhtml11.dtd">
<html xmlns="https://www.w3.org/1999/xhtml">
<head>
<meta http-equiv="content-type" content="text/html; charset=UTF-8"/>
<title>TestNG Report</title>
<style type="text/css">table {margin-bottom:10px;border-collapse:collapse;empty-cells:show}th,td {border:1px solid #009;padding:.25em .5em}th {vertical-align:bottom}td {vertical-align:top}table a {font-weight:bold}.stripe td {background-color: #E6EBF9}.num {text-align:right}.passedodd td {background-color: #3F3}.passedeven td {background-color: #0A0}.skippedodd td {background-color: #DDD}.skippedeven td {background-color: #CCC}.failedodd td,.attn {background-color: #F33}.failedeven td,.stripe .attn {background-color: #D00}.stacktrace {white-space:pre;font-family:monospace}.totop {font-size:85%;text-align:center;border-bottom:2px solid #000}.invisible {display:none}</style>
</head>
<body>
<table>
<tr><th>Test</th><th># Passed</th><th># Skipped</th><th># Retried</th><th># Failed</th><th>Time (ms)</th><th>Included Groups</th><th>Excluded Groups</th></tr>
<tr><th colspan="8">Default suite</th></tr>
<tr><td><a href="#t0">Default test</a></td><td class="num">74</td><td class="num">0</td><td class="num">0</td><td class="num attn">56</td><td class="num">111,927</td><td></td><td></td></tr>
</table>
<table id='summary'><thead><tr><th>Class</th><th>Method</th><th>Start</th><th>Time (ms)</th></tr></thead><tbody><tr><th colspan="4">Default suite</th></tr></tbody><tbody id="t0"><tr><th colspan="4">Default test &#8212; failed</th></tr><tr class="failedeven"><td rowspan="56">Runner.TestRunner</td><td><a href="#m0">runScenario</a></td><td rowspan="56">1680108999770</td><td rowspan="56">22</td></tr><tr class="failedeven"><td><a href="#m1">runScenario</a></td></tr><tr class="failedeven"><td><a href="#m2">runScenario</a></td></tr><tr class="failedeven"><td><a href="#m3">runScenario</a></td></tr><tr class="failedeven"><td><a href="#m4">runScenario</a></td></tr><tr class="failedeven"><td><a href="#m5">runScenario</a></td></tr><tr class="failedeven"><td><a href="#m6">runScenario</a></td></tr><tr class="failedeven"><td><a href="#m7">runScenario</a></td></tr><tr class="failedeven"><td><a href="#m8">runScenario</a></td></tr><tr class="failedeven"><td><a href="#m9">runScenario</a></td></tr><tr class="failedeven"><td><a href="#m10">runScenario</a></td></tr><tr class="failedeven"><td><a href="#m11">runScenario</a></td></tr><tr class="failedeven"><td><a href="#m12">runScenario</a></td></tr><tr class="failedeven"><td><a href="#m13">runScenario</a></td></tr><tr class="failedeven"><td><a href="#m14">runScenario</a></td></tr><tr class="failedeven"><td><a href="#m15">runScenario</a></td></tr><tr class="failedeven"><td><a href="#m16">runScenario</a></td></tr><tr class="failedeven"><td><a href="#m17">runScenario</a></td></tr><tr class="failedeven"><td><a href="#m18">runScenario</a></td></tr><tr class="failedeven"><td><a href="#m19">runScenario</a></td></tr><tr class="failedeven"><td><a href="#m20">runScenario</a></td></tr><tr class="failedeven"><td><a href="#m21">runScenario</a></td></tr><tr class="failedeven"><td><a href="#m22">runScenario</a></td></tr><tr class="failedeven"><td><a href="#m23">runScenario</a></td></tr><tr class="failedeven"><td><a href="#m24">runScenario</a></td></tr><tr class="failedeven"><td><a href="#m25">runScenario</a></td></tr><tr class="failedeven"><td><a href="#m26">runScenario</a></td></tr><tr class="failedeven"><td><a href="#m27">runScenario</a></td></tr><tr class="failedeven"><td><a href="#m28">runScenario</a></td></tr><tr class="failedeven"><td><a href="#m29">runScenario</a></td></tr><tr class="failedeven"><td><a href="#m30">runScenario</a></td></tr><tr class="failedeven"><td><a href="#m31">runScenario</a></td></tr><tr class="failedeven"><td><a href="#m32">runScenario</a></td></tr><tr class="failedeven"><td><a href="#m33">runScenario</a></td></tr><tr class="failedeven"><td><a href="#m34">runScenario</a></td></tr><tr class="failedeven"><td><a href="#m35">runScenario</a></td></tr><tr class="failedeven"><td><a href="#m36">runScenario</a></td></tr><tr class="failedeven"><td><a href="#m37">runScenario</a></td></tr><tr class="failedeven"><td><a href="#m38">runScenario</a></td></tr><tr class="failedeven"><td><a href="#m39">runScenario</a></td></tr><tr class="failedeven"><td><a href="#m40">runScenario</a></td></tr><tr class="failedeven"><td><a href="#m41">runScenario</a></td></tr><tr class="failedeven"><td><a href="#m42">runScenario</a></td></tr><tr class="failedeven"><td><a href="#m43">runScenario</a></td></tr><tr class="failedeven"><td><a href="#m44">runScenario</a></td></tr><tr class="failedeven"><td><a href="#m45">runScenario</a></td></tr><tr class="failedeven"><td><a href="#m46">runScenario</a></td></tr><tr class="failedeven"><td><a href="#m47">runScenario</a></td></tr><tr class="failedeven"><td><a href="#m48">runScenario</a></td></tr><tr class="failedeven"><td><a href="#m49">runScenario</a></td></tr><tr class="failedeven"><td><a href="#m50">runScenario</a></td></tr><tr class="failedeven"><td><a href="#m51">runScenario</a></td></tr><tr class="failedeven"><td><a href="#m52">runScenario</a></td></tr><tr class="failedeven"><td><a href="#m53">runScenario</a></td></tr><tr class="failedeven"><td><a href="#m54">runScenario</a></td></tr><tr class="failedeven"><td><a href="#m55">runScenario</a></td></tr><tr><th colspan="4">Default test &#8212; passed</th></tr><tr class="passedeven"><td rowspan="74">Runner.TestRunner</td><td><a href="#m56">runScenario</a></td><td rowspan="74">1680109011214</td><td rowspan="74">504</td></tr><tr class="passedeven"><td><a href="#m57">runScenario</a></td></tr><tr class="passedeven"><td><a href="#m58">runScenario</a></td></tr><tr class="passedeven"><td><a href="#m59">runScenario</a></td></tr><tr class="passedeven"><td><a href="#m60">runScenario</a></td></tr><tr class="passedeven"><td><a href="#m61">runScenario</a></td></tr><tr class="passedeven"><td><a href="#m62">runScenario</a></td></tr><tr class="passedeven"><td><a href="#m63">runScenario</a></td></tr><tr class="passedeven"><td><a href="#m64">runScenario</a></td></tr><tr class="passedeven"><td><a href="#m65">runScenario</a></td></tr><tr class="passedeven"><td><a href="#m66">runScenario</a></td></tr><tr class="passedeven"><td><a href="#m67">runScenario</a></td></tr><tr class="passedeven"><td><a href="#m68">runScenario</a></td></tr><tr class="passedeven"><td><a href="#m69">runScenario</a></td></tr><tr class="passedeven"><td><a href="#m70">runScenario</a></td></tr><tr class="passedeven"><td><a href="#m71">runScenario</a></td></tr><tr class="passedeven"><td><a href="#m72">runScenario</a></td></tr><tr class="passedeven"><td><a href="#m73">runScenario</a></td></tr><tr class="passedeven"><td><a href="#m74">runScenario</a></td></tr><tr class="passedeven"><td><a href="#m75">runScenario</a></td></tr><tr class="passedeven"><td><a href="#m76">runScenario</a></td></tr><tr class="passedeven"><td><a href="#m77">runScenario</a></td></tr><tr class="passedeven"><td><a href="#m78">runScenario</a></td></tr><tr class="passedeven"><td><a href="#m79">runScenario</a></td></tr><tr class="passedeven"><td><a href="#m80">runScenario</a></td></tr><tr class="passedeven"><td><a href="#m81">runScenario</a></td></tr><tr class="passedeven"><td><a href="#m82">runScenario</a></td></tr><tr class="passedeven"><td><a href="#m83">runScenario</a></td></tr><tr class="passedeven"><td><a href="#m84">runScenario</a></td></tr><tr class="passedeven"><td><a href="#m85">runScenario</a></td></tr><tr class="passedeven"><td><a href="#m86">runScenario</a></td></tr><tr class="passedeven"><td><a href="#m87">runScenario</a></td></tr><tr class="passedeven"><td><a href="#m88">runScenario</a></td></tr><tr class="passedeven"><td><a href="#m89">runScenario</a></td></tr><tr class="passedeven"><td><a href="#m90">runScenario</a></td></tr><tr class="passedeven"><td><a href="#m91">runScenario</a></td></tr><tr class="passedeven"><td><a href="#m92">runScenario</a></td></tr><tr class="passedeven"><td><a href="#m93">runScenario</a></td></tr><tr class="passedeven"><td><a href="#m94">runScenario</a></td></tr><tr class="passedeven"><td><a href="#m95">runScenario</a></td></tr><tr class="passedeven"><td><a href="#m96">runScenario</a></td></tr><tr class="passedeven"><td><a href="#m97">runScenario</a></td></tr><tr class="passedeven"><td><a href="#m98">runScenario</a></td></tr><tr class="passedeven"><td><a href="#m99">runScenario</a></td></tr><tr class="passedeven"><td><a href="#m100">runScenario</a></td></tr><tr class="passedeven"><td><a href="#m101">runScenario</a></td></tr><tr class="passedeven"><td><a href="#m102">runScenario</a></td></tr><tr class="passedeven"><td><a href="#m103">runScenario</a></td></tr><tr class="passedeven"><td><a href="#m104">runScenario</a></td></tr><tr class="passedeven"><td><a href="#m105">runScenario</a></td></tr><tr class="passedeven"><td><a href="#m106">runScenario</a></td></tr><tr class="passedeven"><td><a href="#m107">runScenario</a></td></tr><tr class="passedeven"><td><a href="#m108">runScenario</a></td></tr><tr class="passedeven"><td><a href="#m109">runScenario</a></td></tr><tr class="passedeven"><td><a href="#m110">runScenario</a></td></tr><tr class="passedeven"><td><a href="#m111">runScenario</a></td></tr><tr class="passedeven"><td><a href="#m112">runScenario</a></td></tr><tr class="passedeven"><td><a href="#m113">runScenario</a></td></tr><tr class="passedeven"><td><a href="#m114">runScenario</a></td></tr><tr class="passedeven"><td><a href="#m115">runScenario</a></td></tr><tr class="passedeven"><td><a href="#m116">runScenario</a></td></tr><tr class="passedeven"><td><a href="#m117">runScenario</a></td></tr><tr class="passedeven"><td><a href="#m118">runScenario</a></td></tr><tr class="passedeven"><td><a href="#m119">runScenario</a></td></tr><tr class="passedeven"><td><a href="#m120">runScenario</a></td></tr><tr class="passedeven"><td><a href="#m121">runScenario</a></td></tr><tr class="passedeven"><td><a href="#m122">runScenario</a></td></tr><tr class="passedeven"><td><a href="#m123">runScenario</a></td></tr><tr class="passedeven"><td><a href="#m124">runScenario</a></td></tr><tr class="passedeven"><td><a href="#m125">runScenario</a></td></tr><tr class="passedeven"><td><a href="#m126">runScenario</a></td></tr><tr class="passedeven"><td><a href="#m127">runScenario</a></td></tr><tr class="passedeven"><td><a href="#m128">runScenario</a></td></tr><tr class="passedeven"><td><a href="#m129">runScenario</a></td></tr></tbody>
</table>
<h2>Default test</h2><h3 id="m0">Runner.TestRunner#runScenario</h3><table class="result"><tr class="param"><th>Parameter #1</th><th>Parameter #2</th></tr><tr class="param stripe"><td>&quot;The user is able to run code in Editor for Graph page&quot;</td><td>&quot;graph&quot;</td></tr><tr><th colspan="2">Exception</th></tr><tr><td colspan="2"><div class="stacktrace">java.lang.NullPointerException: Cannot invoke &quot;org.openqa.selenium.WebDriver.get(String)&quot; because &quot;StepDefinition.Graph.driver&quot; is null
	at StepDefinition.Graph.the_user_is_on_graph_home_page(Graph.java:39)
	at ✽.The user is on graph home page(file:///C:/Users/shubh/eclipse-workspace/DS_AlgoProject/src/test/resources/features/11Graph.feature:7)
</div></td></tr></table><p class="totop"><a href="#summary">back to summary</a></p>
<h3 id="m1">Runner.TestRunner#runScenario</h3><table class="result"><tr class="param"><th>Parameter #1</th><th>Parameter #2</th></tr><tr class="param stripe"><td>&quot;The user is able to Run valid and invalid code in editor page from Types of Linked List page&quot;</td><td>&quot;Test Linked List page in ds_algo portal&quot;</td></tr><tr><th colspan="2">Exception</th></tr><tr><td colspan="2"><div class="stacktrace">java.lang.NullPointerException: Cannot invoke &quot;org.openqa.selenium.WebDriver.switchTo()&quot; because &quot;StepDefinition.Base.driver&quot; is null
	at StepDefinition.Base.EnterCode(Base.java:134)
	at StepDefinition.Linked_List.the_user_enters_valid_code_in_linked_list_code_editor(Linked_List.java:52)
	at ✽.The user enters valid code in Linked List code editor(file:///C:/Users/shubh/eclipse-workspace/DS_AlgoProject/src/test/resources/features/7Linked_List.feature:83)
</div></td></tr></table><p class="totop"><a href="#summary">back to summary</a></p>
<h3 id="m2">Runner.TestRunner#runScenario</h3><table class="result"><tr class="param"><th>Parameter #1</th><th>Parameter #2</th></tr><tr class="param stripe"><td>&quot;The user should be directed to editor page with run button to test python code&quot;</td><td>&quot;Queue&quot;</td></tr><tr><th colspan="2">Exception</th></tr><tr><td colspan="2"><div class="stacktrace">java.lang.NullPointerException: Cannot invoke &quot;org.openqa.selenium.WebDriver.findElement(org.openqa.selenium.By)&quot; because &quot;StepDefinition.Base.driver&quot; is null
	at StepDefinition.Base.the_user_clicks_on_tryhere_link(Base.java:144)
	at ✽.The user clicks on Tryhere link(file:///C:/Users/shubh/eclipse-workspace/DS_AlgoProject/src/test/resources/features/9Queue.feature:17)
</div></td></tr></table><p class="totop"><a href="#summary">back to summary</a></p>
<h3 id="m3">Runner.TestRunner#runScenario</h3><table class="result"><tr class="param"><th>Parameter #1</th><th>Parameter #2</th></tr><tr class="param stripe"><td>&quot;The user is able to run code in Editor for Implementation page&quot;</td><td>&quot;Stack&quot;</td></tr><tr><th colspan="2">Exception</th></tr><tr><td colspan="2"><div class="stacktrace">java.lang.NullPointerException: Cannot invoke &quot;org.openqa.selenium.WebDriver.findElement(org.openqa.selenium.By)&quot; because &quot;StepDefinition.Base.driver&quot; is null
	at StepDefinition.Base.the_user_clicks_on_tryhere_link(Base.java:144)
	at ✽.The user clicks on Tryhere link(file:///C:/Users/shubh/eclipse-workspace/DS_AlgoProject/src/test/resources/features/8Stack.feature:59)
</div></td></tr></table><p class="totop"><a href="#summary">back to summary</a></p>
<h3 id="m4">Runner.TestRunner#runScenario</h3><table class="result"><tr class="param"><th>Parameter #1</th><th>Parameter #2</th></tr><tr class="param stripe"><td>&quot;Test Practice questions Squares of a Sorted Array page and run code&quot;</td><td>&quot;Test Arrays page in ds_algo portal&quot;</td></tr><tr><th colspan="2">Exception</th></tr><tr><td colspan="2"><div class="stacktrace">java.lang.NullPointerException: Cannot invoke &quot;org.openqa.selenium.WebDriver.switchTo()&quot; because &quot;StepDefinition.Base.driver&quot; is null
	at StepDefinition.Base.EnterCode(Base.java:134)
	at StepDefinition.Arrays_page.when_the_user_enters_valid_code_in_code_editor(Arrays_page.java:90)
	at ✽.The user enters valid code in code editor(file:///C:/Users/shubh/eclipse-workspace/DS_AlgoProject/src/test/resources/features/6Arrays.feature:163)
</div></td></tr></table><p class="totop"><a href="#summary">back to summary</a></p>
<h3 id="m5">Runner.TestRunner#runScenario</h3><table class="result"><tr class="param"><th>Parameter #1</th><th>Parameter #2</th></tr><tr class="param stripe"><td>&quot;The user is able to Run invalid code in editor page from Creating Linked List page&quot;</td><td>&quot;Test Linked List page in ds_algo portal&quot;</td></tr><tr><th colspan="2">Exception</th></tr><tr><td colspan="2"><div class="stacktrace">java.lang.NullPointerException: Cannot invoke &quot;org.openqa.selenium.WebDriver.switchTo()&quot; because &quot;StepDefinition.Base.driver&quot; is null
	at StepDefinition.Base.EnterCode(Base.java:134)
	at StepDefinition.Linked_List.the_user_enters_invalid_code_linked_list_in_code_editor(Linked_List.java:59)
	at ✽.The user enters invalid code in Linked List code editor(file:///C:/Users/shubh/eclipse-workspace/DS_AlgoProject/src/test/resources/features/7Linked_List.feature:61)
</div></td></tr></table><p class="totop"><a href="#summary">back to summary</a></p>
<h3 id="m6">Runner.TestRunner#runScenario</h3><table class="result"><tr class="param"><th>Parameter #1</th><th>Parameter #2</th></tr><tr class="param stripe"><td>&quot;The user is presented with error message for invalid code in Editor for stack page&quot;</td><td>&quot;Stack&quot;</td></tr><tr><th colspan="2">Exception</th></tr><tr><td colspan="2"><div class="stacktrace">java.lang.NullPointerException: Cannot invoke &quot;org.openqa.selenium.WebDriver.findElement(org.openqa.selenium.By)&quot; because &quot;StepDefinition.Base.driver&quot; is null
	at StepDefinition.Base.the_user_clicks_on_tryhere_link(Base.java:144)
	at ✽.The user clicks on Tryhere link(file:///C:/Users/shubh/eclipse-workspace/DS_AlgoProject/src/test/resources/features/8Stack.feature:35)
</div></td></tr></table><p class="totop"><a href="#summary">back to summary</a></p>
<h3 id="m7">Runner.TestRunner#runScenario</h3><table class="result"><tr class="param"><th>Parameter #1</th><th>Parameter #2</th></tr><tr class="param stripe"><td>&quot;Test Practice questions Search the Array page and run code&quot;</td><td>&quot;Test Arrays page in ds_algo portal&quot;</td></tr><tr><th colspan="2">Exception</th></tr><tr><td colspan="2"><div class="stacktrace">java.lang.NullPointerException: Cannot invoke &quot;org.openqa.selenium.WebDriver.switchTo()&quot; because &quot;StepDefinition.Base.driver&quot; is null
	at StepDefinition.Base.EnterCode(Base.java:134)
	at StepDefinition.Arrays_page.when_the_user_enters_valid_code_in_code_editor(Arrays_page.java:90)
	at ✽.The user enters valid code in code editor(file:///C:/Users/shubh/eclipse-workspace/DS_AlgoProject/src/test/resources/features/6Arrays.feature:130)
</div></td></tr></table><p class="totop"><a href="#summary">back to summary</a></p>
<h3 id="m8">Runner.TestRunner#runScenario</h3><table class="result"><tr class="param"><th>Parameter #1</th><th>Parameter #2</th></tr><tr class="param stripe"><td>&quot;The user is able to run code in Editor for time complexity page&quot;</td><td>&quot;DataStructures&quot;</td></tr><tr><th colspan="2">Exception</th></tr><tr><td colspan="2"><div class="stacktrace">java.lang.NullPointerException: Cannot invoke &quot;org.openqa.selenium.WebDriver.findElement(org.openqa.selenium.By)&quot; because &quot;StepDefinition.Base.driver&quot; is null
	at StepDefinition.Base.the_user_clicks_on_tryhere_link(Base.java:144)
	at ✽.The user clicks on Tryhere link(file:///C:/Users/shubh/eclipse-workspace/DS_AlgoProject/src/test/resources/features/5DataStructures.feature:25)
</div></td></tr></table><p class="totop"><a href="#summary">back to summary</a></p>
<h3 id="m9">Runner.TestRunner#runScenario</h3><table class="result"><tr class="param"><th>Parameter #1</th><th>Parameter #2</th></tr><tr class="param stripe"><td>&quot;The user is presented with error message for invalid code in Editor for Implementation page&quot;</td><td>&quot;Stack&quot;</td></tr><tr><th colspan="2">Exception</th></tr><tr><td colspan="2"><div class="stacktrace">java.lang.NullPointerException: Cannot invoke &quot;org.openqa.selenium.WebDriver.findElement(org.openqa.selenium.By)&quot; because &quot;StepDefinition.Base.driver&quot; is null
	at StepDefinition.Base.the_user_clicks_on_tryhere_link(Base.java:144)
	at ✽.The user clicks on Tryhere link(file:///C:/Users/shubh/eclipse-workspace/DS_AlgoProject/src/test/resources/features/8Stack.feature:69)
</div></td></tr></table><p class="totop"><a href="#summary">back to summary</a></p>
<h3 id="m10">Runner.TestRunner#runScenario</h3><table class="result"><tr class="param"><th>Parameter #1</th><th>Parameter #2</th></tr><tr class="param stripe"><td>&quot;The user should be directed to editor page with run button to test python code from Graph Representations page&quot;</td><td>&quot;graph&quot;</td></tr><tr><th colspan="2">Exception</th></tr><tr><td colspan="2"><div class="stacktrace">java.lang.NullPointerException: Cannot invoke &quot;org.openqa.selenium.WebDriver.get(String)&quot; because &quot;StepDefinition.Graph.driver&quot; is null
	at StepDefinition.Graph.the_user_is_on_graph_home_page(Graph.java:39)
	at ✽.The user is on graph home page(file:///C:/Users/shubh/eclipse-workspace/DS_AlgoProject/src/test/resources/features/11Graph.feature:7)
</div></td></tr></table><p class="totop"><a href="#summary">back to summary</a></p>
<h3 id="m11">Runner.TestRunner#runScenario</h3><table class="result"><tr class="param"><th>Parameter #1</th><th>Parameter #2</th></tr><tr class="param stripe"><td>&quot;The user is presented with error message for invalid code in Editor for queue page&quot;</td><td>&quot;Queue&quot;</td></tr><tr><th colspan="2">Exception</th></tr><tr><td colspan="2"><div class="stacktrace">java.lang.NullPointerException: Cannot invoke &quot;org.openqa.selenium.WebDriver.findElement(org.openqa.selenium.By)&quot; because &quot;StepDefinition.Base.driver&quot; is null
	at StepDefinition.Base.the_user_clicks_on_tryhere_link(Base.java:144)
	at ✽.The user clicks on Tryhere link(file:///C:/Users/shubh/eclipse-workspace/DS_AlgoProject/src/test/resources/features/9Queue.feature:35)
</div></td></tr></table><p class="totop"><a href="#summary">back to summary</a></p>
<h3 id="m12">Runner.TestRunner#runScenario</h3><table class="result"><tr class="param"><th>Parameter #1</th><th>Parameter #2</th></tr><tr class="param stripe"><td>&quot;The user is able to Run valid code in editor page from Arrays Using List page&quot;</td><td>&quot;Test Arrays page in ds_algo portal&quot;</td></tr><tr><th colspan="2">Exception</th></tr><tr><td colspan="2"><div class="stacktrace">java.lang.NullPointerException: Cannot invoke &quot;org.openqa.selenium.WebDriver.switchTo()&quot; because &quot;StepDefinition.Base.driver&quot; is null
	at StepDefinition.Base.EnterCode(Base.java:134)
	at StepDefinition.Arrays_page.when_the_user_enters_valid_code_in_code_editor(Arrays_page.java:90)
	at ✽.The user enters valid code in code editor(file:///C:/Users/shubh/eclipse-workspace/DS_AlgoProject/src/test/resources/features/6Arrays.feature:48)
</div></td></tr></table><p class="totop"><a href="#summary">back to summary</a></p>
<h3 id="m13">Runner.TestRunner#runScenario</h3><table class="result"><tr class="param"><th>Parameter #1</th><th>Parameter #2</th></tr><tr class="param stripe"><td>&quot;The user should be directed to editor page with run button to test python code&quot;</td><td>&quot;DataStructures&quot;</td></tr><tr><th colspan="2">Exception</th></tr><tr><td colspan="2"><div class="stacktrace">java.lang.NullPointerException: Cannot invoke &quot;org.openqa.selenium.WebDriver.findElement(org.openqa.selenium.By)&quot; because &quot;StepDefinition.Base.driver&quot; is null
	at StepDefinition.Base.the_user_clicks_on_tryhere_link(Base.java:144)
	at ✽.The user clicks on Tryhere link(file:///C:/Users/shubh/eclipse-workspace/DS_AlgoProject/src/test/resources/features/5DataStructures.feature:18)
</div></td></tr></table><p class="totop"><a href="#summary">back to summary</a></p>
<h3 id="m14">Runner.TestRunner#runScenario</h3><table class="result"><tr class="param"><th>Parameter #1</th><th>Parameter #2</th></tr><tr class="param stripe"><td>&quot;The user is able to Run valid and invalid code in editor page from Insertion page&quot;</td><td>&quot;Test Linked List page in ds_algo portal&quot;</td></tr><tr><th colspan="2">Exception</th></tr><tr><td colspan="2"><div class="stacktrace">java.lang.NullPointerException: Cannot invoke &quot;org.openqa.selenium.WebDriver.switchTo()&quot; because &quot;StepDefinition.Base.driver&quot; is null
	at StepDefinition.Base.EnterCode(Base.java:134)
	at StepDefinition.Linked_List.the_user_enters_valid_code_in_linked_list_code_editor(Linked_List.java:52)
	at ✽.The user enters valid code in Linked List code editor(file:///C:/Users/shubh/eclipse-workspace/DS_AlgoProject/src/test/resources/features/7Linked_List.feature:158)
</div></td></tr></table><p class="totop"><a href="#summary">back to summary</a></p>
<h3 id="m15">Runner.TestRunner#runScenario</h3><table class="result"><tr class="param"><th>Parameter #1</th><th>Parameter #2</th></tr><tr class="param stripe"><td>&quot;The user should be directed to editor page with run button to test python code&quot;</td><td>&quot;Tree&quot;</td></tr><tr><th colspan="2">Exception</th></tr><tr><td colspan="2"><div class="stacktrace">java.lang.NullPointerException: Cannot invoke &quot;org.openqa.selenium.WebDriver.get(String)&quot; because &quot;StepDefinition.Tree.driver&quot; is null
	at StepDefinition.Tree.the_user_is_on_tree_home_page(Tree.java:52)
	at ✽.The user is on tree home page(file:///C:/Users/shubh/eclipse-workspace/DS_AlgoProject/src/test/resources/features/10Tree.feature:7)
</div></td></tr></table><p class="totop"><a href="#summary">back to summary</a></p>
<h3 id="m16">Runner.TestRunner#runScenario</h3><table class="result"><tr class="param"><th>Parameter #1</th><th>Parameter #2</th></tr><tr class="param stripe"><td>&quot;The user is able to Run invalid code in editor page from Introduction page&quot;</td><td>&quot;Test Linked List page in ds_algo portal&quot;</td></tr><tr><th colspan="2">Exception</th></tr><tr><td colspan="2"><div class="stacktrace">java.lang.NullPointerException: Cannot invoke &quot;org.openqa.selenium.WebDriver.switchTo()&quot; because &quot;StepDefinition.Base.driver&quot; is null
	at StepDefinition.Base.EnterCode(Base.java:134)
	at StepDefinition.Linked_List.the_user_enters_invalid_code_linked_list_in_code_editor(Linked_List.java:59)
	at ✽.The user enters invalid code in Linked List code editor(file:///C:/Users/shubh/eclipse-workspace/DS_AlgoProject/src/test/resources/features/7Linked_List.feature:27)
</div></td></tr></table><p class="totop"><a href="#summary">back to summary</a></p>
<h3 id="m17">Runner.TestRunner#runScenario</h3><table class="result"><tr class="param"><th>Parameter #1</th><th>Parameter #2</th></tr><tr class="param stripe"><td>&quot;The user is able to navigate to practice questions page&quot;</td><td>&quot;Tree&quot;</td></tr><tr><th colspan="2">Exception</th></tr><tr><td colspan="2"><div class="stacktrace">java.lang.NullPointerException: Cannot invoke &quot;org.openqa.selenium.WebDriver.get(String)&quot; because &quot;StepDefinition.Tree.driver&quot; is null
	at StepDefinition.Tree.the_user_is_on_tree_home_page(Tree.java:52)
	at ✽.The user is on tree home page(file:///C:/Users/shubh/eclipse-workspace/DS_AlgoProject/src/test/resources/features/10Tree.feature:7)
</div></td></tr></table><p class="totop"><a href="#summary">back to summary</a></p>
<h3 id="m18">Runner.TestRunner#runScenario</h3><table class="result"><tr class="param"><th>Parameter #1</th><th>Parameter #2</th></tr><tr class="param stripe"><td>&quot;The user is able to Run valid code in editor page from Introduction page&quot;</td><td>&quot;Test Linked List page in ds_algo portal&quot;</td></tr><tr><th colspan="2">Exception</th></tr><tr><td colspan="2"><div class="stacktrace">java.lang.NullPointerException: Cannot invoke &quot;org.openqa.selenium.WebDriver.switchTo()&quot; because &quot;StepDefinition.Base.driver&quot; is null
	at StepDefinition.Base.EnterCode(Base.java:134)
	at StepDefinition.Linked_List.the_user_enters_valid_code_in_linked_list_code_editor(Linked_List.java:52)
	at ✽.The user enters valid code in Linked List code editor(file:///C:/Users/shubh/eclipse-workspace/DS_AlgoProject/src/test/resources/features/7Linked_List.feature:18)
</div></td></tr></table><p class="totop"><a href="#summary">back to summary</a></p>
<h3 id="m19">Runner.TestRunner#runScenario</h3><table class="result"><tr class="param"><th>Parameter #1</th><th>Parameter #2</th></tr><tr class="param stripe"><td>&quot;The user is able to navigate to Graph page&quot;</td><td>&quot;graph&quot;</td></tr><tr><th colspan="2">Exception</th></tr><tr><td colspan="2"><div class="stacktrace">java.lang.NullPointerException: Cannot invoke &quot;org.openqa.selenium.WebDriver.get(String)&quot; because &quot;StepDefinition.Graph.driver&quot; is null
	at StepDefinition.Graph.the_user_is_on_graph_home_page(Graph.java:39)
	at ✽.The user is on graph home page(file:///C:/Users/shubh/eclipse-workspace/DS_AlgoProject/src/test/resources/features/11Graph.feature:7)
</div></td></tr></table><p class="totop"><a href="#summary">back to summary</a></p>
<h3 id="m20">Runner.TestRunner#runScenario</h3><table class="result"><tr class="param"><th>Parameter #1</th><th>Parameter #2</th></tr><tr class="param stripe"><td>&quot;The user is able to Run valid code in editor page from Arrays in Python page&quot;</td><td>&quot;Test Arrays page in ds_algo portal&quot;</td></tr><tr><th colspan="2">Exception</th></tr><tr><td colspan="2"><div class="stacktrace">java.lang.NullPointerException: Cannot invoke &quot;org.openqa.selenium.WebDriver.switchTo()&quot; because &quot;StepDefinition.Base.driver&quot; is null
	at StepDefinition.Base.EnterCode(Base.java:134)
	at StepDefinition.Arrays_page.when_the_user_enters_valid_code_in_code_editor(Arrays_page.java:90)
	at ✽.The user enters valid code in code editor(file:///C:/Users/shubh/eclipse-workspace/DS_AlgoProject/src/test/resources/features/6Arrays.feature:18)
</div></td></tr></table><p class="totop"><a href="#summary">back to summary</a></p>
<h3 id="m21">Runner.TestRunner#runScenario</h3><table class="result"><tr class="param"><th>Parameter #1</th><th>Parameter #2</th></tr><tr class="param stripe"><td>&quot;The user should be directed to editor page with run button to test python code from Implementation using collections.deque  page&quot;</td><td>&quot;Queue&quot;</td></tr><tr><th colspan="2">Exception</th></tr><tr><td colspan="2"><div class="stacktrace">java.lang.NullPointerException: Cannot invoke &quot;org.openqa.selenium.WebDriver.findElement(org.openqa.selenium.By)&quot; because &quot;StepDefinition.Base.driver&quot; is null
	at StepDefinition.Base.the_user_clicks_on_tryhere_link(Base.java:144)
	at ✽.The user clicks on Tryhere link(file:///C:/Users/shubh/eclipse-workspace/DS_AlgoProject/src/test/resources/features/9Queue.feature:51)
</div></td></tr></table><p class="totop"><a href="#summary">back to summary</a></p>
<h3 id="m22">Runner.TestRunner#runScenario</h3><table class="result"><tr class="param"><th>Parameter #1</th><th>Parameter #2</th></tr><tr class="param stripe"><td>&quot;The user is able to run code in Editor for Graph Representations page&quot;</td><td>&quot;graph&quot;</td></tr><tr><th colspan="2">Exception</th></tr><tr><td colspan="2"><div class="stacktrace">java.lang.NullPointerException: Cannot invoke &quot;org.openqa.selenium.WebDriver.get(String)&quot; because &quot;StepDefinition.Graph.driver&quot; is null
	at StepDefinition.Graph.the_user_is_on_graph_home_page(Graph.java:39)
	at ✽.The user is on graph home page(file:///C:/Users/shubh/eclipse-workspace/DS_AlgoProject/src/test/resources/features/11Graph.feature:7)
</div></td></tr></table><p class="totop"><a href="#summary">back to summary</a></p>
<h3 id="m23">Runner.TestRunner#runScenario</h3><table class="result"><tr class="param"><th>Parameter #1</th><th>Parameter #2</th></tr><tr class="param stripe"><td>&quot;The user is able to Run valid code in editor page from Applications of Array page&quot;</td><td>&quot;Test Arrays page in ds_algo portal&quot;</td></tr><tr><th colspan="2">Exception</th></tr><tr><td colspan="2"><div class="stacktrace">java.lang.NullPointerException: Cannot invoke &quot;org.openqa.selenium.WebDriver.switchTo()&quot; because &quot;StepDefinition.Base.driver&quot; is null
	at StepDefinition.Base.EnterCode(Base.java:134)
	at StepDefinition.Arrays_page.when_the_user_enters_valid_code_in_code_editor(Arrays_page.java:90)
	at ✽.The user enters valid code in code editor(file:///C:/Users/shubh/eclipse-workspace/DS_AlgoProject/src/test/resources/features/6Arrays.feature:106)
</div></td></tr></table><p class="totop"><a href="#summary">back to summary</a></p>
<h3 id="m24">Runner.TestRunner#runScenario</h3><table class="result"><tr class="param"><th>Parameter #1</th><th>Parameter #2</th></tr><tr class="param stripe"><td>&quot;The user is able to run code in Editor for queue page&quot;</td><td>&quot;Queue&quot;</td></tr><tr><th colspan="2">Exception</th></tr><tr><td colspan="2"><div class="stacktrace">java.lang.NullPointerException: Cannot invoke &quot;org.openqa.selenium.WebDriver.findElement(org.openqa.selenium.By)&quot; because &quot;StepDefinition.Base.driver&quot; is null
	at StepDefinition.Base.the_user_clicks_on_tryhere_link(Base.java:144)
	at ✽.The user clicks on Tryhere link(file:///C:/Users/shubh/eclipse-workspace/DS_AlgoProject/src/test/resources/features/9Queue.feature:24)
</div></td></tr></table><p class="totop"><a href="#summary">back to summary</a></p>
<h3 id="m25">Runner.TestRunner#runScenario</h3><table class="result"><tr class="param"><th>Parameter #1</th><th>Parameter #2</th></tr><tr class="param stripe"><td>&quot;The user should be directed to editor page with run button to test python code&quot;</td><td>&quot;Tree&quot;</td></tr><tr><th colspan="2">Exception</th></tr><tr><td colspan="2"><div class="stacktrace">java.lang.NullPointerException: Cannot invoke &quot;org.openqa.selenium.WebDriver.get(String)&quot; because &quot;StepDefinition.Tree.driver&quot; is null
	at StepDefinition.Tree.the_user_is_on_tree_home_page(Tree.java:52)
	at ✽.The user is on tree home page(file:///C:/Users/shubh/eclipse-workspace/DS_AlgoProject/src/test/resources/features/10Tree.feature:7)
</div></td></tr></table><p class="totop"><a href="#summary">back to summary</a></p>
<h3 id="m26">Runner.TestRunner#runScenario</h3><table class="result"><tr class="param"><th>Parameter #1</th><th>Parameter #2</th></tr><tr class="param stripe"><td>&quot;The user is able to Run valid code in editor page from Creating Linked List page&quot;</td><td>&quot;Test Linked List page in ds_algo portal&quot;</td></tr><tr><th colspan="2">Exception</th></tr><tr><td colspan="2"><div class="stacktrace">java.lang.NullPointerException: Cannot invoke &quot;org.openqa.selenium.WebDriver.switchTo()&quot; because &quot;StepDefinition.Base.driver&quot; is null
	at StepDefinition.Base.EnterCode(Base.java:134)
	at StepDefinition.Linked_List.the_user_enters_valid_code_in_linked_list_code_editor(Linked_List.java:52)
	at ✽.The user enters valid code in Linked List code editor(file:///C:/Users/shubh/eclipse-workspace/DS_AlgoProject/src/test/resources/features/7Linked_List.feature:49)
</div></td></tr></table><p class="totop"><a href="#summary">back to summary</a></p>
<h3 id="m27">Runner.TestRunner#runScenario</h3><table class="result"><tr class="param"><th>Parameter #1</th><th>Parameter #2</th></tr><tr class="param stripe"><td>&quot;The user is able to Run invalid code in editor page from Arrays Using List page&quot;</td><td>&quot;Test Arrays page in ds_algo portal&quot;</td></tr><tr><th colspan="2">Exception</th></tr><tr><td colspan="2"><div class="stacktrace">java.lang.NullPointerException: Cannot invoke &quot;org.openqa.selenium.WebDriver.switchTo()&quot; because &quot;StepDefinition.Base.driver&quot; is null
	at StepDefinition.Base.EnterCode(Base.java:134)
	at StepDefinition.Arrays_page.the_user_enters_invalid_code_in_code_editor(Arrays_page.java:117)
	at ✽.The user enters invalid code in code editor(file:///C:/Users/shubh/eclipse-workspace/DS_AlgoProject/src/test/resources/features/6Arrays.feature:57)
</div></td></tr></table><p class="totop"><a href="#summary">back to summary</a></p>
<h3 id="m28">Runner.TestRunner#runScenario</h3><table class="result"><tr class="param"><th>Parameter #1</th><th>Parameter #2</th></tr><tr class="param stripe"><td>&quot;The user is able to Run invalid code in editor page from Applications of Array page&quot;</td><td>&quot;Test Arrays page in ds_algo portal&quot;</td></tr><tr><th colspan="2">Exception</th></tr><tr><td colspan="2"><div class="stacktrace">java.lang.NullPointerException: Cannot invoke &quot;org.openqa.selenium.WebDriver.switchTo()&quot; because &quot;StepDefinition.Base.driver&quot; is null
	at StepDefinition.Base.EnterCode(Base.java:134)
	at StepDefinition.Arrays_page.the_user_enters_invalid_code_in_code_editor(Arrays_page.java:117)
	at ✽.The user enters invalid code in code editor(file:///C:/Users/shubh/eclipse-workspace/DS_AlgoProject/src/test/resources/features/6Arrays.feature:115)
</div></td></tr></table><p class="totop"><a href="#summary">back to summary</a></p>
<h3 id="m29">Runner.TestRunner#runScenario</h3><table class="result"><tr class="param"><th>Parameter #1</th><th>Parameter #2</th></tr><tr class="param stripe"><td>&quot;The user is presented with error message for invalid code in Editor for Graph Representations page&quot;</td><td>&quot;graph&quot;</td></tr><tr><th colspan="2">Exception</th></tr><tr><td colspan="2"><div class="stacktrace">java.lang.NullPointerException: Cannot invoke &quot;org.openqa.selenium.WebDriver.get(String)&quot; because &quot;StepDefinition.Graph.driver&quot; is null
	at StepDefinition.Graph.the_user_is_on_graph_home_page(Graph.java:39)
	at ✽.The user is on graph home page(file:///C:/Users/shubh/eclipse-workspace/DS_AlgoProject/src/test/resources/features/11Graph.feature:7)
</div></td></tr></table><p class="totop"><a href="#summary">back to summary</a></p>
<h3 id="m30">Runner.TestRunner#runScenario</h3><table class="result"><tr class="param"><th>Parameter #1</th><th>Parameter #2</th></tr><tr class="param stripe"><td>&quot;The user is able to Run invalid code in editor page from Basic Operations in List page&quot;</td><td>&quot;Test Arrays page in ds_algo portal&quot;</td></tr><tr><th colspan="2">Exception</th></tr><tr><td colspan="2"><div class="stacktrace">java.lang.NullPointerException: Cannot invoke &quot;org.openqa.selenium.WebDriver.switchTo()&quot; because &quot;StepDefinition.Base.driver&quot; is null
	at StepDefinition.Base.EnterCode(Base.java:134)
	at StepDefinition.Arrays_page.the_user_enters_invalid_code_in_code_editor(Arrays_page.java:117)
	at ✽.The user enters invalid code in code editor(file:///C:/Users/shubh/eclipse-workspace/DS_AlgoProject/src/test/resources/features/6Arrays.feature:86)
</div></td></tr></table><p class="totop"><a href="#summary">back to summary</a></p>
<h3 id="m31">Runner.TestRunner#runScenario</h3><table class="result"><tr class="param"><th>Parameter #1</th><th>Parameter #2</th></tr><tr class="param stripe"><td>&quot;The user is presented with error message for invalid code in Editor for terminologies page&quot;</td><td>&quot;Tree&quot;</td></tr><tr><th colspan="2">Exception</th></tr><tr><td colspan="2"><div class="stacktrace">java.lang.NullPointerException: Cannot invoke &quot;org.openqa.selenium.WebDriver.get(String)&quot; because &quot;StepDefinition.Tree.driver&quot; is null
	at StepDefinition.Tree.the_user_is_on_tree_home_page(Tree.java:52)
	at ✽.The user is on tree home page(file:///C:/Users/shubh/eclipse-workspace/DS_AlgoProject/src/test/resources/features/10Tree.feature:7)
</div></td></tr></table><p class="totop"><a href="#summary">back to summary</a></p>
<h3 id="m32">Runner.TestRunner#runScenario</h3><table class="result"><tr class="param"><th>Parameter #1</th><th>Parameter #2</th></tr><tr class="param stripe"><td>&quot;The user is able to navigate to practice questions page&quot;</td><td>&quot;DataStructures&quot;</td></tr><tr><th colspan="2">Exception</th></tr><tr><td colspan="2"><div class="stacktrace">java.lang.NullPointerException: Cannot invoke &quot;org.openqa.selenium.WebDriver.findElement(org.openqa.selenium.By)&quot; because &quot;StepDefinition.Base.driver&quot; is null
	at StepDefinition.Base.the_user_clicks_on_practice_questions(Base.java:178)
	at ✽.The user clicks on Practice Questions link(file:///C:/Users/shubh/eclipse-workspace/DS_AlgoProject/src/test/resources/features/5DataStructures.feature:47)
</div></td></tr></table><p class="totop"><a href="#summary">back to summary</a></p>
<h3 id="m33">Runner.TestRunner#runScenario</h3><table class="result"><tr class="param"><th>Parameter #1</th><th>Parameter #2</th></tr><tr class="param stripe"><td>&quot;The user is able to Run valid and invalid code in editor page from Implement Linked List in Python page&quot;</td><td>&quot;Test Linked List page in ds_algo portal&quot;</td></tr><tr><th colspan="2">Exception</th></tr><tr><td colspan="2"><div class="stacktrace">java.lang.NullPointerException: Cannot invoke &quot;org.openqa.selenium.WebDriver.switchTo()&quot; because &quot;StepDefinition.Base.driver&quot; is null
	at StepDefinition.Base.EnterCode(Base.java:134)
	at StepDefinition.Linked_List.the_user_enters_valid_code_in_linked_list_code_editor(Linked_List.java:52)
	at ✽.The user enters valid code in Linked List code editor(file:///C:/Users/shubh/eclipse-workspace/DS_AlgoProject/src/test/resources/features/7Linked_List.feature:108)
</div></td></tr></table><p class="totop"><a href="#summary">back to summary</a></p>
<h3 id="m34">Runner.TestRunner#runScenario</h3><table class="result"><tr class="param"><th>Parameter #1</th><th>Parameter #2</th></tr><tr class="param stripe"><td>&quot;The user is able to navigate to graph page and click on Graph Representations link&quot;</td><td>&quot;graph&quot;</td></tr><tr><th colspan="2">Exception</th></tr><tr><td colspan="2"><div class="stacktrace">java.lang.NullPointerException: Cannot invoke &quot;org.openqa.selenium.WebDriver.get(String)&quot; because &quot;StepDefinition.Graph.driver&quot; is null
	at StepDefinition.Graph.the_user_is_on_graph_home_page(Graph.java:39)
	at ✽.The user is on graph home page(file:///C:/Users/shubh/eclipse-workspace/DS_AlgoProject/src/test/resources/features/11Graph.feature:7)
</div></td></tr></table><p class="totop"><a href="#summary">back to summary</a></p>
<h3 id="m35">Runner.TestRunner#runScenario</h3><table class="result"><tr class="param"><th>Parameter #1</th><th>Parameter #2</th></tr><tr class="param stripe"><td>&quot;Test Practice questions Find Numbers With Even Number of Digits page and run code&quot;</td><td>&quot;Test Arrays page in ds_algo portal&quot;</td></tr><tr><th colspan="2">Exception</th></tr><tr><td colspan="2"><div class="stacktrace">java.lang.NullPointerException: Cannot invoke &quot;org.openqa.selenium.WebDriver.switchTo()&quot; because &quot;StepDefinition.Base.driver&quot; is null
	at StepDefinition.Base.EnterCode(Base.java:134)
	at StepDefinition.Arrays_page.when_the_user_enters_valid_code_in_code_editor(Arrays_page.java:90)
	at ✽.The user enters valid code in code editor(file:///C:/Users/shubh/eclipse-workspace/DS_AlgoProject/src/test/resources/features/6Arrays.feature:152)
</div></td></tr></table><p class="totop"><a href="#summary">back to summary</a></p>
<h3 id="m36">Runner.TestRunner#runScenario</h3><table class="result"><tr class="param"><th>Parameter #1</th><th>Parameter #2</th></tr><tr class="param stripe"><td>&quot;The user should be directed to editor page with run button to test python code&quot;</td><td>&quot;graph&quot;</td></tr><tr><th colspan="2">Exception</th></tr><tr><td colspan="2"><div class="stacktrace">java.lang.NullPointerException: Cannot invoke &quot;org.openqa.selenium.WebDriver.get(String)&quot; because &quot;StepDefinition.Graph.driver&quot; is null
	at StepDefinition.Graph.the_user_is_on_graph_home_page(Graph.java:39)
	at ✽.The user is on graph home page(file:///C:/Users/shubh/eclipse-workspace/DS_AlgoProject/src/test/resources/features/11Graph.feature:7)
</div></td></tr></table><p class="totop"><a href="#summary">back to summary</a></p>
<h3 id="m37">Runner.TestRunner#runScenario</h3><table class="result"><tr class="param"><th>Parameter #1</th><th>Parameter #2</th></tr><tr class="param stripe"><td>&quot;The user is able to navigate to terminologies page&quot;</td><td>&quot;Tree&quot;</td></tr><tr><th colspan="2">Exception</th></tr><tr><td colspan="2"><div class="stacktrace">java.lang.NullPointerException: Cannot invoke &quot;org.openqa.selenium.WebDriver.get(String)&quot; because &quot;StepDefinition.Tree.driver&quot; is null
	at StepDefinition.Tree.the_user_is_on_tree_home_page(Tree.java:52)
	at ✽.The user is on tree home page(file:///C:/Users/shubh/eclipse-workspace/DS_AlgoProject/src/test/resources/features/10Tree.feature:7)
</div></td></tr></table><p class="totop"><a href="#summary">back to summary</a></p>
<h3 id="m38">Runner.TestRunner#runScenario</h3><table class="result"><tr class="param"><th>Parameter #1</th><th>Parameter #2</th></tr><tr class="param stripe"><td>&quot;Test Practice questions Max Consecutive Ones page and run code&quot;</td><td>&quot;Test Arrays page in ds_algo portal&quot;</td></tr><tr><th colspan="2">Exception</th></tr><tr><td colspan="2"><div class="stacktrace">java.lang.NullPointerException: Cannot invoke &quot;org.openqa.selenium.WebDriver.switchTo()&quot; because &quot;StepDefinition.Base.driver&quot; is null
	at StepDefinition.Base.EnterCode(Base.java:134)
	at StepDefinition.Arrays_page.when_the_user_enters_valid_code_in_code_editor(Arrays_page.java:90)
	at ✽.The user enters valid code in code editor(file:///C:/Users/shubh/eclipse-workspace/DS_AlgoProject/src/test/resources/features/6Arrays.feature:141)
</div></td></tr></table><p class="totop"><a href="#summary">back to summary</a></p>
<h3 id="m39">Runner.TestRunner#runScenario</h3><table class="result"><tr class="param"><th>Parameter #1</th><th>Parameter #2</th></tr><tr class="param stripe"><td>&quot;The user is able to Run valid and invalid code in editor page from Deletion page&quot;</td><td>&quot;Test Linked List page in ds_algo portal&quot;</td></tr><tr><th colspan="2">Exception</th></tr><tr><td colspan="2"><div class="stacktrace">java.lang.NullPointerException: Cannot invoke &quot;org.openqa.selenium.WebDriver.switchTo()&quot; because &quot;StepDefinition.Base.driver&quot; is null
	at StepDefinition.Base.EnterCode(Base.java:134)
	at StepDefinition.Linked_List.the_user_enters_valid_code_in_linked_list_code_editor(Linked_List.java:52)
	at ✽.The user enters valid code in Linked List code editor(file:///C:/Users/shubh/eclipse-workspace/DS_AlgoProject/src/test/resources/features/7Linked_List.feature:183)
</div></td></tr></table><p class="totop"><a href="#summary">back to summary</a></p>
<h3 id="m40">Runner.TestRunner#runScenario</h3><table class="result"><tr class="param"><th>Parameter #1</th><th>Parameter #2</th></tr><tr class="param stripe"><td>&quot;Verifying signout link in home page&quot;</td><td>&quot;graph&quot;</td></tr><tr><th colspan="2">Exception</th></tr><tr><td colspan="2"><div class="stacktrace">java.lang.NullPointerException: Cannot invoke &quot;org.openqa.selenium.WebDriver.get(String)&quot; because &quot;StepDefinition.Graph.driver&quot; is null
	at StepDefinition.Graph.the_user_is_on_graph_home_page(Graph.java:39)
	at ✽.The user is on graph home page(file:///C:/Users/shubh/eclipse-workspace/DS_AlgoProject/src/test/resources/features/11Graph.feature:7)
</div></td></tr></table><p class="totop"><a href="#summary">back to summary</a></p>
<h3 id="m41">Runner.TestRunner#runScenario</h3><table class="result"><tr class="param"><th>Parameter #1</th><th>Parameter #2</th></tr><tr class="param stripe"><td>&quot;The user is able to navigate to graph representations page and click on Practice Questions&quot;</td><td>&quot;graph&quot;</td></tr><tr><th colspan="2">Exception</th></tr><tr><td colspan="2"><div class="stacktrace">java.lang.NullPointerException: Cannot invoke &quot;org.openqa.selenium.WebDriver.get(String)&quot; because &quot;StepDefinition.Graph.driver&quot; is null
	at StepDefinition.Graph.the_user_is_on_graph_home_page(Graph.java:39)
	at ✽.The user is on graph home page(file:///C:/Users/shubh/eclipse-workspace/DS_AlgoProject/src/test/resources/features/11Graph.feature:7)
</div></td></tr></table><p class="totop"><a href="#summary">back to summary</a></p>
<h3 id="m42">Runner.TestRunner#runScenario</h3><table class="result"><tr class="param"><th>Parameter #1</th><th>Parameter #2</th></tr><tr class="param stripe"><td>&quot;The user is presented with error message for invalid code in Editor for overview of trees page&quot;</td><td>&quot;Tree&quot;</td></tr><tr><th colspan="2">Exception</th></tr><tr><td colspan="2"><div class="stacktrace">java.lang.NullPointerException: Cannot invoke &quot;org.openqa.selenium.WebDriver.get(String)&quot; because &quot;StepDefinition.Tree.driver&quot; is null
	at StepDefinition.Tree.the_user_is_on_tree_home_page(Tree.java:52)
	at ✽.The user is on tree home page(file:///C:/Users/shubh/eclipse-workspace/DS_AlgoProject/src/test/resources/features/10Tree.feature:7)
</div></td></tr></table><p class="totop"><a href="#summary">back to summary</a></p>
<h3 id="m43">Runner.TestRunner#runScenario</h3><table class="result"><tr class="param"><th>Parameter #1</th><th>Parameter #2</th></tr><tr class="param stripe"><td>&quot;The user is able to run code in Editor for stack page&quot;</td><td>&quot;Stack&quot;</td></tr><tr><th colspan="2">Exception</th></tr><tr><td colspan="2"><div class="stacktrace">java.lang.NullPointerException: Cannot invoke &quot;org.openqa.selenium.WebDriver.findElement(org.openqa.selenium.By)&quot; because &quot;StepDefinition.Base.driver&quot; is null
	at StepDefinition.Base.the_user_clicks_on_tryhere_link(Base.java:144)
	at ✽.The user clicks on Tryhere link(file:///C:/Users/shubh/eclipse-workspace/DS_AlgoProject/src/test/resources/features/8Stack.feature:24)
</div></td></tr></table><p class="totop"><a href="#summary">back to summary</a></p>
<h3 id="m44">Runner.TestRunner#runScenario</h3><table class="result"><tr class="param"><th>Parameter #1</th><th>Parameter #2</th></tr><tr class="param stripe"><td>&quot;The user is able to navigate to overview of trees page&quot;</td><td>&quot;Tree&quot;</td></tr><tr><th colspan="2">Exception</th></tr><tr><td colspan="2"><div class="stacktrace">java.lang.NullPointerException: Cannot invoke &quot;org.openqa.selenium.WebDriver.get(String)&quot; because &quot;StepDefinition.Tree.driver&quot; is null
	at StepDefinition.Tree.the_user_is_on_tree_home_page(Tree.java:52)
	at ✽.The user is on tree home page(file:///C:/Users/shubh/eclipse-workspace/DS_AlgoProject/src/test/resources/features/10Tree.feature:7)
</div></td></tr></table><p class="totop"><a href="#summary">back to summary</a></p>
<h3 id="m45">Runner.TestRunner#runScenario</h3><table class="result"><tr class="param"><th>Parameter #1</th><th>Parameter #2</th></tr><tr class="param stripe"><td>&quot;The user should be directed to editor page with run button to test python code&quot;</td><td>&quot;Stack&quot;</td></tr><tr><th colspan="2">Exception</th></tr><tr><td colspan="2"><div class="stacktrace">java.lang.NullPointerException: Cannot invoke &quot;org.openqa.selenium.WebDriver.findElement(org.openqa.selenium.By)&quot; because &quot;StepDefinition.Base.driver&quot; is null
	at StepDefinition.Base.the_user_clicks_on_tryhere_link(Base.java:144)
	at ✽.The user clicks on Tryhere link(file:///C:/Users/shubh/eclipse-workspace/DS_AlgoProject/src/test/resources/features/8Stack.feature:17)
</div></td></tr></table><p class="totop"><a href="#summary">back to summary</a></p>
<h3 id="m46">Runner.TestRunner#runScenario</h3><table class="result"><tr class="param"><th>Parameter #1</th><th>Parameter #2</th></tr><tr class="param stripe"><td>&quot;The user is presented with error message for invalid code in Editor for Implementation using collections.deque  page&quot;</td><td>&quot;Queue&quot;</td></tr><tr><th colspan="2">Exception</th></tr><tr><td colspan="2"><div class="stacktrace">java.lang.NullPointerException: Cannot invoke &quot;org.openqa.selenium.WebDriver.findElement(org.openqa.selenium.By)&quot; because &quot;StepDefinition.Base.driver&quot; is null
	at StepDefinition.Base.the_user_clicks_on_tryhere_link(Base.java:144)
	at ✽.The user clicks on Tryhere link(file:///C:/Users/shubh/eclipse-workspace/DS_AlgoProject/src/test/resources/features/9Queue.feature:69)
</div></td></tr></table><p class="totop"><a href="#summary">back to summary</a></p>
<h3 id="m47">Runner.TestRunner#runScenario</h3><table class="result"><tr class="param"><th>Parameter #1</th><th>Parameter #2</th></tr><tr class="param stripe"><td>&quot;The user is able to Run invalid code in editor page from Arrays in Python page&quot;</td><td>&quot;Test Arrays page in ds_algo portal&quot;</td></tr><tr><th colspan="2">Exception</th></tr><tr><td colspan="2"><div class="stacktrace">java.lang.NullPointerException: Cannot invoke &quot;org.openqa.selenium.WebDriver.switchTo()&quot; because &quot;StepDefinition.Base.driver&quot; is null
	at StepDefinition.Base.EnterCode(Base.java:134)
	at StepDefinition.Arrays_page.the_user_enters_invalid_code_in_code_editor(Arrays_page.java:117)
	at ✽.The user enters invalid code in code editor(file:///C:/Users/shubh/eclipse-workspace/DS_AlgoProject/src/test/resources/features/6Arrays.feature:27)
</div></td></tr></table><p class="totop"><a href="#summary">back to summary</a></p>
<h3 id="m48">Runner.TestRunner#runScenario</h3><table class="result"><tr class="param"><th>Parameter #1</th><th>Parameter #2</th></tr><tr class="param stripe"><td>&quot;The user is able to run code in Editor for Implementation using collections.deque page&quot;</td><td>&quot;Queue&quot;</td></tr><tr><th colspan="2">Exception</th></tr><tr><td colspan="2"><div class="stacktrace">java.lang.NullPointerException: Cannot invoke &quot;org.openqa.selenium.WebDriver.findElement(org.openqa.selenium.By)&quot; because &quot;StepDefinition.Base.driver&quot; is null
	at StepDefinition.Base.the_user_clicks_on_tryhere_link(Base.java:144)
	at ✽.The user clicks on Tryhere link(file:///C:/Users/shubh/eclipse-workspace/DS_AlgoProject/src/test/resources/features/9Queue.feature:59)
</div></td></tr></table><p class="totop"><a href="#summary">back to summary</a></p>
<h3 id="m49">Runner.TestRunner#runScenario</h3><table class="result"><tr class="param"><th>Parameter #1</th><th>Parameter #2</th></tr><tr class="param stripe"><td>&quot;The user is able to run code in Editor for overview of trees page&quot;</td><td>&quot;Tree&quot;</td></tr><tr><th colspan="2">Exception</th></tr><tr><td colspan="2"><div class="stacktrace">java.lang.NullPointerException: Cannot invoke &quot;org.openqa.selenium.WebDriver.get(String)&quot; because &quot;StepDefinition.Tree.driver&quot; is null
	at StepDefinition.Tree.the_user_is_on_tree_home_page(Tree.java:52)
	at ✽.The user is on tree home page(file:///C:/Users/shubh/eclipse-workspace/DS_AlgoProject/src/test/resources/features/10Tree.feature:7)
</div></td></tr></table><p class="totop"><a href="#summary">back to summary</a></p>
<h3 id="m50">Runner.TestRunner#runScenario</h3><table class="result"><tr class="param"><th>Parameter #1</th><th>Parameter #2</th></tr><tr class="param stripe"><td>&quot;The user is presented with error message for invalid code in Editor for time complexity page&quot;</td><td>&quot;DataStructures&quot;</td></tr><tr><th colspan="2">Exception</th></tr><tr><td colspan="2"><div class="stacktrace">java.lang.NullPointerException: Cannot invoke &quot;org.openqa.selenium.WebDriver.findElement(org.openqa.selenium.By)&quot; because &quot;StepDefinition.Base.driver&quot; is null
	at StepDefinition.Base.the_user_clicks_on_tryhere_link(Base.java:144)
	at ✽.The user clicks on Tryhere link(file:///C:/Users/shubh/eclipse-workspace/DS_AlgoProject/src/test/resources/features/5DataStructures.feature:36)
</div></td></tr></table><p class="totop"><a href="#summary">back to summary</a></p>
<h3 id="m51">Runner.TestRunner#runScenario</h3><table class="result"><tr class="param"><th>Parameter #1</th><th>Parameter #2</th></tr><tr class="param stripe"><td>&quot;The user is able to Run valid code in editor page from Basic Operations in List page&quot;</td><td>&quot;Test Arrays page in ds_algo portal&quot;</td></tr><tr><th colspan="2">Exception</th></tr><tr><td colspan="2"><div class="stacktrace">java.lang.NullPointerException: Cannot invoke &quot;org.openqa.selenium.WebDriver.switchTo()&quot; because &quot;StepDefinition.Base.driver&quot; is null
	at StepDefinition.Base.EnterCode(Base.java:134)
	at StepDefinition.Arrays_page.when_the_user_enters_valid_code_in_code_editor(Arrays_page.java:90)
	at ✽.The user enters valid code in code editor(file:///C:/Users/shubh/eclipse-workspace/DS_AlgoProject/src/test/resources/features/6Arrays.feature:77)
</div></td></tr></table><p class="totop"><a href="#summary">back to summary</a></p>
<h3 id="m52">Runner.TestRunner#runScenario</h3><table class="result"><tr class="param"><th>Parameter #1</th><th>Parameter #2</th></tr><tr class="param stripe"><td>&quot;The user should be directed to editor page with run button to test python code from Implementation page&quot;</td><td>&quot;Stack&quot;</td></tr><tr><th colspan="2">Exception</th></tr><tr><td colspan="2"><div class="stacktrace">java.lang.NullPointerException: Cannot invoke &quot;org.openqa.selenium.WebDriver.findElement(org.openqa.selenium.By)&quot; because &quot;StepDefinition.Base.driver&quot; is null
	at StepDefinition.Base.the_user_clicks_on_tryhere_link(Base.java:144)
	at ✽.The user clicks on Tryhere link(file:///C:/Users/shubh/eclipse-workspace/DS_AlgoProject/src/test/resources/features/8Stack.feature:51)
</div></td></tr></table><p class="totop"><a href="#summary">back to summary</a></p>
<h3 id="m53">Runner.TestRunner#runScenario</h3><table class="result"><tr class="param"><th>Parameter #1</th><th>Parameter #2</th></tr><tr class="param stripe"><td>&quot;The user is able to run code in Editor for terminologies page&quot;</td><td>&quot;Tree&quot;</td></tr><tr><th colspan="2">Exception</th></tr><tr><td colspan="2"><div class="stacktrace">java.lang.NullPointerException: Cannot invoke &quot;org.openqa.selenium.WebDriver.get(String)&quot; because &quot;StepDefinition.Tree.driver&quot; is null
	at StepDefinition.Tree.the_user_is_on_tree_home_page(Tree.java:52)
	at ✽.The user is on tree home page(file:///C:/Users/shubh/eclipse-workspace/DS_AlgoProject/src/test/resources/features/10Tree.feature:7)
</div></td></tr></table><p class="totop"><a href="#summary">back to summary</a></p>
<h3 id="m54">Runner.TestRunner#runScenario</h3><table class="result"><tr class="param"><th>Parameter #1</th><th>Parameter #2</th></tr><tr class="param stripe"><td>&quot;The user is presented with error message for invalid code in Editor for Graph page&quot;</td><td>&quot;graph&quot;</td></tr><tr><th colspan="2">Exception</th></tr><tr><td colspan="2"><div class="stacktrace">java.lang.NullPointerException: Cannot invoke &quot;org.openqa.selenium.WebDriver.get(String)&quot; because &quot;StepDefinition.Graph.driver&quot; is null
	at StepDefinition.Graph.the_user_is_on_graph_home_page(Graph.java:39)
	at ✽.The user is on graph home page(file:///C:/Users/shubh/eclipse-workspace/DS_AlgoProject/src/test/resources/features/11Graph.feature:7)
</div></td></tr></table><p class="totop"><a href="#summary">back to summary</a></p>
<h3 id="m55">Runner.TestRunner#runScenario</h3><table class="result"><tr class="param"><th>Parameter #1</th><th>Parameter #2</th></tr><tr class="param stripe"><td>&quot;The user is able to Run valid and invalid code in editor page from Traversal page&quot;</td><td>&quot;Test Linked List page in ds_algo portal&quot;</td></tr><tr><th colspan="2">Exception</th></tr><tr><td colspan="2"><div class="stacktrace">java.lang.NullPointerException: Cannot invoke &quot;org.openqa.selenium.WebDriver.switchTo()&quot; because &quot;StepDefinition.Base.driver&quot; is null
	at StepDefinition.Base.EnterCode(Base.java:134)
	at StepDefinition.Linked_List.the_user_enters_valid_code_in_linked_list_code_editor(Linked_List.java:52)
	at ✽.The user enters valid code in Linked List code editor(file:///C:/Users/shubh/eclipse-workspace/DS_AlgoProject/src/test/resources/features/7Linked_List.feature:133)
</div></td></tr></table><p class="totop"><a href="#summary">back to summary</a></p>
<h3 id="m56">Runner.TestRunner#runScenario</h3><table class="result"><tr class="param"><th>Parameter #1</th><th>Parameter #2</th></tr><tr class="param stripe"><td>&quot;user navigates to sign in page&quot;</td><td>&quot;Test DS Algo portal home page&quot;</td></tr></table><p class="totop"><a href="#summary">back to summary</a></p>
<h3 id="m57">Runner.TestRunner#runScenario</h3><table class="result"><tr class="param"><th>Parameter #1</th><th>Parameter #2</th></tr><tr class="param stripe"><td>&quot;user checks for valid username and password&quot;</td><td>&quot;Test ds_algo portal sign in page&quot;</td></tr></table><p class="totop"><a href="#summary">back to summary</a></p>
<h3 id="m58">Runner.TestRunner#runScenario</h3><table class="result"><tr class="param"><th>Parameter #1</th><th>Parameter #2</th></tr><tr class="param stripe"><td>&quot;User tests Get Started button after loggin in&quot;</td><td>&quot;Home page after loggin in&quot;</td></tr></table><p class="totop"><a href="#summary">back to summary</a></p>
<h3 id="m59">Runner.TestRunner#runScenario</h3><table class="result"><tr class="param"><th>Parameter #1</th><th>Parameter #2</th></tr><tr class="param stripe"><td>&quot;user navigates to registration page&quot;</td><td>&quot;Test DS Algo portal home page&quot;</td></tr></table><p class="totop"><a href="#summary">back to summary</a></p>
<h3 id="m60">Runner.TestRunner#runScenario</h3><table class="result"><tr class="param"><th>Parameter #1</th><th>Parameter #2</th></tr><tr class="param stripe"><td>&quot;user checks drop down functionality witout sign in&quot;</td><td>&quot;Test DS Algo portal home page&quot;</td></tr></table><p class="totop"><a href="#summary">back to summary</a></p>
<h3 id="m61">Runner.TestRunner#runScenario</h3><table class="result"><tr class="param"><th>Parameter #1</th><th>Parameter #2</th></tr><tr class="param stripe"><td>&quot;user checks drop down functionality witout sign in&quot;</td><td>&quot;Test DS Algo portal home page&quot;</td></tr></table><p class="totop"><a href="#summary">back to summary</a></p>
<h3 id="m62">Runner.TestRunner#runScenario</h3><table class="result"><tr class="param"><th>Parameter #1</th><th>Parameter #2</th></tr><tr class="param stripe"><td>&quot;user checks drop down functionality witout sign in&quot;</td><td>&quot;Test DS Algo portal home page&quot;</td></tr></table><p class="totop"><a href="#summary">back to summary</a></p>
<h3 id="m63">Runner.TestRunner#runScenario</h3><table class="result"><tr class="param"><th>Parameter #1</th><th>Parameter #2</th></tr><tr class="param stripe"><td>&quot;The user is able to navigate to Operations in Stack page&quot;</td><td>&quot;Stack&quot;</td></tr></table><p class="totop"><a href="#summary">back to summary</a></p>
<h3 id="m64">Runner.TestRunner#runScenario</h3><table class="result"><tr class="param"><th>Parameter #1</th><th>Parameter #2</th></tr><tr class="param stripe"><td>&quot;User is able to navigate to Traversal Page&quot;</td><td>&quot;Test Linked List page in ds_algo portal&quot;</td></tr></table><p class="totop"><a href="#summary">back to summary</a></p>
<h3 id="m65">Runner.TestRunner#runScenario</h3><table class="result"><tr class="param"><th>Parameter #1</th><th>Parameter #2</th></tr><tr class="param stripe"><td>&quot;User navigates to register page&quot;</td><td>&quot;Test Automation DS Algo register page&quot;</td></tr></table><p class="totop"><a href="#summary">back to summary</a></p>
<h3 id="m66">Runner.TestRunner#runScenario</h3><table class="result"><tr class="param"><th>Parameter #1</th><th>Parameter #2</th></tr><tr class="param stripe"><td>&quot;User is able to navigate to Deletion Page&quot;</td><td>&quot;Test Linked List page in ds_algo portal&quot;</td></tr></table><p class="totop"><a href="#summary">back to summary</a></p>
<h3 id="m67">Runner.TestRunner#runScenario</h3><table class="result"><tr class="param"><th>Parameter #1</th><th>Parameter #2</th></tr><tr class="param stripe"><td>&quot;The user is able to navigate to time complexity page&quot;</td><td>&quot;DataStructures&quot;</td></tr></table><p class="totop"><a href="#summary">back to summary</a></p>
<h3 id="m68">Runner.TestRunner#runScenario</h3><table class="result"><tr class="param"><th>Parameter #1</th><th>Parameter #2</th></tr><tr class="param stripe"><td>&quot;User is able to navigate to Practice Questins Page from Traversal Page&quot;</td><td>&quot;Test Linked List page in ds_algo portal&quot;</td></tr></table><p class="totop"><a href="#summary">back to summary</a></p>
<h3 id="m69">Runner.TestRunner#runScenario</h3><table class="result"><tr class="param"><th>Parameter #1</th><th>Parameter #2</th></tr><tr class="param stripe"><td>&quot;User is able to navigate to Arrays in Python Page&quot;</td><td>&quot;Test Arrays page in ds_algo portal&quot;</td></tr></table><p class="totop"><a href="#summary">back to summary</a></p>
<h3 id="m70">Runner.TestRunner#runScenario</h3><table class="result"><tr class="param"><th>Parameter #1</th><th>Parameter #2</th></tr><tr class="param stripe"><td>&quot;User is able to navigate to Insertion Page&quot;</td><td>&quot;Test Linked List page in ds_algo portal&quot;</td></tr></table><p class="totop"><a href="#summary">back to summary</a></p>
<h3 id="m71">Runner.TestRunner#runScenario</h3><table class="result"><tr class="param"><th>Parameter #1</th><th>Parameter #2</th></tr><tr class="param stripe"><td>&quot;User tests Get Started button after loggin in&quot;</td><td>&quot;Home page after loggin in&quot;</td></tr></table><p class="totop"><a href="#summary">back to summary</a></p>
<h3 id="m72">Runner.TestRunner#runScenario</h3><table class="result"><tr class="param"><th>Parameter #1</th><th>Parameter #2</th></tr><tr class="param stripe"><td>&quot;User is able to navigate to Creating Linked List Page&quot;</td><td>&quot;Test Linked List page in ds_algo portal&quot;</td></tr></table><p class="totop"><a href="#summary">back to summary</a></p>
<h3 id="m73">Runner.TestRunner#runScenario</h3><table class="result"><tr class="param"><th>Parameter #1</th><th>Parameter #2</th></tr><tr class="param stripe"><td>&quot;User tests Get Started button after loggin in&quot;</td><td>&quot;Home page after loggin in&quot;</td></tr></table><p class="totop"><a href="#summary">back to summary</a></p>
<h3 id="m74">Runner.TestRunner#runScenario</h3><table class="result"><tr class="param"><th>Parameter #1</th><th>Parameter #2</th></tr><tr class="param stripe"><td>&quot;User tests Get Started button after loggin in&quot;</td><td>&quot;Home page after loggin in&quot;</td></tr></table><p class="totop"><a href="#summary">back to summary</a></p>
<h3 id="m75">Runner.TestRunner#runScenario</h3><table class="result"><tr class="param"><th>Parameter #1</th><th>Parameter #2</th></tr><tr class="param stripe"><td>&quot;User is able to navigate to Practice Questins Page from Applications of Array Page&quot;</td><td>&quot;Test Arrays page in ds_algo portal&quot;</td></tr></table><p class="totop"><a href="#summary">back to summary</a></p>
<h3 id="m76">Runner.TestRunner#runScenario</h3><table class="result"><tr class="param"><th>Parameter #1</th><th>Parameter #2</th></tr><tr class="param stripe"><td>&quot;User is able to navigate to Introduction Page&quot;</td><td>&quot;Test Linked List page in ds_algo portal&quot;</td></tr></table><p class="totop"><a href="#summary">back to summary</a></p>
<h3 id="m77">Runner.TestRunner#runScenario</h3><table class="result"><tr class="param"><th>Parameter #1</th><th>Parameter #2</th></tr><tr class="param stripe"><td>&quot;User is able to navigate to Practice Questins Page from Deletion Page&quot;</td><td>&quot;Test Linked List page in ds_algo portal&quot;</td></tr></table><p class="totop"><a href="#summary">back to summary</a></p>
<h3 id="m78">Runner.TestRunner#runScenario</h3><table class="result"><tr class="param"><th>Parameter #1</th><th>Parameter #2</th></tr><tr class="param stripe"><td>&quot;User is able to navigate to Practice Questins Page from Types of Linked List Page&quot;</td><td>&quot;Test Linked List page in ds_algo portal&quot;</td></tr></table><p class="totop"><a href="#summary">back to summary</a></p>
<h3 id="m79">Runner.TestRunner#runScenario</h3><table class="result"><tr class="param"><th>Parameter #1</th><th>Parameter #2</th></tr><tr class="param stripe"><td>&quot;user checks drop down functionality witout sign in&quot;</td><td>&quot;Test DS Algo portal home page&quot;</td></tr></table><p class="totop"><a href="#summary">back to summary</a></p>
<h3 id="m80">Runner.TestRunner#runScenario</h3><table class="result"><tr class="param"><th>Parameter #1</th><th>Parameter #2</th></tr><tr class="param stripe"><td>&quot;The user is able to navigate to stack page and click on Implementation link&quot;</td><td>&quot;Stack&quot;</td></tr></table><p class="totop"><a href="#summary">back to summary</a></p>
<h3 id="m81">Runner.TestRunner#runScenario</h3><table class="result"><tr class="param"><th>Parameter #1</th><th>Parameter #2</th></tr><tr class="param stripe"><td>&quot;User tests drop down list functionality on sign in page&quot;</td><td>&quot;Test ds_algo portal sign in page&quot;</td></tr></table><p class="totop"><a href="#summary">back to summary</a></p>
<h3 id="m82">Runner.TestRunner#runScenario</h3><table class="result"><tr class="param"><th>Parameter #1</th><th>Parameter #2</th></tr><tr class="param stripe"><td>&quot;User should get error message below password textbox&quot;</td><td>&quot;Test Automation DS Algo register page&quot;</td></tr></table><p class="totop"><a href="#summary">back to summary</a></p>
<h3 id="m83">Runner.TestRunner#runScenario</h3><table class="result"><tr class="param"><th>Parameter #1</th><th>Parameter #2</th></tr><tr class="param stripe"><td>&quot;User is able to navigate to Applications of Array Page&quot;</td><td>&quot;Test Arrays page in ds_algo portal&quot;</td></tr></table><p class="totop"><a href="#summary">back to summary</a></p>
<h3 id="m84">Runner.TestRunner#runScenario</h3><table class="result"><tr class="param"><th>Parameter #1</th><th>Parameter #2</th></tr><tr class="param stripe"><td>&quot;user tests sign in functionality with empty username textbox&quot;</td><td>&quot;Test ds_algo portal sign in page&quot;</td></tr></table><p class="totop"><a href="#summary">back to summary</a></p>
<h3 id="m85">Runner.TestRunner#runScenario</h3><table class="result"><tr class="param"><th>Parameter #1</th><th>Parameter #2</th></tr><tr class="param stripe"><td>&quot;User tests drop down list functionality on sign in page&quot;</td><td>&quot;Test ds_algo portal sign in page&quot;</td></tr></table><p class="totop"><a href="#summary">back to summary</a></p>
<h3 id="m86">Runner.TestRunner#runScenario</h3><table class="result"><tr class="param"><th>Parameter #1</th><th>Parameter #2</th></tr><tr class="param stripe"><td>&quot;user checks drop down functionality witout sign in&quot;</td><td>&quot;Test DS Algo portal home page&quot;</td></tr></table><p class="totop"><a href="#summary">back to summary</a></p>
<h3 id="m87">Runner.TestRunner#runScenario</h3><table class="result"><tr class="param"><th>Parameter #1</th><th>Parameter #2</th></tr><tr class="param stripe"><td>&quot;The user is able to navigate to queue page and click on  link Implementation using collections.deque&quot;</td><td>&quot;Queue&quot;</td></tr></table><p class="totop"><a href="#summary">back to summary</a></p>
<h3 id="m88">Runner.TestRunner#runScenario</h3><table class="result"><tr class="param"><th>Parameter #1</th><th>Parameter #2</th></tr><tr class="param stripe"><td>&quot;user navigates to ds_algo portal home page&quot;</td><td>&quot;Test DS Algo portal home page&quot;</td></tr></table><p class="totop"><a href="#summary">back to summary</a></p>
<h3 id="m89">Runner.TestRunner#runScenario</h3><table class="result"><tr class="param"><th>Parameter #1</th><th>Parameter #2</th></tr><tr class="param stripe"><td>&quot;user checks drop down functionality after loggin in&quot;</td><td>&quot;Home page after loggin in&quot;</td></tr></table><p class="totop"><a href="#summary">back to summary</a></p>
<h3 id="m90">Runner.TestRunner#runScenario</h3><table class="result"><tr class="param"><th>Parameter #1</th><th>Parameter #2</th></tr><tr class="param stripe"><td>&quot;User is able to navigate to Practice Questins Page from Arrays in Python&quot;</td><td>&quot;Test Arrays page in ds_algo portal&quot;</td></tr></table><p class="totop"><a href="#summary">back to summary</a></p>
<h3 id="m91">Runner.TestRunner#runScenario</h3><table class="result"><tr class="param"><th>Parameter #1</th><th>Parameter #2</th></tr><tr class="param stripe"><td>&quot;User is able to navigate to Practice Questins Page from Insertion Page&quot;</td><td>&quot;Test Linked List page in ds_algo portal&quot;</td></tr></table><p class="totop"><a href="#summary">back to summary</a></p>
<h3 id="m92">Runner.TestRunner#runScenario</h3><table class="result"><tr class="param"><th>Parameter #1</th><th>Parameter #2</th></tr><tr class="param stripe"><td>&quot;user checks for invalid username and password&quot;</td><td>&quot;Test ds_algo portal sign in page&quot;</td></tr></table><p class="totop"><a href="#summary">back to summary</a></p>
<h3 id="m93">Runner.TestRunner#runScenario</h3><table class="result"><tr class="param"><th>Parameter #1</th><th>Parameter #2</th></tr><tr class="param stripe"><td>&quot;user tests sign in functionality with empty password textbox&quot;</td><td>&quot;Test ds_algo portal sign in page&quot;</td></tr></table><p class="totop"><a href="#summary">back to summary</a></p>
<h3 id="m94">Runner.TestRunner#runScenario</h3><table class="result"><tr class="param"><th>Parameter #1</th><th>Parameter #2</th></tr><tr class="param stripe"><td>&quot;The user is able to navigate to Queue page&quot;</td><td>&quot;Queue&quot;</td></tr></table><p class="totop"><a href="#summary">back to summary</a></p>
<h3 id="m95">Runner.TestRunner#runScenario</h3><table class="result"><tr class="param"><th>Parameter #1</th><th>Parameter #2</th></tr><tr class="param stripe"><td>&quot;User tests registration link on sign in page&quot;</td><td>&quot;Test ds_algo portal sign in page&quot;</td></tr></table><p class="totop"><a href="#summary">back to summary</a></p>
<h3 id="m96">Runner.TestRunner#runScenario</h3><table class="result"><tr class="param"><th>Parameter #1</th><th>Parameter #2</th></tr><tr class="param stripe"><td>&quot;user checks drop down entries&quot;</td><td>&quot;Test DS Algo portal home page&quot;</td></tr></table><p class="totop"><a href="#summary">back to summary</a></p>
<h3 id="m97">Runner.TestRunner#runScenario</h3><table class="result"><tr class="param"><th>Parameter #1</th><th>Parameter #2</th></tr><tr class="param stripe"><td>&quot;User tests drop down list functionality on sign in page&quot;</td><td>&quot;Test ds_algo portal sign in page&quot;</td></tr></table><p class="totop"><a href="#summary">back to summary</a></p>
<h3 id="m98">Runner.TestRunner#runScenario</h3><table class="result"><tr class="param"><th>Parameter #1</th><th>Parameter #2</th></tr><tr class="param stripe"><td>&quot;user checks login functionality&quot;</td><td>&quot;Test DS Algo portal home page&quot;</td></tr></table><p class="totop"><a href="#summary">back to summary</a></p>
<h3 id="m99">Runner.TestRunner#runScenario</h3><table class="result"><tr class="param"><th>Parameter #1</th><th>Parameter #2</th></tr><tr class="param stripe"><td>&quot;User is able to navigate to Practice Questins Page from Arrays Using List&quot;</td><td>&quot;Test Arrays page in ds_algo portal&quot;</td></tr></table><p class="totop"><a href="#summary">back to summary</a></p>
<h3 id="m100">Runner.TestRunner#runScenario</h3><table class="result"><tr class="param"><th>Parameter #1</th><th>Parameter #2</th></tr><tr class="param stripe"><td>&quot;user checks drop down functionality after loggin in&quot;</td><td>&quot;Home page after loggin in&quot;</td></tr></table><p class="totop"><a href="#summary">back to summary</a></p>
<h3 id="m101">Runner.TestRunner#runScenario</h3><table class="result"><tr class="param"><th>Parameter #1</th><th>Parameter #2</th></tr><tr class="param stripe"><td>&quot;user checks for invalid username and password&quot;</td><td>&quot;Test ds_algo portal sign in page&quot;</td></tr></table><p class="totop"><a href="#summary">back to summary</a></p>
<h3 id="m102">Runner.TestRunner#runScenario</h3><table class="result"><tr class="param"><th>Parameter #1</th><th>Parameter #2</th></tr><tr class="param stripe"><td>&quot;user checks drop down functionality after loggin in&quot;</td><td>&quot;Home page after loggin in&quot;</td></tr></table><p class="totop"><a href="#summary">back to summary</a></p>
<h3 id="m103">Runner.TestRunner#runScenario</h3><table class="result"><tr class="param"><th>Parameter #1</th><th>Parameter #2</th></tr><tr class="param stripe"><td>&quot;User tests registration link on sign in page&quot;</td><td>&quot;Test ds_algo portal sign in page&quot;</td></tr></table><p class="totop"><a href="#summary">back to summary</a></p>
<h3 id="m104">Runner.TestRunner#runScenario</h3><table class="result"><tr class="param"><th>Parameter #1</th><th>Parameter #2</th></tr><tr class="param stripe"><td>&quot;User is able to navigate to Implement Linked List in Python Page&quot;</td><td>&quot;Test Linked List page in ds_algo portal&quot;</td></tr></table><p class="totop"><a href="#summary">back to summary</a></p>
<h3 id="m105">Runner.TestRunner#runScenario</h3><table class="result"><tr class="param"><th>Parameter #1</th><th>Parameter #2</th></tr><tr class="param stripe"><td>&quot;User should get error message for all fields empty below username textbox&quot;</td><td>&quot;Test Automation DS Algo register page&quot;</td></tr></table><p class="totop"><a href="#summary">back to summary</a></p>
<h3 id="m106">Runner.TestRunner#runScenario</h3><table class="result"><tr class="param"><th>Parameter #1</th><th>Parameter #2</th></tr><tr class="param stripe"><td>&quot;user checks for invalid username and password&quot;</td><td>&quot;Test ds_algo portal sign in page&quot;</td></tr></table><p class="totop"><a href="#summary">back to summary</a></p>
<h3 id="m107">Runner.TestRunner#runScenario</h3><table class="result"><tr class="param"><th>Parameter #1</th><th>Parameter #2</th></tr><tr class="param stripe"><td>&quot;user checks drop down functionality witout sign in&quot;</td><td>&quot;Test DS Algo portal home page&quot;</td></tr></table><p class="totop"><a href="#summary">back to summary</a></p>
<h3 id="m108">Runner.TestRunner#runScenario</h3><table class="result"><tr class="param"><th>Parameter #1</th><th>Parameter #2</th></tr><tr class="param stripe"><td>&quot;User is able to navigate to Practice Questins Page from Implement Linked List in Python Page&quot;</td><td>&quot;Test Linked List page in ds_algo portal&quot;</td></tr></table><p class="totop"><a href="#summary">back to summary</a></p>
<h3 id="m109">Runner.TestRunner#runScenario</h3><table class="result"><tr class="param"><th>Parameter #1</th><th>Parameter #2</th></tr><tr class="param stripe"><td>&quot;User registers with invalid username and password&quot;</td><td>&quot;Test Automation DS Algo register page&quot;</td></tr></table><p class="totop"><a href="#summary">back to summary</a></p>
<h3 id="m110">Runner.TestRunner#runScenario</h3><table class="result"><tr class="param"><th>Parameter #1</th><th>Parameter #2</th></tr><tr class="param stripe"><td>&quot;User is able to navigate to Practice Questins Page from Creating Linked List Page&quot;</td><td>&quot;Test Linked List page in ds_algo portal&quot;</td></tr></table><p class="totop"><a href="#summary">back to summary</a></p>
<h3 id="m111">Runner.TestRunner#runScenario</h3><table class="result"><tr class="param"><th>Parameter #1</th><th>Parameter #2</th></tr><tr class="param stripe"><td>&quot;User tests sign in link on sign in page&quot;</td><td>&quot;Test ds_algo portal sign in page&quot;</td></tr></table><p class="totop"><a href="#summary">back to summary</a></p>
<h3 id="m112">Runner.TestRunner#runScenario</h3><table class="result"><tr class="param"><th>Parameter #1</th><th>Parameter #2</th></tr><tr class="param stripe"><td>&quot;user checks drop down functionality after loggin in&quot;</td><td>&quot;Home page after loggin in&quot;</td></tr></table><p class="totop"><a href="#summary">back to summary</a></p>
<h3 id="m113">Runner.TestRunner#runScenario</h3><table class="result"><tr class="param"><th>Parameter #1</th><th>Parameter #2</th></tr><tr class="param stripe"><td>&quot;user checks drop down functionality after loggin in&quot;</td><td>&quot;Home page after loggin in&quot;</td></tr></table><p class="totop"><a href="#summary">back to summary</a></p>
<h3 id="m114">Runner.TestRunner#runScenario</h3><table class="result"><tr class="param"><th>Parameter #1</th><th>Parameter #2</th></tr><tr class="param stripe"><td>&quot;User is able to navigate to Arrays Using List Page&quot;</td><td>&quot;Test Arrays page in ds_algo portal&quot;</td></tr></table><p class="totop"><a href="#summary">back to summary</a></p>
<h3 id="m115">Runner.TestRunner#runScenario</h3><table class="result"><tr class="param"><th>Parameter #1</th><th>Parameter #2</th></tr><tr class="param stripe"><td>&quot;User is able to navigate to Practice Questins Page from Introduction Page&quot;</td><td>&quot;Test Linked List page in ds_algo portal&quot;</td></tr></table><p class="totop"><a href="#summary">back to summary</a></p>
<h3 id="m116">Runner.TestRunner#runScenario</h3><table class="result"><tr class="param"><th>Parameter #1</th><th>Parameter #2</th></tr><tr class="param stripe"><td>&quot;The user navigates to ds algo home page&quot;</td><td>&quot;Test Automation DS Algo register page&quot;</td></tr></table><p class="totop"><a href="#summary">back to summary</a></p>
<h3 id="m117">Runner.TestRunner#runScenario</h3><table class="result"><tr class="param"><th>Parameter #1</th><th>Parameter #2</th></tr><tr class="param stripe"><td>&quot;User is able to navigate to Basic Operations in List Page&quot;</td><td>&quot;Test Arrays page in ds_algo portal&quot;</td></tr></table><p class="totop"><a href="#summary">back to summary</a></p>
<h3 id="m118">Runner.TestRunner#runScenario</h3><table class="result"><tr class="param"><th>Parameter #1</th><th>Parameter #2</th></tr><tr class="param stripe"><td>&quot;user checks for invalid username and password&quot;</td><td>&quot;Test ds_algo portal sign in page&quot;</td></tr></table><p class="totop"><a href="#summary">back to summary</a></p>
<h3 id="m119">Runner.TestRunner#runScenario</h3><table class="result"><tr class="param"><th>Parameter #1</th><th>Parameter #2</th></tr><tr class="param stripe"><td>&quot;User should get error message below confirm password textbox&quot;</td><td>&quot;Test Automation DS Algo register page&quot;</td></tr></table><p class="totop"><a href="#summary">back to summary</a></p>
<h3 id="m120">Runner.TestRunner#runScenario</h3><table class="result"><tr class="param"><th>Parameter #1</th><th>Parameter #2</th></tr><tr class="param stripe"><td>&quot;User tests drop down list functionality on sign in page&quot;</td><td>&quot;Test ds_algo portal sign in page&quot;</td></tr></table><p class="totop"><a href="#summary">back to summary</a></p>
<h3 id="m121">Runner.TestRunner#runScenario</h3><table class="result"><tr class="param"><th>Parameter #1</th><th>Parameter #2</th></tr><tr class="param stripe"><td>&quot;User tests Get Started button after loggin in&quot;</td><td>&quot;Home page after loggin in&quot;</td></tr></table><p class="totop"><a href="#summary">back to summary</a></p>
<h3 id="m122">Runner.TestRunner#runScenario</h3><table class="result"><tr class="param"><th>Parameter #1</th><th>Parameter #2</th></tr><tr class="param stripe"><td>&quot;User is able to navigate to Practice Questins Page from Basic Operations In List Page&quot;</td><td>&quot;Test Arrays page in ds_algo portal&quot;</td></tr></table><p class="totop"><a href="#summary">back to summary</a></p>
<h3 id="m123">Runner.TestRunner#runScenario</h3><table class="result"><tr class="param"><th>Parameter #1</th><th>Parameter #2</th></tr><tr class="param stripe"><td>&quot;user checks drop down functionality after loggin in&quot;</td><td>&quot;Home page after loggin in&quot;</td></tr></table><p class="totop"><a href="#summary">back to summary</a></p>
<h3 id="m124">Runner.TestRunner#runScenario</h3><table class="result"><tr class="param"><th>Parameter #1</th><th>Parameter #2</th></tr><tr class="param stripe"><td>&quot;User tests drop down list functionality on sign in page&quot;</td><td>&quot;Test ds_algo portal sign in page&quot;</td></tr></table><p class="totop"><a href="#summary">back to summary</a></p>
<h3 id="m125">Runner.TestRunner#runScenario</h3><table class="result"><tr class="param"><th>Parameter #1</th><th>Parameter #2</th></tr><tr class="param stripe"><td>&quot;User is able to navigate to Types of Linked List Page&quot;</td><td>&quot;Test Linked List page in ds_algo portal&quot;</td></tr></table><p class="totop"><a href="#summary">back to summary</a></p>
<h3 id="m126">Runner.TestRunner#runScenario</h3><table class="result"><tr class="param"><th>Parameter #1</th><th>Parameter #2</th></tr><tr class="param stripe"><td>&quot;User registers successfully&quot;</td><td>&quot;Test Automation DS Algo register page&quot;</td></tr></table><p class="totop"><a href="#summary">back to summary</a></p>
<h3 id="m127">Runner.TestRunner#runScenario</h3><table class="result"><tr class="param"><th>Parameter #1</th><th>Parameter #2</th></tr><tr class="param stripe"><td>&quot;User tests drop down list functionality on sign in page&quot;</td><td>&quot;Test ds_algo portal sign in page&quot;</td></tr></table><p class="totop"><a href="#summary">back to summary</a></p>
<h3 id="m128">Runner.TestRunner#runScenario</h3><table class="result"><tr class="param"><th>Parameter #1</th><th>Parameter #2</th></tr><tr class="param stripe"><td>&quot;User tests Get Started button after loggin in&quot;</td><td>&quot;Home page after loggin in&quot;</td></tr></table><p class="totop"><a href="#summary">back to summary</a></p>
<h3 id="m129">Runner.TestRunner#runScenario</h3><table class="result"><tr class="param"><th>Parameter #1</th><th>Parameter #2</th></tr><tr class="param stripe"><td>&quot;User tests Get Started button after loggin in&quot;</td><td>&quot;Home page after loggin in&quot;</td></tr></table><p class="totop"><a href="#summary">back to summary</a></p>
</body>
</html>
