<?xml version="1.0" encoding="UTF-8"?>
<testng-results ignored="0" total="130" passed="74" failed="56" skipped="0">
  <reporter-output>
  </reporter-output>
  <suite started-at="2023-03-29T11:56:37 CDT" name="Default suite" finished-at="2023-03-29T11:58:29 CDT" duration-ms="111927">
    <groups>
      <group name="cucumber">
        <method signature="AbstractTestNGCucumberTests.runScenario(io.cucumber.testng.PickleWrapper,io.cucumber.testng.FeatureWrapper)[pri:0, instance:Runner.TestRunner@6f43c82]" name="runScenario" class="io.cucumber.testng.AbstractTestNGCucumberTests"/>
      </group> <!-- cucumber -->
    </groups>
    <test started-at="2023-03-29T11:56:37 CDT" name="Default test" finished-at="2023-03-29T11:58:29 CDT" duration-ms="111927">
      <class name="Runner.TestRunner">
        <test-method is-config="true" signature="setUpClass(org.testng.ITestContext)[pri:0, instance:Runner.TestRunner@6f43c82]" started-at="2023-03-29T11:56:37 CDT" name="setUpClass" finished-at="2023-03-29T11:56:38 CDT" duration-ms="1059" status="PASS">
          <params>
            <param index="0">
              <value>
                <![CDATA[org.testng.TestRunner@6eae3730]]>
              </value>
            </param>
          </params>
          <reporter-output>
          </reporter-output>
        </test-method> <!-- setUpClass -->
        <test-method signature="runScenario(io.cucumber.testng.PickleWrapper,io.cucumber.testng.FeatureWrapper)[pri:0, instance:Runner.TestRunner@6f43c82]" started-at="2023-03-29T11:56:38 CDT" name="runScenario" description="Runs Cucumber Scenarios" data-provider="scenarios" finished-at="2023-03-29T11:56:39 CDT" duration-ms="278" status="FAIL">
          <params>
            <param index="0">
              <value>
                <![CDATA["The user is able to navigate to overview of trees page"]]>
              </value>
            </param>
            <param index="1">
              <value>
                <![CDATA["Tree"]]>
              </value>
            </param>
          </params>
          <exception class="java.lang.NullPointerException">
            <message>
              <![CDATA[Cannot invoke "org.openqa.selenium.WebDriver.get(String)" because "StepDefinition.Tree.driver" is null]]>
            </message>
            <full-stacktrace>
              <![CDATA[java.lang.NullPointerException: Cannot invoke "org.openqa.selenium.WebDriver.get(String)" because "StepDefinition.Tree.driver" is null
at StepDefinition.Tree.the_user_is_on_tree_home_page(Tree.java:52)
at ✽.The user is on tree home page(file:///C:/Users/shubh/eclipse-workspace/DS_AlgoProject/src/test/resources/features/10Tree.feature:7)
]]>
            </full-stacktrace>
          </exception> <!-- java.lang.NullPointerException -->
          <reporter-output>
          </reporter-output>
        </test-method> <!-- runScenario -->
        <test-method signature="runScenario(io.cucumber.testng.PickleWrapper,io.cucumber.testng.FeatureWrapper)[pri:0, instance:Runner.TestRunner@6f43c82]" started-at="2023-03-29T11:56:39 CDT" name="runScenario" description="Runs Cucumber Scenarios" data-provider="scenarios" finished-at="2023-03-29T11:56:39 CDT" duration-ms="51" status="FAIL">
          <params>
            <param index="0">
              <value>
                <![CDATA["The user should be directed to editor page with run button to test python code"]]>
              </value>
            </param>
            <param index="1">
              <value>
                <![CDATA["Tree"]]>
              </value>
            </param>
          </params>
          <exception class="java.lang.NullPointerException">
            <message>
              <![CDATA[Cannot invoke "org.openqa.selenium.WebDriver.get(String)" because "StepDefinition.Tree.driver" is null]]>
            </message>
            <full-stacktrace>
              <![CDATA[java.lang.NullPointerException: Cannot invoke "org.openqa.selenium.WebDriver.get(String)" because "StepDefinition.Tree.driver" is null
at StepDefinition.Tree.the_user_is_on_tree_home_page(Tree.java:52)
at ✽.The user is on tree home page(file:///C:/Users/shubh/eclipse-workspace/DS_AlgoProject/src/test/resources/features/10Tree.feature:7)
]]>
            </full-stacktrace>
          </exception> <!-- java.lang.NullPointerException -->
          <reporter-output>
          </reporter-output>
        </test-method> <!-- runScenario -->
        <test-method signature="runScenario(io.cucumber.testng.PickleWrapper,io.cucumber.testng.FeatureWrapper)[pri:0, instance:Runner.TestRunner@6f43c82]" started-at="2023-03-29T11:56:39 CDT" name="runScenario" description="Runs Cucumber Scenarios" data-provider="scenarios" finished-at="2023-03-29T11:56:39 CDT" duration-ms="47" status="FAIL">
          <params>
            <param index="0">
              <value>
                <![CDATA["The user is able to run code in Editor for overview of trees page"]]>
              </value>
            </param>
            <param index="1">
              <value>
                <![CDATA["Tree"]]>
              </value>
            </param>
          </params>
          <exception class="java.lang.NullPointerException">
            <message>
              <![CDATA[Cannot invoke "org.openqa.selenium.WebDriver.get(String)" because "StepDefinition.Tree.driver" is null]]>
            </message>
            <full-stacktrace>
              <![CDATA[java.lang.NullPointerException: Cannot invoke "org.openqa.selenium.WebDriver.get(String)" because "StepDefinition.Tree.driver" is null
at StepDefinition.Tree.the_user_is_on_tree_home_page(Tree.java:52)
at ✽.The user is on tree home page(file:///C:/Users/shubh/eclipse-workspace/DS_AlgoProject/src/test/resources/features/10Tree.feature:7)
]]>
            </full-stacktrace>
          </exception> <!-- java.lang.NullPointerException -->
          <reporter-output>
          </reporter-output>
        </test-method> <!-- runScenario -->
        <test-method signature="runScenario(io.cucumber.testng.PickleWrapper,io.cucumber.testng.FeatureWrapper)[pri:0, instance:Runner.TestRunner@6f43c82]" started-at="2023-03-29T11:56:39 CDT" name="runScenario" description="Runs Cucumber Scenarios" data-provider="scenarios" finished-at="2023-03-29T11:56:39 CDT" duration-ms="64" status="FAIL">
          <params>
            <param index="0">
              <value>
                <![CDATA["The user is presented with error message for invalid code in Editor for overview of trees page"]]>
              </value>
            </param>
            <param index="1">
              <value>
                <![CDATA["Tree"]]>
              </value>
            </param>
          </params>
          <exception class="java.lang.NullPointerException">
            <message>
              <![CDATA[Cannot invoke "org.openqa.selenium.WebDriver.get(String)" because "StepDefinition.Tree.driver" is null]]>
            </message>
            <full-stacktrace>
              <![CDATA[java.lang.NullPointerException: Cannot invoke "org.openqa.selenium.WebDriver.get(String)" because "StepDefinition.Tree.driver" is null
at StepDefinition.Tree.the_user_is_on_tree_home_page(Tree.java:52)
at ✽.The user is on tree home page(file:///C:/Users/shubh/eclipse-workspace/DS_AlgoProject/src/test/resources/features/10Tree.feature:7)
]]>
            </full-stacktrace>
          </exception> <!-- java.lang.NullPointerException -->
          <reporter-output>
          </reporter-output>
        </test-method> <!-- runScenario -->
        <test-method signature="runScenario(io.cucumber.testng.PickleWrapper,io.cucumber.testng.FeatureWrapper)[pri:0, instance:Runner.TestRunner@6f43c82]" started-at="2023-03-29T11:56:39 CDT" name="runScenario" description="Runs Cucumber Scenarios" data-provider="scenarios" finished-at="2023-03-29T11:56:39 CDT" duration-ms="44" status="FAIL">
          <params>
            <param index="0">
              <value>
                <![CDATA["The user is able to navigate to terminologies page"]]>
              </value>
            </param>
            <param index="1">
              <value>
                <![CDATA["Tree"]]>
              </value>
            </param>
          </params>
          <exception class="java.lang.NullPointerException">
            <message>
              <![CDATA[Cannot invoke "org.openqa.selenium.WebDriver.get(String)" because "StepDefinition.Tree.driver" is null]]>
            </message>
            <full-stacktrace>
              <![CDATA[java.lang.NullPointerException: Cannot invoke "org.openqa.selenium.WebDriver.get(String)" because "StepDefinition.Tree.driver" is null
at StepDefinition.Tree.the_user_is_on_tree_home_page(Tree.java:52)
at ✽.The user is on tree home page(file:///C:/Users/shubh/eclipse-workspace/DS_AlgoProject/src/test/resources/features/10Tree.feature:7)
]]>
            </full-stacktrace>
          </exception> <!-- java.lang.NullPointerException -->
          <reporter-output>
          </reporter-output>
        </test-method> <!-- runScenario -->
        <test-method signature="runScenario(io.cucumber.testng.PickleWrapper,io.cucumber.testng.FeatureWrapper)[pri:0, instance:Runner.TestRunner@6f43c82]" started-at="2023-03-29T11:56:39 CDT" name="runScenario" description="Runs Cucumber Scenarios" data-provider="scenarios" finished-at="2023-03-29T11:56:39 CDT" duration-ms="25" status="FAIL">
          <params>
            <param index="0">
              <value>
                <![CDATA["The user should be directed to editor page with run button to test python code"]]>
              </value>
            </param>
            <param index="1">
              <value>
                <![CDATA["Tree"]]>
              </value>
            </param>
          </params>
          <exception class="java.lang.NullPointerException">
            <message>
              <![CDATA[Cannot invoke "org.openqa.selenium.WebDriver.get(String)" because "StepDefinition.Tree.driver" is null]]>
            </message>
            <full-stacktrace>
              <![CDATA[java.lang.NullPointerException: Cannot invoke "org.openqa.selenium.WebDriver.get(String)" because "StepDefinition.Tree.driver" is null
at StepDefinition.Tree.the_user_is_on_tree_home_page(Tree.java:52)
at ✽.The user is on tree home page(file:///C:/Users/shubh/eclipse-workspace/DS_AlgoProject/src/test/resources/features/10Tree.feature:7)
]]>
            </full-stacktrace>
          </exception> <!-- java.lang.NullPointerException -->
          <reporter-output>
          </reporter-output>
        </test-method> <!-- runScenario -->
        <test-method signature="runScenario(io.cucumber.testng.PickleWrapper,io.cucumber.testng.FeatureWrapper)[pri:0, instance:Runner.TestRunner@6f43c82]" started-at="2023-03-29T11:56:39 CDT" name="runScenario" description="Runs Cucumber Scenarios" data-provider="scenarios" finished-at="2023-03-29T11:56:39 CDT" duration-ms="54" status="FAIL">
          <params>
            <param index="0">
              <value>
                <![CDATA["The user is able to run code in Editor for terminologies page"]]>
              </value>
            </param>
            <param index="1">
              <value>
                <![CDATA["Tree"]]>
              </value>
            </param>
          </params>
          <exception class="java.lang.NullPointerException">
            <message>
              <![CDATA[Cannot invoke "org.openqa.selenium.WebDriver.get(String)" because "StepDefinition.Tree.driver" is null]]>
            </message>
            <full-stacktrace>
              <![CDATA[java.lang.NullPointerException: Cannot invoke "org.openqa.selenium.WebDriver.get(String)" because "StepDefinition.Tree.driver" is null
at StepDefinition.Tree.the_user_is_on_tree_home_page(Tree.java:52)
at ✽.The user is on tree home page(file:///C:/Users/shubh/eclipse-workspace/DS_AlgoProject/src/test/resources/features/10Tree.feature:7)
]]>
            </full-stacktrace>
          </exception> <!-- java.lang.NullPointerException -->
          <reporter-output>
          </reporter-output>
        </test-method> <!-- runScenario -->
        <test-method signature="runScenario(io.cucumber.testng.PickleWrapper,io.cucumber.testng.FeatureWrapper)[pri:0, instance:Runner.TestRunner@6f43c82]" started-at="2023-03-29T11:56:39 CDT" name="runScenario" description="Runs Cucumber Scenarios" data-provider="scenarios" finished-at="2023-03-29T11:56:39 CDT" duration-ms="28" status="FAIL">
          <params>
            <param index="0">
              <value>
                <![CDATA["The user is presented with error message for invalid code in Editor for terminologies page"]]>
              </value>
            </param>
            <param index="1">
              <value>
                <![CDATA["Tree"]]>
              </value>
            </param>
          </params>
          <exception class="java.lang.NullPointerException">
            <message>
              <![CDATA[Cannot invoke "org.openqa.selenium.WebDriver.get(String)" because "StepDefinition.Tree.driver" is null]]>
            </message>
            <full-stacktrace>
              <![CDATA[java.lang.NullPointerException: Cannot invoke "org.openqa.selenium.WebDriver.get(String)" because "StepDefinition.Tree.driver" is null
at StepDefinition.Tree.the_user_is_on_tree_home_page(Tree.java:52)
at ✽.The user is on tree home page(file:///C:/Users/shubh/eclipse-workspace/DS_AlgoProject/src/test/resources/features/10Tree.feature:7)
]]>
            </full-stacktrace>
          </exception> <!-- java.lang.NullPointerException -->
          <reporter-output>
          </reporter-output>
        </test-method> <!-- runScenario -->
        <test-method signature="runScenario(io.cucumber.testng.PickleWrapper,io.cucumber.testng.FeatureWrapper)[pri:0, instance:Runner.TestRunner@6f43c82]" started-at="2023-03-29T11:56:39 CDT" name="runScenario" description="Runs Cucumber Scenarios" data-provider="scenarios" finished-at="2023-03-29T11:56:39 CDT" duration-ms="25" status="FAIL">
          <params>
            <param index="0">
              <value>
                <![CDATA["The user is able to navigate to practice questions page"]]>
              </value>
            </param>
            <param index="1">
              <value>
                <![CDATA["Tree"]]>
              </value>
            </param>
          </params>
          <exception class="java.lang.NullPointerException">
            <message>
              <![CDATA[Cannot invoke "org.openqa.selenium.WebDriver.get(String)" because "StepDefinition.Tree.driver" is null]]>
            </message>
            <full-stacktrace>
              <![CDATA[java.lang.NullPointerException: Cannot invoke "org.openqa.selenium.WebDriver.get(String)" because "StepDefinition.Tree.driver" is null
at StepDefinition.Tree.the_user_is_on_tree_home_page(Tree.java:52)
at ✽.The user is on tree home page(file:///C:/Users/shubh/eclipse-workspace/DS_AlgoProject/src/test/resources/features/10Tree.feature:7)
]]>
            </full-stacktrace>
          </exception> <!-- java.lang.NullPointerException -->
          <reporter-output>
          </reporter-output>
        </test-method> <!-- runScenario -->
        <test-method signature="runScenario(io.cucumber.testng.PickleWrapper,io.cucumber.testng.FeatureWrapper)[pri:0, instance:Runner.TestRunner@6f43c82]" started-at="2023-03-29T11:56:39 CDT" name="runScenario" description="Runs Cucumber Scenarios" data-provider="scenarios" finished-at="2023-03-29T11:56:39 CDT" duration-ms="40" status="FAIL">
          <params>
            <param index="0">
              <value>
                <![CDATA["The user is able to navigate to Graph page"]]>
              </value>
            </param>
            <param index="1">
              <value>
                <![CDATA["graph"]]>
              </value>
            </param>
          </params>
          <exception class="java.lang.NullPointerException">
            <message>
              <![CDATA[Cannot invoke "org.openqa.selenium.WebDriver.get(String)" because "StepDefinition.Graph.driver" is null]]>
            </message>
            <full-stacktrace>
              <![CDATA[java.lang.NullPointerException: Cannot invoke "org.openqa.selenium.WebDriver.get(String)" because "StepDefinition.Graph.driver" is null
at StepDefinition.Graph.the_user_is_on_graph_home_page(Graph.java:39)
at ✽.The user is on graph home page(file:///C:/Users/shubh/eclipse-workspace/DS_AlgoProject/src/test/resources/features/11Graph.feature:7)
]]>
            </full-stacktrace>
          </exception> <!-- java.lang.NullPointerException -->
          <reporter-output>
          </reporter-output>
        </test-method> <!-- runScenario -->
        <test-method signature="runScenario(io.cucumber.testng.PickleWrapper,io.cucumber.testng.FeatureWrapper)[pri:0, instance:Runner.TestRunner@6f43c82]" started-at="2023-03-29T11:56:39 CDT" name="runScenario" description="Runs Cucumber Scenarios" data-provider="scenarios" finished-at="2023-03-29T11:56:39 CDT" duration-ms="24" status="FAIL">
          <params>
            <param index="0">
              <value>
                <![CDATA["The user should be directed to editor page with run button to test python code"]]>
              </value>
            </param>
            <param index="1">
              <value>
                <![CDATA["graph"]]>
              </value>
            </param>
          </params>
          <exception class="java.lang.NullPointerException">
            <message>
              <![CDATA[Cannot invoke "org.openqa.selenium.WebDriver.get(String)" because "StepDefinition.Graph.driver" is null]]>
            </message>
            <full-stacktrace>
              <![CDATA[java.lang.NullPointerException: Cannot invoke "org.openqa.selenium.WebDriver.get(String)" because "StepDefinition.Graph.driver" is null
at StepDefinition.Graph.the_user_is_on_graph_home_page(Graph.java:39)
at ✽.The user is on graph home page(file:///C:/Users/shubh/eclipse-workspace/DS_AlgoProject/src/test/resources/features/11Graph.feature:7)
]]>
            </full-stacktrace>
          </exception> <!-- java.lang.NullPointerException -->
          <reporter-output>
          </reporter-output>
        </test-method> <!-- runScenario -->
        <test-method signature="runScenario(io.cucumber.testng.PickleWrapper,io.cucumber.testng.FeatureWrapper)[pri:0, instance:Runner.TestRunner@6f43c82]" started-at="2023-03-29T11:56:39 CDT" name="runScenario" description="Runs Cucumber Scenarios" data-provider="scenarios" finished-at="2023-03-29T11:56:39 CDT" duration-ms="22" status="FAIL">
          <params>
            <param index="0">
              <value>
                <![CDATA["The user is able to run code in Editor for Graph page"]]>
              </value>
            </param>
            <param index="1">
              <value>
                <![CDATA["graph"]]>
              </value>
            </param>
          </params>
          <exception class="java.lang.NullPointerException">
            <message>
              <![CDATA[Cannot invoke "org.openqa.selenium.WebDriver.get(String)" because "StepDefinition.Graph.driver" is null]]>
            </message>
            <full-stacktrace>
              <![CDATA[java.lang.NullPointerException: Cannot invoke "org.openqa.selenium.WebDriver.get(String)" because "StepDefinition.Graph.driver" is null
at StepDefinition.Graph.the_user_is_on_graph_home_page(Graph.java:39)
at ✽.The user is on graph home page(file:///C:/Users/shubh/eclipse-workspace/DS_AlgoProject/src/test/resources/features/11Graph.feature:7)
]]>
            </full-stacktrace>
          </exception> <!-- java.lang.NullPointerException -->
          <reporter-output>
          </reporter-output>
        </test-method> <!-- runScenario -->
        <test-method signature="runScenario(io.cucumber.testng.PickleWrapper,io.cucumber.testng.FeatureWrapper)[pri:0, instance:Runner.TestRunner@6f43c82]" started-at="2023-03-29T11:56:39 CDT" name="runScenario" description="Runs Cucumber Scenarios" data-provider="scenarios" finished-at="2023-03-29T11:56:39 CDT" duration-ms="26" status="FAIL">
          <params>
            <param index="0">
              <value>
                <![CDATA["The user is presented with error message for invalid code in Editor for Graph page"]]>
              </value>
            </param>
            <param index="1">
              <value>
                <![CDATA["graph"]]>
              </value>
            </param>
          </params>
          <exception class="java.lang.NullPointerException">
            <message>
              <![CDATA[Cannot invoke "org.openqa.selenium.WebDriver.get(String)" because "StepDefinition.Graph.driver" is null]]>
            </message>
            <full-stacktrace>
              <![CDATA[java.lang.NullPointerException: Cannot invoke "org.openqa.selenium.WebDriver.get(String)" because "StepDefinition.Graph.driver" is null
at StepDefinition.Graph.the_user_is_on_graph_home_page(Graph.java:39)
at ✽.The user is on graph home page(file:///C:/Users/shubh/eclipse-workspace/DS_AlgoProject/src/test/resources/features/11Graph.feature:7)
]]>
            </full-stacktrace>
          </exception> <!-- java.lang.NullPointerException -->
          <reporter-output>
          </reporter-output>
        </test-method> <!-- runScenario -->
        <test-method signature="runScenario(io.cucumber.testng.PickleWrapper,io.cucumber.testng.FeatureWrapper)[pri:0, instance:Runner.TestRunner@6f43c82]" started-at="2023-03-29T11:56:39 CDT" name="runScenario" description="Runs Cucumber Scenarios" data-provider="scenarios" finished-at="2023-03-29T11:56:39 CDT" duration-ms="18" status="FAIL">
          <params>
            <param index="0">
              <value>
                <![CDATA["The user is able to navigate to graph page and click on Graph Representations link"]]>
              </value>
            </param>
            <param index="1">
              <value>
                <![CDATA["graph"]]>
              </value>
            </param>
          </params>
          <exception class="java.lang.NullPointerException">
            <message>
              <![CDATA[Cannot invoke "org.openqa.selenium.WebDriver.get(String)" because "StepDefinition.Graph.driver" is null]]>
            </message>
            <full-stacktrace>
              <![CDATA[java.lang.NullPointerException: Cannot invoke "org.openqa.selenium.WebDriver.get(String)" because "StepDefinition.Graph.driver" is null
at StepDefinition.Graph.the_user_is_on_graph_home_page(Graph.java:39)
at ✽.The user is on graph home page(file:///C:/Users/shubh/eclipse-workspace/DS_AlgoProject/src/test/resources/features/11Graph.feature:7)
]]>
            </full-stacktrace>
          </exception> <!-- java.lang.NullPointerException -->
          <reporter-output>
          </reporter-output>
        </test-method> <!-- runScenario -->
        <test-method signature="runScenario(io.cucumber.testng.PickleWrapper,io.cucumber.testng.FeatureWrapper)[pri:0, instance:Runner.TestRunner@6f43c82]" started-at="2023-03-29T11:56:39 CDT" name="runScenario" description="Runs Cucumber Scenarios" data-provider="scenarios" finished-at="2023-03-29T11:56:39 CDT" duration-ms="23" status="FAIL">
          <params>
            <param index="0">
              <value>
                <![CDATA["The user should be directed to editor page with run button to test python code from Graph Representations page"]]>
              </value>
            </param>
            <param index="1">
              <value>
                <![CDATA["graph"]]>
              </value>
            </param>
          </params>
          <exception class="java.lang.NullPointerException">
            <message>
              <![CDATA[Cannot invoke "org.openqa.selenium.WebDriver.get(String)" because "StepDefinition.Graph.driver" is null]]>
            </message>
            <full-stacktrace>
              <![CDATA[java.lang.NullPointerException: Cannot invoke "org.openqa.selenium.WebDriver.get(String)" because "StepDefinition.Graph.driver" is null
at StepDefinition.Graph.the_user_is_on_graph_home_page(Graph.java:39)
at ✽.The user is on graph home page(file:///C:/Users/shubh/eclipse-workspace/DS_AlgoProject/src/test/resources/features/11Graph.feature:7)
]]>
            </full-stacktrace>
          </exception> <!-- java.lang.NullPointerException -->
          <reporter-output>
          </reporter-output>
        </test-method> <!-- runScenario -->
        <test-method signature="runScenario(io.cucumber.testng.PickleWrapper,io.cucumber.testng.FeatureWrapper)[pri:0, instance:Runner.TestRunner@6f43c82]" started-at="2023-03-29T11:56:39 CDT" name="runScenario" description="Runs Cucumber Scenarios" data-provider="scenarios" finished-at="2023-03-29T11:56:39 CDT" duration-ms="43" status="FAIL">
          <params>
            <param index="0">
              <value>
                <![CDATA["The user is able to run code in Editor for Graph Representations page"]]>
              </value>
            </param>
            <param index="1">
              <value>
                <![CDATA["graph"]]>
              </value>
            </param>
          </params>
          <exception class="java.lang.NullPointerException">
            <message>
              <![CDATA[Cannot invoke "org.openqa.selenium.WebDriver.get(String)" because "StepDefinition.Graph.driver" is null]]>
            </message>
            <full-stacktrace>
              <![CDATA[java.lang.NullPointerException: Cannot invoke "org.openqa.selenium.WebDriver.get(String)" because "StepDefinition.Graph.driver" is null
at StepDefinition.Graph.the_user_is_on_graph_home_page(Graph.java:39)
at ✽.The user is on graph home page(file:///C:/Users/shubh/eclipse-workspace/DS_AlgoProject/src/test/resources/features/11Graph.feature:7)
]]>
            </full-stacktrace>
          </exception> <!-- java.lang.NullPointerException -->
          <reporter-output>
          </reporter-output>
        </test-method> <!-- runScenario -->
        <test-method signature="runScenario(io.cucumber.testng.PickleWrapper,io.cucumber.testng.FeatureWrapper)[pri:0, instance:Runner.TestRunner@6f43c82]" started-at="2023-03-29T11:56:39 CDT" name="runScenario" description="Runs Cucumber Scenarios" data-provider="scenarios" finished-at="2023-03-29T11:56:39 CDT" duration-ms="21" status="FAIL">
          <params>
            <param index="0">
              <value>
                <![CDATA["The user is presented with error message for invalid code in Editor for Graph Representations page"]]>
              </value>
            </param>
            <param index="1">
              <value>
                <![CDATA["graph"]]>
              </value>
            </param>
          </params>
          <exception class="java.lang.NullPointerException">
            <message>
              <![CDATA[Cannot invoke "org.openqa.selenium.WebDriver.get(String)" because "StepDefinition.Graph.driver" is null]]>
            </message>
            <full-stacktrace>
              <![CDATA[java.lang.NullPointerException: Cannot invoke "org.openqa.selenium.WebDriver.get(String)" because "StepDefinition.Graph.driver" is null
at StepDefinition.Graph.the_user_is_on_graph_home_page(Graph.java:39)
at ✽.The user is on graph home page(file:///C:/Users/shubh/eclipse-workspace/DS_AlgoProject/src/test/resources/features/11Graph.feature:7)
]]>
            </full-stacktrace>
          </exception> <!-- java.lang.NullPointerException -->
          <reporter-output>
          </reporter-output>
        </test-method> <!-- runScenario -->
        <test-method signature="runScenario(io.cucumber.testng.PickleWrapper,io.cucumber.testng.FeatureWrapper)[pri:0, instance:Runner.TestRunner@6f43c82]" started-at="2023-03-29T11:56:40 CDT" name="runScenario" description="Runs Cucumber Scenarios" data-provider="scenarios" finished-at="2023-03-29T11:56:40 CDT" duration-ms="60" status="FAIL">
          <params>
            <param index="0">
              <value>
                <![CDATA["The user is able to navigate to graph representations page and click on Practice Questions"]]>
              </value>
            </param>
            <param index="1">
              <value>
                <![CDATA["graph"]]>
              </value>
            </param>
          </params>
          <exception class="java.lang.NullPointerException">
            <message>
              <![CDATA[Cannot invoke "org.openqa.selenium.WebDriver.get(String)" because "StepDefinition.Graph.driver" is null]]>
            </message>
            <full-stacktrace>
              <![CDATA[java.lang.NullPointerException: Cannot invoke "org.openqa.selenium.WebDriver.get(String)" because "StepDefinition.Graph.driver" is null
at StepDefinition.Graph.the_user_is_on_graph_home_page(Graph.java:39)
at ✽.The user is on graph home page(file:///C:/Users/shubh/eclipse-workspace/DS_AlgoProject/src/test/resources/features/11Graph.feature:7)
]]>
            </full-stacktrace>
          </exception> <!-- java.lang.NullPointerException -->
          <reporter-output>
          </reporter-output>
        </test-method> <!-- runScenario -->
        <test-method signature="runScenario(io.cucumber.testng.PickleWrapper,io.cucumber.testng.FeatureWrapper)[pri:0, instance:Runner.TestRunner@6f43c82]" started-at="2023-03-29T11:56:40 CDT" name="runScenario" description="Runs Cucumber Scenarios" data-provider="scenarios" finished-at="2023-03-29T11:56:40 CDT" duration-ms="47" status="FAIL">
          <params>
            <param index="0">
              <value>
                <![CDATA["Verifying signout link in home page"]]>
              </value>
            </param>
            <param index="1">
              <value>
                <![CDATA["graph"]]>
              </value>
            </param>
          </params>
          <exception class="java.lang.NullPointerException">
            <message>
              <![CDATA[Cannot invoke "org.openqa.selenium.WebDriver.get(String)" because "StepDefinition.Graph.driver" is null]]>
            </message>
            <full-stacktrace>
              <![CDATA[java.lang.NullPointerException: Cannot invoke "org.openqa.selenium.WebDriver.get(String)" because "StepDefinition.Graph.driver" is null
at StepDefinition.Graph.the_user_is_on_graph_home_page(Graph.java:39)
at ✽.The user is on graph home page(file:///C:/Users/shubh/eclipse-workspace/DS_AlgoProject/src/test/resources/features/11Graph.feature:7)
]]>
            </full-stacktrace>
          </exception> <!-- java.lang.NullPointerException -->
          <reporter-output>
          </reporter-output>
        </test-method> <!-- runScenario -->
        <test-method signature="runScenario(io.cucumber.testng.PickleWrapper,io.cucumber.testng.FeatureWrapper)[pri:0, instance:Runner.TestRunner@6f43c82]" started-at="2023-03-29T11:56:40 CDT" name="runScenario" description="Runs Cucumber Scenarios" data-provider="scenarios" finished-at="2023-03-29T11:56:46 CDT" duration-ms="6388" status="PASS">
          <params>
            <param index="0">
              <value>
                <![CDATA["user navigates to ds_algo portal home page"]]>
              </value>
            </param>
            <param index="1">
              <value>
                <![CDATA["Test DS Algo portal home page"]]>
              </value>
            </param>
          </params>
          <reporter-output>
          </reporter-output>
        </test-method> <!-- runScenario -->
        <test-method signature="runScenario(io.cucumber.testng.PickleWrapper,io.cucumber.testng.FeatureWrapper)[pri:0, instance:Runner.TestRunner@6f43c82]" started-at="2023-03-29T11:56:46 CDT" name="runScenario" description="Runs Cucumber Scenarios" data-provider="scenarios" finished-at="2023-03-29T11:56:47 CDT" duration-ms="602" status="PASS">
          <params>
            <param index="0">
              <value>
                <![CDATA["user checks login functionality"]]>
              </value>
            </param>
            <param index="1">
              <value>
                <![CDATA["Test DS Algo portal home page"]]>
              </value>
            </param>
          </params>
          <reporter-output>
          </reporter-output>
        </test-method> <!-- runScenario -->
        <test-method signature="runScenario(io.cucumber.testng.PickleWrapper,io.cucumber.testng.FeatureWrapper)[pri:0, instance:Runner.TestRunner@6f43c82]" started-at="2023-03-29T11:56:47 CDT" name="runScenario" description="Runs Cucumber Scenarios" data-provider="scenarios" finished-at="2023-03-29T11:56:47 CDT" duration-ms="347" status="PASS">
          <params>
            <param index="0">
              <value>
                <![CDATA["user checks drop down entries"]]>
              </value>
            </param>
            <param index="1">
              <value>
                <![CDATA["Test DS Algo portal home page"]]>
              </value>
            </param>
          </params>
          <reporter-output>
          </reporter-output>
        </test-method> <!-- runScenario -->
        <test-method signature="runScenario(io.cucumber.testng.PickleWrapper,io.cucumber.testng.FeatureWrapper)[pri:0, instance:Runner.TestRunner@6f43c82]" started-at="2023-03-29T11:56:47 CDT" name="runScenario" description="Runs Cucumber Scenarios" data-provider="scenarios" finished-at="2023-03-29T11:56:48 CDT" duration-ms="574" status="PASS">
          <params>
            <param index="0">
              <value>
                <![CDATA["user checks drop down functionality witout sign in"]]>
              </value>
            </param>
            <param index="1">
              <value>
                <![CDATA["Test DS Algo portal home page"]]>
              </value>
            </param>
          </params>
          <reporter-output>
          </reporter-output>
        </test-method> <!-- runScenario -->
        <test-method signature="runScenario(io.cucumber.testng.PickleWrapper,io.cucumber.testng.FeatureWrapper)[pri:0, instance:Runner.TestRunner@6f43c82]" started-at="2023-03-29T11:56:48 CDT" name="runScenario" description="Runs Cucumber Scenarios" data-provider="scenarios" finished-at="2023-03-29T11:56:48 CDT" duration-ms="644" status="PASS">
          <params>
            <param index="0">
              <value>
                <![CDATA["user checks drop down functionality witout sign in"]]>
              </value>
            </param>
            <param index="1">
              <value>
                <![CDATA["Test DS Algo portal home page"]]>
              </value>
            </param>
          </params>
          <reporter-output>
          </reporter-output>
        </test-method> <!-- runScenario -->
        <test-method signature="runScenario(io.cucumber.testng.PickleWrapper,io.cucumber.testng.FeatureWrapper)[pri:0, instance:Runner.TestRunner@6f43c82]" started-at="2023-03-29T11:56:48 CDT" name="runScenario" description="Runs Cucumber Scenarios" data-provider="scenarios" finished-at="2023-03-29T11:56:49 CDT" duration-ms="574" status="PASS">
          <params>
            <param index="0">
              <value>
                <![CDATA["user checks drop down functionality witout sign in"]]>
              </value>
            </param>
            <param index="1">
              <value>
                <![CDATA["Test DS Algo portal home page"]]>
              </value>
            </param>
          </params>
          <reporter-output>
          </reporter-output>
        </test-method> <!-- runScenario -->
        <test-method signature="runScenario(io.cucumber.testng.PickleWrapper,io.cucumber.testng.FeatureWrapper)[pri:0, instance:Runner.TestRunner@6f43c82]" started-at="2023-03-29T11:56:49 CDT" name="runScenario" description="Runs Cucumber Scenarios" data-provider="scenarios" finished-at="2023-03-29T11:56:49 CDT" duration-ms="530" status="PASS">
          <params>
            <param index="0">
              <value>
                <![CDATA["user checks drop down functionality witout sign in"]]>
              </value>
            </param>
            <param index="1">
              <value>
                <![CDATA["Test DS Algo portal home page"]]>
              </value>
            </param>
          </params>
          <reporter-output>
          </reporter-output>
        </test-method> <!-- runScenario -->
        <test-method signature="runScenario(io.cucumber.testng.PickleWrapper,io.cucumber.testng.FeatureWrapper)[pri:0, instance:Runner.TestRunner@6f43c82]" started-at="2023-03-29T11:56:49 CDT" name="runScenario" description="Runs Cucumber Scenarios" data-provider="scenarios" finished-at="2023-03-29T11:56:50 CDT" duration-ms="525" status="PASS">
          <params>
            <param index="0">
              <value>
                <![CDATA["user checks drop down functionality witout sign in"]]>
              </value>
            </param>
            <param index="1">
              <value>
                <![CDATA["Test DS Algo portal home page"]]>
              </value>
            </param>
          </params>
          <reporter-output>
          </reporter-output>
        </test-method> <!-- runScenario -->
        <test-method signature="runScenario(io.cucumber.testng.PickleWrapper,io.cucumber.testng.FeatureWrapper)[pri:0, instance:Runner.TestRunner@6f43c82]" started-at="2023-03-29T11:56:50 CDT" name="runScenario" description="Runs Cucumber Scenarios" data-provider="scenarios" finished-at="2023-03-29T11:56:51 CDT" duration-ms="813" status="PASS">
          <params>
            <param index="0">
              <value>
                <![CDATA["user checks drop down functionality witout sign in"]]>
              </value>
            </param>
            <param index="1">
              <value>
                <![CDATA["Test DS Algo portal home page"]]>
              </value>
            </param>
          </params>
          <reporter-output>
          </reporter-output>
        </test-method> <!-- runScenario -->
        <test-method signature="runScenario(io.cucumber.testng.PickleWrapper,io.cucumber.testng.FeatureWrapper)[pri:0, instance:Runner.TestRunner@6f43c82]" started-at="2023-03-29T11:56:51 CDT" name="runScenario" description="Runs Cucumber Scenarios" data-provider="scenarios" finished-at="2023-03-29T11:56:51 CDT" duration-ms="504" status="PASS">
          <params>
            <param index="0">
              <value>
                <![CDATA["user navigates to sign in page"]]>
              </value>
            </param>
            <param index="1">
              <value>
                <![CDATA["Test DS Algo portal home page"]]>
              </value>
            </param>
          </params>
          <reporter-output>
          </reporter-output>
        </test-method> <!-- runScenario -->
        <test-method signature="runScenario(io.cucumber.testng.PickleWrapper,io.cucumber.testng.FeatureWrapper)[pri:0, instance:Runner.TestRunner@6f43c82]" started-at="2023-03-29T11:56:51 CDT" name="runScenario" description="Runs Cucumber Scenarios" data-provider="scenarios" finished-at="2023-03-29T11:56:52 CDT" duration-ms="462" status="PASS">
          <params>
            <param index="0">
              <value>
                <![CDATA["user navigates to registration page"]]>
              </value>
            </param>
            <param index="1">
              <value>
                <![CDATA["Test DS Algo portal home page"]]>
              </value>
            </param>
          </params>
          <reporter-output>
          </reporter-output>
        </test-method> <!-- runScenario -->
        <test-method signature="runScenario(io.cucumber.testng.PickleWrapper,io.cucumber.testng.FeatureWrapper)[pri:0, instance:Runner.TestRunner@6f43c82]" started-at="2023-03-29T11:56:52 CDT" name="runScenario" description="Runs Cucumber Scenarios" data-provider="scenarios" finished-at="2023-03-29T11:56:52 CDT" duration-ms="542" status="PASS">
          <params>
            <param index="0">
              <value>
                <![CDATA["The user navigates to ds algo home page"]]>
              </value>
            </param>
            <param index="1">
              <value>
                <![CDATA["Test Automation DS Algo register page"]]>
              </value>
            </param>
          </params>
          <reporter-output>
          </reporter-output>
        </test-method> <!-- runScenario -->
        <test-method signature="runScenario(io.cucumber.testng.PickleWrapper,io.cucumber.testng.FeatureWrapper)[pri:0, instance:Runner.TestRunner@6f43c82]" started-at="2023-03-29T11:56:52 CDT" name="runScenario" description="Runs Cucumber Scenarios" data-provider="scenarios" finished-at="2023-03-29T11:56:56 CDT" duration-ms="3501" status="PASS">
          <params>
            <param index="0">
              <value>
                <![CDATA["User navigates to register page"]]>
              </value>
            </param>
            <param index="1">
              <value>
                <![CDATA["Test Automation DS Algo register page"]]>
              </value>
            </param>
          </params>
          <reporter-output>
          </reporter-output>
        </test-method> <!-- runScenario -->
        <test-method signature="runScenario(io.cucumber.testng.PickleWrapper,io.cucumber.testng.FeatureWrapper)[pri:0, instance:Runner.TestRunner@6f43c82]" started-at="2023-03-29T11:56:56 CDT" name="runScenario" description="Runs Cucumber Scenarios" data-provider="scenarios" finished-at="2023-03-29T11:57:01 CDT" duration-ms="5598" status="PASS">
          <params>
            <param index="0">
              <value>
                <![CDATA["User should get error message for all fields empty below username textbox"]]>
              </value>
            </param>
            <param index="1">
              <value>
                <![CDATA["Test Automation DS Algo register page"]]>
              </value>
            </param>
          </params>
          <reporter-output>
          </reporter-output>
        </test-method> <!-- runScenario -->
        <test-method signature="runScenario(io.cucumber.testng.PickleWrapper,io.cucumber.testng.FeatureWrapper)[pri:0, instance:Runner.TestRunner@6f43c82]" started-at="2023-03-29T11:57:01 CDT" name="runScenario" description="Runs Cucumber Scenarios" data-provider="scenarios" finished-at="2023-03-29T11:57:02 CDT" duration-ms="692" status="PASS">
          <params>
            <param index="0">
              <value>
                <![CDATA["User should get error message below password textbox"]]>
              </value>
            </param>
            <param index="1">
              <value>
                <![CDATA["Test Automation DS Algo register page"]]>
              </value>
            </param>
          </params>
          <reporter-output>
          </reporter-output>
        </test-method> <!-- runScenario -->
        <test-method signature="runScenario(io.cucumber.testng.PickleWrapper,io.cucumber.testng.FeatureWrapper)[pri:0, instance:Runner.TestRunner@6f43c82]" started-at="2023-03-29T11:57:02 CDT" name="runScenario" description="Runs Cucumber Scenarios" data-provider="scenarios" finished-at="2023-03-29T11:57:03 CDT" duration-ms="722" status="PASS">
          <params>
            <param index="0">
              <value>
                <![CDATA["User should get error message below confirm password textbox"]]>
              </value>
            </param>
            <param index="1">
              <value>
                <![CDATA["Test Automation DS Algo register page"]]>
              </value>
            </param>
          </params>
          <reporter-output>
          </reporter-output>
        </test-method> <!-- runScenario -->
        <test-method signature="runScenario(io.cucumber.testng.PickleWrapper,io.cucumber.testng.FeatureWrapper)[pri:0, instance:Runner.TestRunner@6f43c82]" started-at="2023-03-29T11:57:03 CDT" name="runScenario" description="Runs Cucumber Scenarios" data-provider="scenarios" finished-at="2023-03-29T11:57:04 CDT" duration-ms="1058" status="PASS">
          <params>
            <param index="0">
              <value>
                <![CDATA["User registers with invalid username and password"]]>
              </value>
            </param>
            <param index="1">
              <value>
                <![CDATA["Test Automation DS Algo register page"]]>
              </value>
            </param>
          </params>
          <reporter-output>
          </reporter-output>
        </test-method> <!-- runScenario -->
        <test-method signature="runScenario(io.cucumber.testng.PickleWrapper,io.cucumber.testng.FeatureWrapper)[pri:0, instance:Runner.TestRunner@6f43c82]" started-at="2023-03-29T11:57:04 CDT" name="runScenario" description="Runs Cucumber Scenarios" data-provider="scenarios" finished-at="2023-03-29T11:57:05 CDT" duration-ms="1068" status="PASS">
          <params>
            <param index="0">
              <value>
                <![CDATA["User registers successfully"]]>
              </value>
            </param>
            <param index="1">
              <value>
                <![CDATA["Test Automation DS Algo register page"]]>
              </value>
            </param>
          </params>
          <reporter-output>
          </reporter-output>
        </test-method> <!-- runScenario -->
        <test-method signature="runScenario(io.cucumber.testng.PickleWrapper,io.cucumber.testng.FeatureWrapper)[pri:0, instance:Runner.TestRunner@6f43c82]" started-at="2023-03-29T11:57:05 CDT" name="runScenario" description="Runs Cucumber Scenarios" data-provider="scenarios" finished-at="2023-03-29T11:57:06 CDT" duration-ms="627" status="PASS">
          <params>
            <param index="0">
              <value>
                <![CDATA["user tests sign in functionality with empty username textbox"]]>
              </value>
            </param>
            <param index="1">
              <value>
                <![CDATA["Test ds_algo portal sign in page"]]>
              </value>
            </param>
          </params>
          <reporter-output>
          </reporter-output>
        </test-method> <!-- runScenario -->
        <test-method signature="runScenario(io.cucumber.testng.PickleWrapper,io.cucumber.testng.FeatureWrapper)[pri:0, instance:Runner.TestRunner@6f43c82]" started-at="2023-03-29T11:57:06 CDT" name="runScenario" description="Runs Cucumber Scenarios" data-provider="scenarios" finished-at="2023-03-29T11:57:06 CDT" duration-ms="661" status="PASS">
          <params>
            <param index="0">
              <value>
                <![CDATA["user tests sign in functionality with empty password textbox"]]>
              </value>
            </param>
            <param index="1">
              <value>
                <![CDATA["Test ds_algo portal sign in page"]]>
              </value>
            </param>
          </params>
          <reporter-output>
          </reporter-output>
        </test-method> <!-- runScenario -->
        <test-method signature="runScenario(io.cucumber.testng.PickleWrapper,io.cucumber.testng.FeatureWrapper)[pri:0, instance:Runner.TestRunner@6f43c82]" started-at="2023-03-29T11:57:06 CDT" name="runScenario" description="Runs Cucumber Scenarios" data-provider="scenarios" finished-at="2023-03-29T11:57:07 CDT" duration-ms="808" status="PASS">
          <params>
            <param index="0">
              <value>
                <![CDATA["User tests registration link on sign in page"]]>
              </value>
            </param>
            <param index="1">
              <value>
                <![CDATA["Test ds_algo portal sign in page"]]>
              </value>
            </param>
          </params>
          <reporter-output>
          </reporter-output>
        </test-method> <!-- runScenario -->
        <test-method signature="runScenario(io.cucumber.testng.PickleWrapper,io.cucumber.testng.FeatureWrapper)[pri:0, instance:Runner.TestRunner@6f43c82]" started-at="2023-03-29T11:57:07 CDT" name="runScenario" description="Runs Cucumber Scenarios" data-provider="scenarios" finished-at="2023-03-29T11:57:08 CDT" duration-ms="918" status="PASS">
          <params>
            <param index="0">
              <value>
                <![CDATA["User tests sign in link on sign in page"]]>
              </value>
            </param>
            <param index="1">
              <value>
                <![CDATA["Test ds_algo portal sign in page"]]>
              </value>
            </param>
          </params>
          <reporter-output>
          </reporter-output>
        </test-method> <!-- runScenario -->
        <test-method signature="runScenario(io.cucumber.testng.PickleWrapper,io.cucumber.testng.FeatureWrapper)[pri:0, instance:Runner.TestRunner@6f43c82]" started-at="2023-03-29T11:57:08 CDT" name="runScenario" description="Runs Cucumber Scenarios" data-provider="scenarios" finished-at="2023-03-29T11:57:09 CDT" duration-ms="765" status="PASS">
          <params>
            <param index="0">
              <value>
                <![CDATA["User tests registration link on sign in page"]]>
              </value>
            </param>
            <param index="1">
              <value>
                <![CDATA["Test ds_algo portal sign in page"]]>
              </value>
            </param>
          </params>
          <reporter-output>
          </reporter-output>
        </test-method> <!-- runScenario -->
        <test-method signature="runScenario(io.cucumber.testng.PickleWrapper,io.cucumber.testng.FeatureWrapper)[pri:0, instance:Runner.TestRunner@6f43c82]" started-at="2023-03-29T11:57:09 CDT" name="runScenario" description="Runs Cucumber Scenarios" data-provider="scenarios" finished-at="2023-03-29T11:57:10 CDT" duration-ms="1524" status="PASS">
          <params>
            <param index="0">
              <value>
                <![CDATA["User tests drop down list functionality on sign in page"]]>
              </value>
            </param>
            <param index="1">
              <value>
                <![CDATA["Test ds_algo portal sign in page"]]>
              </value>
            </param>
          </params>
          <reporter-output>
          </reporter-output>
        </test-method> <!-- runScenario -->
        <test-method signature="runScenario(io.cucumber.testng.PickleWrapper,io.cucumber.testng.FeatureWrapper)[pri:0, instance:Runner.TestRunner@6f43c82]" started-at="2023-03-29T11:57:10 CDT" name="runScenario" description="Runs Cucumber Scenarios" data-provider="scenarios" finished-at="2023-03-29T11:57:12 CDT" duration-ms="1290" status="PASS">
          <params>
            <param index="0">
              <value>
                <![CDATA["User tests drop down list functionality on sign in page"]]>
              </value>
            </param>
            <param index="1">
              <value>
                <![CDATA["Test ds_algo portal sign in page"]]>
              </value>
            </param>
          </params>
          <reporter-output>
          </reporter-output>
        </test-method> <!-- runScenario -->
        <test-method signature="runScenario(io.cucumber.testng.PickleWrapper,io.cucumber.testng.FeatureWrapper)[pri:0, instance:Runner.TestRunner@6f43c82]" started-at="2023-03-29T11:57:12 CDT" name="runScenario" description="Runs Cucumber Scenarios" data-provider="scenarios" finished-at="2023-03-29T11:57:13 CDT" duration-ms="1091" status="PASS">
          <params>
            <param index="0">
              <value>
                <![CDATA["User tests drop down list functionality on sign in page"]]>
              </value>
            </param>
            <param index="1">
              <value>
                <![CDATA["Test ds_algo portal sign in page"]]>
              </value>
            </param>
          </params>
          <reporter-output>
          </reporter-output>
        </test-method> <!-- runScenario -->
        <test-method signature="runScenario(io.cucumber.testng.PickleWrapper,io.cucumber.testng.FeatureWrapper)[pri:0, instance:Runner.TestRunner@6f43c82]" started-at="2023-03-29T11:57:13 CDT" name="runScenario" description="Runs Cucumber Scenarios" data-provider="scenarios" finished-at="2023-03-29T11:57:14 CDT" duration-ms="980" status="PASS">
          <params>
            <param index="0">
              <value>
                <![CDATA["User tests drop down list functionality on sign in page"]]>
              </value>
            </param>
            <param index="1">
              <value>
                <![CDATA["Test ds_algo portal sign in page"]]>
              </value>
            </param>
          </params>
          <reporter-output>
          </reporter-output>
        </test-method> <!-- runScenario -->
        <test-method signature="runScenario(io.cucumber.testng.PickleWrapper,io.cucumber.testng.FeatureWrapper)[pri:0, instance:Runner.TestRunner@6f43c82]" started-at="2023-03-29T11:57:14 CDT" name="runScenario" description="Runs Cucumber Scenarios" data-provider="scenarios" finished-at="2023-03-29T11:57:15 CDT" duration-ms="951" status="PASS">
          <params>
            <param index="0">
              <value>
                <![CDATA["User tests drop down list functionality on sign in page"]]>
              </value>
            </param>
            <param index="1">
              <value>
                <![CDATA["Test ds_algo portal sign in page"]]>
              </value>
            </param>
          </params>
          <reporter-output>
          </reporter-output>
        </test-method> <!-- runScenario -->
        <test-method signature="runScenario(io.cucumber.testng.PickleWrapper,io.cucumber.testng.FeatureWrapper)[pri:0, instance:Runner.TestRunner@6f43c82]" started-at="2023-03-29T11:57:15 CDT" name="runScenario" description="Runs Cucumber Scenarios" data-provider="scenarios" finished-at="2023-03-29T11:57:16 CDT" duration-ms="925" status="PASS">
          <params>
            <param index="0">
              <value>
                <![CDATA["User tests drop down list functionality on sign in page"]]>
              </value>
            </param>
            <param index="1">
              <value>
                <![CDATA["Test ds_algo portal sign in page"]]>
              </value>
            </param>
          </params>
          <reporter-output>
          </reporter-output>
        </test-method> <!-- runScenario -->
        <test-method signature="runScenario(io.cucumber.testng.PickleWrapper,io.cucumber.testng.FeatureWrapper)[pri:0, instance:Runner.TestRunner@6f43c82]" started-at="2023-03-29T11:57:16 CDT" name="runScenario" description="Runs Cucumber Scenarios" data-provider="scenarios" finished-at="2023-03-29T11:57:16 CDT" duration-ms="782" status="PASS">
          <params>
            <param index="0">
              <value>
                <![CDATA["user checks for invalid username and password"]]>
              </value>
            </param>
            <param index="1">
              <value>
                <![CDATA["Test ds_algo portal sign in page"]]>
              </value>
            </param>
          </params>
          <reporter-output>
          </reporter-output>
        </test-method> <!-- runScenario -->
        <test-method signature="runScenario(io.cucumber.testng.PickleWrapper,io.cucumber.testng.FeatureWrapper)[pri:0, instance:Runner.TestRunner@6f43c82]" started-at="2023-03-29T11:57:16 CDT" name="runScenario" description="Runs Cucumber Scenarios" data-provider="scenarios" finished-at="2023-03-29T11:57:17 CDT" duration-ms="754" status="PASS">
          <params>
            <param index="0">
              <value>
                <![CDATA["user checks for invalid username and password"]]>
              </value>
            </param>
            <param index="1">
              <value>
                <![CDATA["Test ds_algo portal sign in page"]]>
              </value>
            </param>
          </params>
          <reporter-output>
          </reporter-output>
        </test-method> <!-- runScenario -->
        <test-method signature="runScenario(io.cucumber.testng.PickleWrapper,io.cucumber.testng.FeatureWrapper)[pri:0, instance:Runner.TestRunner@6f43c82]" started-at="2023-03-29T11:57:17 CDT" name="runScenario" description="Runs Cucumber Scenarios" data-provider="scenarios" finished-at="2023-03-29T11:57:18 CDT" duration-ms="686" status="PASS">
          <params>
            <param index="0">
              <value>
                <![CDATA["user checks for invalid username and password"]]>
              </value>
            </param>
            <param index="1">
              <value>
                <![CDATA["Test ds_algo portal sign in page"]]>
              </value>
            </param>
          </params>
          <reporter-output>
          </reporter-output>
        </test-method> <!-- runScenario -->
        <test-method signature="runScenario(io.cucumber.testng.PickleWrapper,io.cucumber.testng.FeatureWrapper)[pri:0, instance:Runner.TestRunner@6f43c82]" started-at="2023-03-29T11:57:18 CDT" name="runScenario" description="Runs Cucumber Scenarios" data-provider="scenarios" finished-at="2023-03-29T11:57:19 CDT" duration-ms="790" status="PASS">
          <params>
            <param index="0">
              <value>
                <![CDATA["user checks for invalid username and password"]]>
              </value>
            </param>
            <param index="1">
              <value>
                <![CDATA["Test ds_algo portal sign in page"]]>
              </value>
            </param>
          </params>
          <reporter-output>
          </reporter-output>
        </test-method> <!-- runScenario -->
        <test-method signature="runScenario(io.cucumber.testng.PickleWrapper,io.cucumber.testng.FeatureWrapper)[pri:0, instance:Runner.TestRunner@6f43c82]" started-at="2023-03-29T11:57:19 CDT" name="runScenario" description="Runs Cucumber Scenarios" data-provider="scenarios" finished-at="2023-03-29T11:57:20 CDT" duration-ms="1144" status="PASS">
          <params>
            <param index="0">
              <value>
                <![CDATA["user checks for valid username and password"]]>
              </value>
            </param>
            <param index="1">
              <value>
                <![CDATA["Test ds_algo portal sign in page"]]>
              </value>
            </param>
          </params>
          <reporter-output>
          </reporter-output>
        </test-method> <!-- runScenario -->
        <test-method signature="runScenario(io.cucumber.testng.PickleWrapper,io.cucumber.testng.FeatureWrapper)[pri:0, instance:Runner.TestRunner@6f43c82]" started-at="2023-03-29T11:57:20 CDT" name="runScenario" description="Runs Cucumber Scenarios" data-provider="scenarios" finished-at="2023-03-29T11:57:21 CDT" duration-ms="1493" status="PASS">
          <params>
            <param index="0">
              <value>
                <![CDATA["user checks drop down functionality after loggin in"]]>
              </value>
            </param>
            <param index="1">
              <value>
                <![CDATA["Home page after loggin in"]]>
              </value>
            </param>
          </params>
          <reporter-output>
          </reporter-output>
        </test-method> <!-- runScenario -->
        <test-method signature="runScenario(io.cucumber.testng.PickleWrapper,io.cucumber.testng.FeatureWrapper)[pri:0, instance:Runner.TestRunner@6f43c82]" started-at="2023-03-29T11:57:21 CDT" name="runScenario" description="Runs Cucumber Scenarios" data-provider="scenarios" finished-at="2023-03-29T11:57:23 CDT" duration-ms="1719" status="PASS">
          <params>
            <param index="0">
              <value>
                <![CDATA["user checks drop down functionality after loggin in"]]>
              </value>
            </param>
            <param index="1">
              <value>
                <![CDATA["Home page after loggin in"]]>
              </value>
            </param>
          </params>
          <reporter-output>
          </reporter-output>
        </test-method> <!-- runScenario -->
        <test-method signature="runScenario(io.cucumber.testng.PickleWrapper,io.cucumber.testng.FeatureWrapper)[pri:0, instance:Runner.TestRunner@6f43c82]" started-at="2023-03-29T11:57:23 CDT" name="runScenario" description="Runs Cucumber Scenarios" data-provider="scenarios" finished-at="2023-03-29T11:57:25 CDT" duration-ms="1470" status="PASS">
          <params>
            <param index="0">
              <value>
                <![CDATA["user checks drop down functionality after loggin in"]]>
              </value>
            </param>
            <param index="1">
              <value>
                <![CDATA["Home page after loggin in"]]>
              </value>
            </param>
          </params>
          <reporter-output>
          </reporter-output>
        </test-method> <!-- runScenario -->
        <test-method signature="runScenario(io.cucumber.testng.PickleWrapper,io.cucumber.testng.FeatureWrapper)[pri:0, instance:Runner.TestRunner@6f43c82]" started-at="2023-03-29T11:57:25 CDT" name="runScenario" description="Runs Cucumber Scenarios" data-provider="scenarios" finished-at="2023-03-29T11:57:26 CDT" duration-ms="1515" status="PASS">
          <params>
            <param index="0">
              <value>
                <![CDATA["user checks drop down functionality after loggin in"]]>
              </value>
            </param>
            <param index="1">
              <value>
                <![CDATA["Home page after loggin in"]]>
              </value>
            </param>
          </params>
          <reporter-output>
          </reporter-output>
        </test-method> <!-- runScenario -->
        <test-method signature="runScenario(io.cucumber.testng.PickleWrapper,io.cucumber.testng.FeatureWrapper)[pri:0, instance:Runner.TestRunner@6f43c82]" started-at="2023-03-29T11:57:26 CDT" name="runScenario" description="Runs Cucumber Scenarios" data-provider="scenarios" finished-at="2023-03-29T11:57:28 CDT" duration-ms="1483" status="PASS">
          <params>
            <param index="0">
              <value>
                <![CDATA["user checks drop down functionality after loggin in"]]>
              </value>
            </param>
            <param index="1">
              <value>
                <![CDATA["Home page after loggin in"]]>
              </value>
            </param>
          </params>
          <reporter-output>
          </reporter-output>
        </test-method> <!-- runScenario -->
        <test-method signature="runScenario(io.cucumber.testng.PickleWrapper,io.cucumber.testng.FeatureWrapper)[pri:0, instance:Runner.TestRunner@6f43c82]" started-at="2023-03-29T11:57:28 CDT" name="runScenario" description="Runs Cucumber Scenarios" data-provider="scenarios" finished-at="2023-03-29T11:57:29 CDT" duration-ms="1457" status="PASS">
          <params>
            <param index="0">
              <value>
                <![CDATA["user checks drop down functionality after loggin in"]]>
              </value>
            </param>
            <param index="1">
              <value>
                <![CDATA["Home page after loggin in"]]>
              </value>
            </param>
          </params>
          <reporter-output>
          </reporter-output>
        </test-method> <!-- runScenario -->
        <test-method signature="runScenario(io.cucumber.testng.PickleWrapper,io.cucumber.testng.FeatureWrapper)[pri:0, instance:Runner.TestRunner@6f43c82]" started-at="2023-03-29T11:57:29 CDT" name="runScenario" description="Runs Cucumber Scenarios" data-provider="scenarios" finished-at="2023-03-29T11:57:30 CDT" duration-ms="1418" status="PASS">
          <params>
            <param index="0">
              <value>
                <![CDATA["User tests Get Started button after loggin in"]]>
              </value>
            </param>
            <param index="1">
              <value>
                <![CDATA["Home page after loggin in"]]>
              </value>
            </param>
          </params>
          <reporter-output>
          </reporter-output>
        </test-method> <!-- runScenario -->
        <test-method signature="runScenario(io.cucumber.testng.PickleWrapper,io.cucumber.testng.FeatureWrapper)[pri:0, instance:Runner.TestRunner@6f43c82]" started-at="2023-03-29T11:57:30 CDT" name="runScenario" description="Runs Cucumber Scenarios" data-provider="scenarios" finished-at="2023-03-29T11:57:32 CDT" duration-ms="1478" status="PASS">
          <params>
            <param index="0">
              <value>
                <![CDATA["User tests Get Started button after loggin in"]]>
              </value>
            </param>
            <param index="1">
              <value>
                <![CDATA["Home page after loggin in"]]>
              </value>
            </param>
          </params>
          <reporter-output>
          </reporter-output>
        </test-method> <!-- runScenario -->
        <test-method signature="runScenario(io.cucumber.testng.PickleWrapper,io.cucumber.testng.FeatureWrapper)[pri:0, instance:Runner.TestRunner@6f43c82]" started-at="2023-03-29T11:57:32 CDT" name="runScenario" description="Runs Cucumber Scenarios" data-provider="scenarios" finished-at="2023-03-29T11:57:33 CDT" duration-ms="1475" status="PASS">
          <params>
            <param index="0">
              <value>
                <![CDATA["User tests Get Started button after loggin in"]]>
              </value>
            </param>
            <param index="1">
              <value>
                <![CDATA["Home page after loggin in"]]>
              </value>
            </param>
          </params>
          <reporter-output>
          </reporter-output>
        </test-method> <!-- runScenario -->
        <test-method signature="runScenario(io.cucumber.testng.PickleWrapper,io.cucumber.testng.FeatureWrapper)[pri:0, instance:Runner.TestRunner@6f43c82]" started-at="2023-03-29T11:57:33 CDT" name="runScenario" description="Runs Cucumber Scenarios" data-provider="scenarios" finished-at="2023-03-29T11:57:35 CDT" duration-ms="1425" status="PASS">
          <params>
            <param index="0">
              <value>
                <![CDATA["User tests Get Started button after loggin in"]]>
              </value>
            </param>
            <param index="1">
              <value>
                <![CDATA["Home page after loggin in"]]>
              </value>
            </param>
          </params>
          <reporter-output>
          </reporter-output>
        </test-method> <!-- runScenario -->
        <test-method signature="runScenario(io.cucumber.testng.PickleWrapper,io.cucumber.testng.FeatureWrapper)[pri:0, instance:Runner.TestRunner@6f43c82]" started-at="2023-03-29T11:57:35 CDT" name="runScenario" description="Runs Cucumber Scenarios" data-provider="scenarios" finished-at="2023-03-29T11:57:36 CDT" duration-ms="1418" status="PASS">
          <params>
            <param index="0">
              <value>
                <![CDATA["User tests Get Started button after loggin in"]]>
              </value>
            </param>
            <param index="1">
              <value>
                <![CDATA["Home page after loggin in"]]>
              </value>
            </param>
          </params>
          <reporter-output>
          </reporter-output>
        </test-method> <!-- runScenario -->
        <test-method signature="runScenario(io.cucumber.testng.PickleWrapper,io.cucumber.testng.FeatureWrapper)[pri:0, instance:Runner.TestRunner@6f43c82]" started-at="2023-03-29T11:57:36 CDT" name="runScenario" description="Runs Cucumber Scenarios" data-provider="scenarios" finished-at="2023-03-29T11:57:38 CDT" duration-ms="1471" status="PASS">
          <params>
            <param index="0">
              <value>
                <![CDATA["User tests Get Started button after loggin in"]]>
              </value>
            </param>
            <param index="1">
              <value>
                <![CDATA["Home page after loggin in"]]>
              </value>
            </param>
          </params>
          <reporter-output>
          </reporter-output>
        </test-method> <!-- runScenario -->
        <test-method signature="runScenario(io.cucumber.testng.PickleWrapper,io.cucumber.testng.FeatureWrapper)[pri:0, instance:Runner.TestRunner@6f43c82]" started-at="2023-03-29T11:57:38 CDT" name="runScenario" description="Runs Cucumber Scenarios" data-provider="scenarios" finished-at="2023-03-29T11:57:39 CDT" duration-ms="1389" status="PASS">
          <params>
            <param index="0">
              <value>
                <![CDATA["User tests Get Started button after loggin in"]]>
              </value>
            </param>
            <param index="1">
              <value>
                <![CDATA["Home page after loggin in"]]>
              </value>
            </param>
          </params>
          <reporter-output>
          </reporter-output>
        </test-method> <!-- runScenario -->
        <test-method signature="runScenario(io.cucumber.testng.PickleWrapper,io.cucumber.testng.FeatureWrapper)[pri:0, instance:Runner.TestRunner@6f43c82]" started-at="2023-03-29T11:57:39 CDT" name="runScenario" description="Runs Cucumber Scenarios" data-provider="scenarios" finished-at="2023-03-29T11:57:40 CDT" duration-ms="459" status="PASS">
          <params>
            <param index="0">
              <value>
                <![CDATA["The user is able to navigate to time complexity page"]]>
              </value>
            </param>
            <param index="1">
              <value>
                <![CDATA["DataStructures"]]>
              </value>
            </param>
          </params>
          <reporter-output>
          </reporter-output>
        </test-method> <!-- runScenario -->
        <test-method signature="runScenario(io.cucumber.testng.PickleWrapper,io.cucumber.testng.FeatureWrapper)[pri:0, instance:Runner.TestRunner@6f43c82]" started-at="2023-03-29T11:57:40 CDT" name="runScenario" description="Runs Cucumber Scenarios" data-provider="scenarios" finished-at="2023-03-29T11:57:40 CDT" duration-ms="353" status="FAIL">
          <params>
            <param index="0">
              <value>
                <![CDATA["The user should be directed to editor page with run button to test python code"]]>
              </value>
            </param>
            <param index="1">
              <value>
                <![CDATA["DataStructures"]]>
              </value>
            </param>
          </params>
          <exception class="java.lang.NullPointerException">
            <message>
              <![CDATA[Cannot invoke "org.openqa.selenium.WebDriver.findElement(org.openqa.selenium.By)" because "StepDefinition.Base.driver" is null]]>
            </message>
            <full-stacktrace>
              <![CDATA[java.lang.NullPointerException: Cannot invoke "org.openqa.selenium.WebDriver.findElement(org.openqa.selenium.By)" because "StepDefinition.Base.driver" is null
at StepDefinition.Base.the_user_clicks_on_tryhere_link(Base.java:144)
at ✽.The user clicks on Tryhere link(file:///C:/Users/shubh/eclipse-workspace/DS_AlgoProject/src/test/resources/features/5DataStructures.feature:18)
]]>
            </full-stacktrace>
          </exception> <!-- java.lang.NullPointerException -->
          <reporter-output>
          </reporter-output>
        </test-method> <!-- runScenario -->
        <test-method signature="runScenario(io.cucumber.testng.PickleWrapper,io.cucumber.testng.FeatureWrapper)[pri:0, instance:Runner.TestRunner@6f43c82]" started-at="2023-03-29T11:57:40 CDT" name="runScenario" description="Runs Cucumber Scenarios" data-provider="scenarios" finished-at="2023-03-29T11:57:40 CDT" duration-ms="377" status="FAIL">
          <params>
            <param index="0">
              <value>
                <![CDATA["The user is able to run code in Editor for time complexity page"]]>
              </value>
            </param>
            <param index="1">
              <value>
                <![CDATA["DataStructures"]]>
              </value>
            </param>
          </params>
          <exception class="java.lang.NullPointerException">
            <message>
              <![CDATA[Cannot invoke "org.openqa.selenium.WebDriver.findElement(org.openqa.selenium.By)" because "StepDefinition.Base.driver" is null]]>
            </message>
            <full-stacktrace>
              <![CDATA[java.lang.NullPointerException: Cannot invoke "org.openqa.selenium.WebDriver.findElement(org.openqa.selenium.By)" because "StepDefinition.Base.driver" is null
at StepDefinition.Base.the_user_clicks_on_tryhere_link(Base.java:144)
at ✽.The user clicks on Tryhere link(file:///C:/Users/shubh/eclipse-workspace/DS_AlgoProject/src/test/resources/features/5DataStructures.feature:25)
]]>
            </full-stacktrace>
          </exception> <!-- java.lang.NullPointerException -->
          <reporter-output>
          </reporter-output>
        </test-method> <!-- runScenario -->
        <test-method signature="runScenario(io.cucumber.testng.PickleWrapper,io.cucumber.testng.FeatureWrapper)[pri:0, instance:Runner.TestRunner@6f43c82]" started-at="2023-03-29T11:57:40 CDT" name="runScenario" description="Runs Cucumber Scenarios" data-provider="scenarios" finished-at="2023-03-29T11:57:41 CDT" duration-ms="388" status="FAIL">
          <params>
            <param index="0">
              <value>
                <![CDATA["The user is presented with error message for invalid code in Editor for time complexity page"]]>
              </value>
            </param>
            <param index="1">
              <value>
                <![CDATA["DataStructures"]]>
              </value>
            </param>
          </params>
          <exception class="java.lang.NullPointerException">
            <message>
              <![CDATA[Cannot invoke "org.openqa.selenium.WebDriver.findElement(org.openqa.selenium.By)" because "StepDefinition.Base.driver" is null]]>
            </message>
            <full-stacktrace>
              <![CDATA[java.lang.NullPointerException: Cannot invoke "org.openqa.selenium.WebDriver.findElement(org.openqa.selenium.By)" because "StepDefinition.Base.driver" is null
at StepDefinition.Base.the_user_clicks_on_tryhere_link(Base.java:144)
at ✽.The user clicks on Tryhere link(file:///C:/Users/shubh/eclipse-workspace/DS_AlgoProject/src/test/resources/features/5DataStructures.feature:36)
]]>
            </full-stacktrace>
          </exception> <!-- java.lang.NullPointerException -->
          <reporter-output>
          </reporter-output>
        </test-method> <!-- runScenario -->
        <test-method signature="runScenario(io.cucumber.testng.PickleWrapper,io.cucumber.testng.FeatureWrapper)[pri:0, instance:Runner.TestRunner@6f43c82]" started-at="2023-03-29T11:57:41 CDT" name="runScenario" description="Runs Cucumber Scenarios" data-provider="scenarios" finished-at="2023-03-29T11:57:41 CDT" duration-ms="455" status="FAIL">
          <params>
            <param index="0">
              <value>
                <![CDATA["The user is able to navigate to practice questions page"]]>
              </value>
            </param>
            <param index="1">
              <value>
                <![CDATA["DataStructures"]]>
              </value>
            </param>
          </params>
          <exception class="java.lang.NullPointerException">
            <message>
              <![CDATA[Cannot invoke "org.openqa.selenium.WebDriver.findElement(org.openqa.selenium.By)" because "StepDefinition.Base.driver" is null]]>
            </message>
            <full-stacktrace>
              <![CDATA[java.lang.NullPointerException: Cannot invoke "org.openqa.selenium.WebDriver.findElement(org.openqa.selenium.By)" because "StepDefinition.Base.driver" is null
at StepDefinition.Base.the_user_clicks_on_practice_questions(Base.java:178)
at ✽.The user clicks on Practice Questions link(file:///C:/Users/shubh/eclipse-workspace/DS_AlgoProject/src/test/resources/features/5DataStructures.feature:47)
]]>
            </full-stacktrace>
          </exception> <!-- java.lang.NullPointerException -->
          <reporter-output>
          </reporter-output>
        </test-method> <!-- runScenario -->
        <test-method signature="runScenario(io.cucumber.testng.PickleWrapper,io.cucumber.testng.FeatureWrapper)[pri:0, instance:Runner.TestRunner@6f43c82]" started-at="2023-03-29T11:57:41 CDT" name="runScenario" description="Runs Cucumber Scenarios" data-provider="scenarios" finished-at="2023-03-29T11:57:43 CDT" duration-ms="1368" status="PASS">
          <params>
            <param index="0">
              <value>
                <![CDATA["User is able to navigate to Arrays in Python Page"]]>
              </value>
            </param>
            <param index="1">
              <value>
                <![CDATA["Test Arrays page in ds_algo portal"]]>
              </value>
            </param>
          </params>
          <reporter-output>
          </reporter-output>
        </test-method> <!-- runScenario -->
        <test-method signature="runScenario(io.cucumber.testng.PickleWrapper,io.cucumber.testng.FeatureWrapper)[pri:0, instance:Runner.TestRunner@6f43c82]" started-at="2023-03-29T11:57:43 CDT" name="runScenario" description="Runs Cucumber Scenarios" data-provider="scenarios" finished-at="2023-03-29T11:57:44 CDT" duration-ms="1724" status="FAIL">
          <params>
            <param index="0">
              <value>
                <![CDATA["The user is able to Run valid code in editor page from Arrays in Python page"]]>
              </value>
            </param>
            <param index="1">
              <value>
                <![CDATA["Test Arrays page in ds_algo portal"]]>
              </value>
            </param>
          </params>
          <exception class="java.lang.NullPointerException">
            <message>
              <![CDATA[Cannot invoke "org.openqa.selenium.WebDriver.switchTo()" because "StepDefinition.Base.driver" is null]]>
            </message>
            <full-stacktrace>
              <![CDATA[java.lang.NullPointerException: Cannot invoke "org.openqa.selenium.WebDriver.switchTo()" because "StepDefinition.Base.driver" is null
at StepDefinition.Base.EnterCode(Base.java:134)
at StepDefinition.Arrays_page.when_the_user_enters_valid_code_in_code_editor(Arrays_page.java:90)
at ✽.The user enters valid code in code editor(file:///C:/Users/shubh/eclipse-workspace/DS_AlgoProject/src/test/resources/features/6Arrays.feature:18)
]]>
            </full-stacktrace>
          </exception> <!-- java.lang.NullPointerException -->
          <reporter-output>
          </reporter-output>
        </test-method> <!-- runScenario -->
        <test-method signature="runScenario(io.cucumber.testng.PickleWrapper,io.cucumber.testng.FeatureWrapper)[pri:0, instance:Runner.TestRunner@6f43c82]" started-at="2023-03-29T11:57:44 CDT" name="runScenario" description="Runs Cucumber Scenarios" data-provider="scenarios" finished-at="2023-03-29T11:57:45 CDT" duration-ms="1141" status="FAIL">
          <params>
            <param index="0">
              <value>
                <![CDATA["The user is able to Run invalid code in editor page from Arrays in Python page"]]>
              </value>
            </param>
            <param index="1">
              <value>
                <![CDATA["Test Arrays page in ds_algo portal"]]>
              </value>
            </param>
          </params>
          <exception class="java.lang.NullPointerException">
            <message>
              <![CDATA[Cannot invoke "org.openqa.selenium.WebDriver.switchTo()" because "StepDefinition.Base.driver" is null]]>
            </message>
            <full-stacktrace>
              <![CDATA[java.lang.NullPointerException: Cannot invoke "org.openqa.selenium.WebDriver.switchTo()" because "StepDefinition.Base.driver" is null
at StepDefinition.Base.EnterCode(Base.java:134)
at StepDefinition.Arrays_page.the_user_enters_invalid_code_in_code_editor(Arrays_page.java:117)
at ✽.The user enters invalid code in code editor(file:///C:/Users/shubh/eclipse-workspace/DS_AlgoProject/src/test/resources/features/6Arrays.feature:27)
]]>
            </full-stacktrace>
          </exception> <!-- java.lang.NullPointerException -->
          <reporter-output>
          </reporter-output>
        </test-method> <!-- runScenario -->
        <test-method signature="runScenario(io.cucumber.testng.PickleWrapper,io.cucumber.testng.FeatureWrapper)[pri:0, instance:Runner.TestRunner@6f43c82]" started-at="2023-03-29T11:57:46 CDT" name="runScenario" description="Runs Cucumber Scenarios" data-provider="scenarios" finished-at="2023-03-29T11:57:46 CDT" duration-ms="668" status="PASS">
          <params>
            <param index="0">
              <value>
                <![CDATA["User is able to navigate to Practice Questins Page from Arrays in Python"]]>
              </value>
            </param>
            <param index="1">
              <value>
                <![CDATA["Test Arrays page in ds_algo portal"]]>
              </value>
            </param>
          </params>
          <reporter-output>
          </reporter-output>
        </test-method> <!-- runScenario -->
        <test-method signature="runScenario(io.cucumber.testng.PickleWrapper,io.cucumber.testng.FeatureWrapper)[pri:0, instance:Runner.TestRunner@6f43c82]" started-at="2023-03-29T11:57:46 CDT" name="runScenario" description="Runs Cucumber Scenarios" data-provider="scenarios" finished-at="2023-03-29T11:57:47 CDT" duration-ms="757" status="PASS">
          <params>
            <param index="0">
              <value>
                <![CDATA["User is able to navigate to Arrays Using List Page"]]>
              </value>
            </param>
            <param index="1">
              <value>
                <![CDATA["Test Arrays page in ds_algo portal"]]>
              </value>
            </param>
          </params>
          <reporter-output>
          </reporter-output>
        </test-method> <!-- runScenario -->
        <test-method signature="runScenario(io.cucumber.testng.PickleWrapper,io.cucumber.testng.FeatureWrapper)[pri:0, instance:Runner.TestRunner@6f43c82]" started-at="2023-03-29T11:57:47 CDT" name="runScenario" description="Runs Cucumber Scenarios" data-provider="scenarios" finished-at="2023-03-29T11:57:48 CDT" duration-ms="1107" status="FAIL">
          <params>
            <param index="0">
              <value>
                <![CDATA["The user is able to Run valid code in editor page from Arrays Using List page"]]>
              </value>
            </param>
            <param index="1">
              <value>
                <![CDATA["Test Arrays page in ds_algo portal"]]>
              </value>
            </param>
          </params>
          <exception class="java.lang.NullPointerException">
            <message>
              <![CDATA[Cannot invoke "org.openqa.selenium.WebDriver.switchTo()" because "StepDefinition.Base.driver" is null]]>
            </message>
            <full-stacktrace>
              <![CDATA[java.lang.NullPointerException: Cannot invoke "org.openqa.selenium.WebDriver.switchTo()" because "StepDefinition.Base.driver" is null
at StepDefinition.Base.EnterCode(Base.java:134)
at StepDefinition.Arrays_page.when_the_user_enters_valid_code_in_code_editor(Arrays_page.java:90)
at ✽.The user enters valid code in code editor(file:///C:/Users/shubh/eclipse-workspace/DS_AlgoProject/src/test/resources/features/6Arrays.feature:48)
]]>
            </full-stacktrace>
          </exception> <!-- java.lang.NullPointerException -->
          <reporter-output>
          </reporter-output>
        </test-method> <!-- runScenario -->
        <test-method signature="runScenario(io.cucumber.testng.PickleWrapper,io.cucumber.testng.FeatureWrapper)[pri:0, instance:Runner.TestRunner@6f43c82]" started-at="2023-03-29T11:57:48 CDT" name="runScenario" description="Runs Cucumber Scenarios" data-provider="scenarios" finished-at="2023-03-29T11:57:49 CDT" duration-ms="1262" status="FAIL">
          <params>
            <param index="0">
              <value>
                <![CDATA["The user is able to Run invalid code in editor page from Arrays Using List page"]]>
              </value>
            </param>
            <param index="1">
              <value>
                <![CDATA["Test Arrays page in ds_algo portal"]]>
              </value>
            </param>
          </params>
          <exception class="java.lang.NullPointerException">
            <message>
              <![CDATA[Cannot invoke "org.openqa.selenium.WebDriver.switchTo()" because "StepDefinition.Base.driver" is null]]>
            </message>
            <full-stacktrace>
              <![CDATA[java.lang.NullPointerException: Cannot invoke "org.openqa.selenium.WebDriver.switchTo()" because "StepDefinition.Base.driver" is null
at StepDefinition.Base.EnterCode(Base.java:134)
at StepDefinition.Arrays_page.the_user_enters_invalid_code_in_code_editor(Arrays_page.java:117)
at ✽.The user enters invalid code in code editor(file:///C:/Users/shubh/eclipse-workspace/DS_AlgoProject/src/test/resources/features/6Arrays.feature:57)
]]>
            </full-stacktrace>
          </exception> <!-- java.lang.NullPointerException -->
          <reporter-output>
          </reporter-output>
        </test-method> <!-- runScenario -->
        <test-method signature="runScenario(io.cucumber.testng.PickleWrapper,io.cucumber.testng.FeatureWrapper)[pri:0, instance:Runner.TestRunner@6f43c82]" started-at="2023-03-29T11:57:49 CDT" name="runScenario" description="Runs Cucumber Scenarios" data-provider="scenarios" finished-at="2023-03-29T11:57:50 CDT" duration-ms="635" status="PASS">
          <params>
            <param index="0">
              <value>
                <![CDATA["User is able to navigate to Practice Questins Page from Arrays Using List"]]>
              </value>
            </param>
            <param index="1">
              <value>
                <![CDATA["Test Arrays page in ds_algo portal"]]>
              </value>
            </param>
          </params>
          <reporter-output>
          </reporter-output>
        </test-method> <!-- runScenario -->
        <test-method signature="runScenario(io.cucumber.testng.PickleWrapper,io.cucumber.testng.FeatureWrapper)[pri:0, instance:Runner.TestRunner@6f43c82]" started-at="2023-03-29T11:57:50 CDT" name="runScenario" description="Runs Cucumber Scenarios" data-provider="scenarios" finished-at="2023-03-29T11:57:51 CDT" duration-ms="757" status="PASS">
          <params>
            <param index="0">
              <value>
                <![CDATA["User is able to navigate to Basic Operations in List Page"]]>
              </value>
            </param>
            <param index="1">
              <value>
                <![CDATA["Test Arrays page in ds_algo portal"]]>
              </value>
            </param>
          </params>
          <reporter-output>
          </reporter-output>
        </test-method> <!-- runScenario -->
        <test-method signature="runScenario(io.cucumber.testng.PickleWrapper,io.cucumber.testng.FeatureWrapper)[pri:0, instance:Runner.TestRunner@6f43c82]" started-at="2023-03-29T11:57:51 CDT" name="runScenario" description="Runs Cucumber Scenarios" data-provider="scenarios" finished-at="2023-03-29T11:57:52 CDT" duration-ms="1016" status="FAIL">
          <params>
            <param index="0">
              <value>
                <![CDATA["The user is able to Run valid code in editor page from Basic Operations in List page"]]>
              </value>
            </param>
            <param index="1">
              <value>
                <![CDATA["Test Arrays page in ds_algo portal"]]>
              </value>
            </param>
          </params>
          <exception class="java.lang.NullPointerException">
            <message>
              <![CDATA[Cannot invoke "org.openqa.selenium.WebDriver.switchTo()" because "StepDefinition.Base.driver" is null]]>
            </message>
            <full-stacktrace>
              <![CDATA[java.lang.NullPointerException: Cannot invoke "org.openqa.selenium.WebDriver.switchTo()" because "StepDefinition.Base.driver" is null
at StepDefinition.Base.EnterCode(Base.java:134)
at StepDefinition.Arrays_page.when_the_user_enters_valid_code_in_code_editor(Arrays_page.java:90)
at ✽.The user enters valid code in code editor(file:///C:/Users/shubh/eclipse-workspace/DS_AlgoProject/src/test/resources/features/6Arrays.feature:77)
]]>
            </full-stacktrace>
          </exception> <!-- java.lang.NullPointerException -->
          <reporter-output>
          </reporter-output>
        </test-method> <!-- runScenario -->
        <test-method signature="runScenario(io.cucumber.testng.PickleWrapper,io.cucumber.testng.FeatureWrapper)[pri:0, instance:Runner.TestRunner@6f43c82]" started-at="2023-03-29T11:57:52 CDT" name="runScenario" description="Runs Cucumber Scenarios" data-provider="scenarios" finished-at="2023-03-29T11:57:53 CDT" duration-ms="1085" status="FAIL">
          <params>
            <param index="0">
              <value>
                <![CDATA["The user is able to Run invalid code in editor page from Basic Operations in List page"]]>
              </value>
            </param>
            <param index="1">
              <value>
                <![CDATA["Test Arrays page in ds_algo portal"]]>
              </value>
            </param>
          </params>
          <exception class="java.lang.NullPointerException">
            <message>
              <![CDATA[Cannot invoke "org.openqa.selenium.WebDriver.switchTo()" because "StepDefinition.Base.driver" is null]]>
            </message>
            <full-stacktrace>
              <![CDATA[java.lang.NullPointerException: Cannot invoke "org.openqa.selenium.WebDriver.switchTo()" because "StepDefinition.Base.driver" is null
at StepDefinition.Base.EnterCode(Base.java:134)
at StepDefinition.Arrays_page.the_user_enters_invalid_code_in_code_editor(Arrays_page.java:117)
at ✽.The user enters invalid code in code editor(file:///C:/Users/shubh/eclipse-workspace/DS_AlgoProject/src/test/resources/features/6Arrays.feature:86)
]]>
            </full-stacktrace>
          </exception> <!-- java.lang.NullPointerException -->
          <reporter-output>
          </reporter-output>
        </test-method> <!-- runScenario -->
        <test-method signature="runScenario(io.cucumber.testng.PickleWrapper,io.cucumber.testng.FeatureWrapper)[pri:0, instance:Runner.TestRunner@6f43c82]" started-at="2023-03-29T11:57:53 CDT" name="runScenario" description="Runs Cucumber Scenarios" data-provider="scenarios" finished-at="2023-03-29T11:57:54 CDT" duration-ms="700" status="PASS">
          <params>
            <param index="0">
              <value>
                <![CDATA["User is able to navigate to Practice Questins Page from Basic Operations In List Page"]]>
              </value>
            </param>
            <param index="1">
              <value>
                <![CDATA["Test Arrays page in ds_algo portal"]]>
              </value>
            </param>
          </params>
          <reporter-output>
          </reporter-output>
        </test-method> <!-- runScenario -->
        <test-method signature="runScenario(io.cucumber.testng.PickleWrapper,io.cucumber.testng.FeatureWrapper)[pri:0, instance:Runner.TestRunner@6f43c82]" started-at="2023-03-29T11:57:54 CDT" name="runScenario" description="Runs Cucumber Scenarios" data-provider="scenarios" finished-at="2023-03-29T11:57:54 CDT" duration-ms="749" status="PASS">
          <params>
            <param index="0">
              <value>
                <![CDATA["User is able to navigate to Applications of Array Page"]]>
              </value>
            </param>
            <param index="1">
              <value>
                <![CDATA["Test Arrays page in ds_algo portal"]]>
              </value>
            </param>
          </params>
          <reporter-output>
          </reporter-output>
        </test-method> <!-- runScenario -->
        <test-method signature="runScenario(io.cucumber.testng.PickleWrapper,io.cucumber.testng.FeatureWrapper)[pri:0, instance:Runner.TestRunner@6f43c82]" started-at="2023-03-29T11:57:54 CDT" name="runScenario" description="Runs Cucumber Scenarios" data-provider="scenarios" finished-at="2023-03-29T11:57:56 CDT" duration-ms="1264" status="FAIL">
          <params>
            <param index="0">
              <value>
                <![CDATA["The user is able to Run valid code in editor page from Applications of Array page"]]>
              </value>
            </param>
            <param index="1">
              <value>
                <![CDATA["Test Arrays page in ds_algo portal"]]>
              </value>
            </param>
          </params>
          <exception class="java.lang.NullPointerException">
            <message>
              <![CDATA[Cannot invoke "org.openqa.selenium.WebDriver.switchTo()" because "StepDefinition.Base.driver" is null]]>
            </message>
            <full-stacktrace>
              <![CDATA[java.lang.NullPointerException: Cannot invoke "org.openqa.selenium.WebDriver.switchTo()" because "StepDefinition.Base.driver" is null
at StepDefinition.Base.EnterCode(Base.java:134)
at StepDefinition.Arrays_page.when_the_user_enters_valid_code_in_code_editor(Arrays_page.java:90)
at ✽.The user enters valid code in code editor(file:///C:/Users/shubh/eclipse-workspace/DS_AlgoProject/src/test/resources/features/6Arrays.feature:106)
]]>
            </full-stacktrace>
          </exception> <!-- java.lang.NullPointerException -->
          <reporter-output>
          </reporter-output>
        </test-method> <!-- runScenario -->
        <test-method signature="runScenario(io.cucumber.testng.PickleWrapper,io.cucumber.testng.FeatureWrapper)[pri:0, instance:Runner.TestRunner@6f43c82]" started-at="2023-03-29T11:57:56 CDT" name="runScenario" description="Runs Cucumber Scenarios" data-provider="scenarios" finished-at="2023-03-29T11:57:57 CDT" duration-ms="1088" status="FAIL">
          <params>
            <param index="0">
              <value>
                <![CDATA["The user is able to Run invalid code in editor page from Applications of Array page"]]>
              </value>
            </param>
            <param index="1">
              <value>
                <![CDATA["Test Arrays page in ds_algo portal"]]>
              </value>
            </param>
          </params>
          <exception class="java.lang.NullPointerException">
            <message>
              <![CDATA[Cannot invoke "org.openqa.selenium.WebDriver.switchTo()" because "StepDefinition.Base.driver" is null]]>
            </message>
            <full-stacktrace>
              <![CDATA[java.lang.NullPointerException: Cannot invoke "org.openqa.selenium.WebDriver.switchTo()" because "StepDefinition.Base.driver" is null
at StepDefinition.Base.EnterCode(Base.java:134)
at StepDefinition.Arrays_page.the_user_enters_invalid_code_in_code_editor(Arrays_page.java:117)
at ✽.The user enters invalid code in code editor(file:///C:/Users/shubh/eclipse-workspace/DS_AlgoProject/src/test/resources/features/6Arrays.feature:115)
]]>
            </full-stacktrace>
          </exception> <!-- java.lang.NullPointerException -->
          <reporter-output>
          </reporter-output>
        </test-method> <!-- runScenario -->
        <test-method signature="runScenario(io.cucumber.testng.PickleWrapper,io.cucumber.testng.FeatureWrapper)[pri:0, instance:Runner.TestRunner@6f43c82]" started-at="2023-03-29T11:57:57 CDT" name="runScenario" description="Runs Cucumber Scenarios" data-provider="scenarios" finished-at="2023-03-29T11:57:57 CDT" duration-ms="699" status="PASS">
          <params>
            <param index="0">
              <value>
                <![CDATA["User is able to navigate to Practice Questins Page from Applications of Array Page"]]>
              </value>
            </param>
            <param index="1">
              <value>
                <![CDATA["Test Arrays page in ds_algo portal"]]>
              </value>
            </param>
          </params>
          <reporter-output>
          </reporter-output>
        </test-method> <!-- runScenario -->
        <test-method signature="runScenario(io.cucumber.testng.PickleWrapper,io.cucumber.testng.FeatureWrapper)[pri:0, instance:Runner.TestRunner@6f43c82]" started-at="2023-03-29T11:57:57 CDT" name="runScenario" description="Runs Cucumber Scenarios" data-provider="scenarios" finished-at="2023-03-29T11:57:58 CDT" duration-ms="992" status="FAIL">
          <params>
            <param index="0">
              <value>
                <![CDATA["Test Practice questions Search the Array page and run code"]]>
              </value>
            </param>
            <param index="1">
              <value>
                <![CDATA["Test Arrays page in ds_algo portal"]]>
              </value>
            </param>
          </params>
          <exception class="java.lang.NullPointerException">
            <message>
              <![CDATA[Cannot invoke "org.openqa.selenium.WebDriver.switchTo()" because "StepDefinition.Base.driver" is null]]>
            </message>
            <full-stacktrace>
              <![CDATA[java.lang.NullPointerException: Cannot invoke "org.openqa.selenium.WebDriver.switchTo()" because "StepDefinition.Base.driver" is null
at StepDefinition.Base.EnterCode(Base.java:134)
at StepDefinition.Arrays_page.when_the_user_enters_valid_code_in_code_editor(Arrays_page.java:90)
at ✽.The user enters valid code in code editor(file:///C:/Users/shubh/eclipse-workspace/DS_AlgoProject/src/test/resources/features/6Arrays.feature:130)
]]>
            </full-stacktrace>
          </exception> <!-- java.lang.NullPointerException -->
          <reporter-output>
          </reporter-output>
        </test-method> <!-- runScenario -->
        <test-method signature="runScenario(io.cucumber.testng.PickleWrapper,io.cucumber.testng.FeatureWrapper)[pri:0, instance:Runner.TestRunner@6f43c82]" started-at="2023-03-29T11:57:58 CDT" name="runScenario" description="Runs Cucumber Scenarios" data-provider="scenarios" finished-at="2023-03-29T11:57:59 CDT" duration-ms="1103" status="FAIL">
          <params>
            <param index="0">
              <value>
                <![CDATA["Test Practice questions Max Consecutive Ones page and run code"]]>
              </value>
            </param>
            <param index="1">
              <value>
                <![CDATA["Test Arrays page in ds_algo portal"]]>
              </value>
            </param>
          </params>
          <exception class="java.lang.NullPointerException">
            <message>
              <![CDATA[Cannot invoke "org.openqa.selenium.WebDriver.switchTo()" because "StepDefinition.Base.driver" is null]]>
            </message>
            <full-stacktrace>
              <![CDATA[java.lang.NullPointerException: Cannot invoke "org.openqa.selenium.WebDriver.switchTo()" because "StepDefinition.Base.driver" is null
at StepDefinition.Base.EnterCode(Base.java:134)
at StepDefinition.Arrays_page.when_the_user_enters_valid_code_in_code_editor(Arrays_page.java:90)
at ✽.The user enters valid code in code editor(file:///C:/Users/shubh/eclipse-workspace/DS_AlgoProject/src/test/resources/features/6Arrays.feature:141)
]]>
            </full-stacktrace>
          </exception> <!-- java.lang.NullPointerException -->
          <reporter-output>
          </reporter-output>
        </test-method> <!-- runScenario -->
        <test-method signature="runScenario(io.cucumber.testng.PickleWrapper,io.cucumber.testng.FeatureWrapper)[pri:0, instance:Runner.TestRunner@6f43c82]" started-at="2023-03-29T11:58:00 CDT" name="runScenario" description="Runs Cucumber Scenarios" data-provider="scenarios" finished-at="2023-03-29T11:58:00 CDT" duration-ms="990" status="FAIL">
          <params>
            <param index="0">
              <value>
                <![CDATA["Test Practice questions Find Numbers With Even Number of Digits page and run code"]]>
              </value>
            </param>
            <param index="1">
              <value>
                <![CDATA["Test Arrays page in ds_algo portal"]]>
              </value>
            </param>
          </params>
          <exception class="java.lang.NullPointerException">
            <message>
              <![CDATA[Cannot invoke "org.openqa.selenium.WebDriver.switchTo()" because "StepDefinition.Base.driver" is null]]>
            </message>
            <full-stacktrace>
              <![CDATA[java.lang.NullPointerException: Cannot invoke "org.openqa.selenium.WebDriver.switchTo()" because "StepDefinition.Base.driver" is null
at StepDefinition.Base.EnterCode(Base.java:134)
at StepDefinition.Arrays_page.when_the_user_enters_valid_code_in_code_editor(Arrays_page.java:90)
at ✽.The user enters valid code in code editor(file:///C:/Users/shubh/eclipse-workspace/DS_AlgoProject/src/test/resources/features/6Arrays.feature:152)
]]>
            </full-stacktrace>
          </exception> <!-- java.lang.NullPointerException -->
          <reporter-output>
          </reporter-output>
        </test-method> <!-- runScenario -->
        <test-method signature="runScenario(io.cucumber.testng.PickleWrapper,io.cucumber.testng.FeatureWrapper)[pri:0, instance:Runner.TestRunner@6f43c82]" started-at="2023-03-29T11:58:00 CDT" name="runScenario" description="Runs Cucumber Scenarios" data-provider="scenarios" finished-at="2023-03-29T11:58:01 CDT" duration-ms="938" status="FAIL">
          <params>
            <param index="0">
              <value>
                <![CDATA["Test Practice questions Squares of a Sorted Array page and run code"]]>
              </value>
            </param>
            <param index="1">
              <value>
                <![CDATA["Test Arrays page in ds_algo portal"]]>
              </value>
            </param>
          </params>
          <exception class="java.lang.NullPointerException">
            <message>
              <![CDATA[Cannot invoke "org.openqa.selenium.WebDriver.switchTo()" because "StepDefinition.Base.driver" is null]]>
            </message>
            <full-stacktrace>
              <![CDATA[java.lang.NullPointerException: Cannot invoke "org.openqa.selenium.WebDriver.switchTo()" because "StepDefinition.Base.driver" is null
at StepDefinition.Base.EnterCode(Base.java:134)
at StepDefinition.Arrays_page.when_the_user_enters_valid_code_in_code_editor(Arrays_page.java:90)
at ✽.The user enters valid code in code editor(file:///C:/Users/shubh/eclipse-workspace/DS_AlgoProject/src/test/resources/features/6Arrays.feature:163)
]]>
            </full-stacktrace>
          </exception> <!-- java.lang.NullPointerException -->
          <reporter-output>
          </reporter-output>
        </test-method> <!-- runScenario -->
        <test-method signature="runScenario(io.cucumber.testng.PickleWrapper,io.cucumber.testng.FeatureWrapper)[pri:0, instance:Runner.TestRunner@6f43c82]" started-at="2023-03-29T11:58:01 CDT" name="runScenario" description="Runs Cucumber Scenarios" data-provider="scenarios" finished-at="2023-03-29T11:58:02 CDT" duration-ms="808" status="PASS">
          <params>
            <param index="0">
              <value>
                <![CDATA["User is able to navigate to Introduction Page"]]>
              </value>
            </param>
            <param index="1">
              <value>
                <![CDATA["Test Linked List page in ds_algo portal"]]>
              </value>
            </param>
          </params>
          <reporter-output>
          </reporter-output>
        </test-method> <!-- runScenario -->
        <test-method signature="runScenario(io.cucumber.testng.PickleWrapper,io.cucumber.testng.FeatureWrapper)[pri:0, instance:Runner.TestRunner@6f43c82]" started-at="2023-03-29T11:58:02 CDT" name="runScenario" description="Runs Cucumber Scenarios" data-provider="scenarios" finished-at="2023-03-29T11:58:03 CDT" duration-ms="1000" status="FAIL">
          <params>
            <param index="0">
              <value>
                <![CDATA["The user is able to Run valid code in editor page from Introduction page"]]>
              </value>
            </param>
            <param index="1">
              <value>
                <![CDATA["Test Linked List page in ds_algo portal"]]>
              </value>
            </param>
          </params>
          <exception class="java.lang.NullPointerException">
            <message>
              <![CDATA[Cannot invoke "org.openqa.selenium.WebDriver.switchTo()" because "StepDefinition.Base.driver" is null]]>
            </message>
            <full-stacktrace>
              <![CDATA[java.lang.NullPointerException: Cannot invoke "org.openqa.selenium.WebDriver.switchTo()" because "StepDefinition.Base.driver" is null
at StepDefinition.Base.EnterCode(Base.java:134)
at StepDefinition.Linked_List.the_user_enters_valid_code_in_linked_list_code_editor(Linked_List.java:52)
at ✽.The user enters valid code in Linked List code editor(file:///C:/Users/shubh/eclipse-workspace/DS_AlgoProject/src/test/resources/features/7Linked_List.feature:18)
]]>
            </full-stacktrace>
          </exception> <!-- java.lang.NullPointerException -->
          <reporter-output>
          </reporter-output>
        </test-method> <!-- runScenario -->
        <test-method signature="runScenario(io.cucumber.testng.PickleWrapper,io.cucumber.testng.FeatureWrapper)[pri:0, instance:Runner.TestRunner@6f43c82]" started-at="2023-03-29T11:58:03 CDT" name="runScenario" description="Runs Cucumber Scenarios" data-provider="scenarios" finished-at="2023-03-29T11:58:04 CDT" duration-ms="976" status="FAIL">
          <params>
            <param index="0">
              <value>
                <![CDATA["The user is able to Run invalid code in editor page from Introduction page"]]>
              </value>
            </param>
            <param index="1">
              <value>
                <![CDATA["Test Linked List page in ds_algo portal"]]>
              </value>
            </param>
          </params>
          <exception class="java.lang.NullPointerException">
            <message>
              <![CDATA[Cannot invoke "org.openqa.selenium.WebDriver.switchTo()" because "StepDefinition.Base.driver" is null]]>
            </message>
            <full-stacktrace>
              <![CDATA[java.lang.NullPointerException: Cannot invoke "org.openqa.selenium.WebDriver.switchTo()" because "StepDefinition.Base.driver" is null
at StepDefinition.Base.EnterCode(Base.java:134)
at StepDefinition.Linked_List.the_user_enters_invalid_code_linked_list_in_code_editor(Linked_List.java:59)
at ✽.The user enters invalid code in Linked List code editor(file:///C:/Users/shubh/eclipse-workspace/DS_AlgoProject/src/test/resources/features/7Linked_List.feature:27)
]]>
            </full-stacktrace>
          </exception> <!-- java.lang.NullPointerException -->
          <reporter-output>
          </reporter-output>
        </test-method> <!-- runScenario -->
        <test-method signature="runScenario(io.cucumber.testng.PickleWrapper,io.cucumber.testng.FeatureWrapper)[pri:0, instance:Runner.TestRunner@6f43c82]" started-at="2023-03-29T11:58:04 CDT" name="runScenario" description="Runs Cucumber Scenarios" data-provider="scenarios" finished-at="2023-03-29T11:58:05 CDT" duration-ms="729" status="PASS">
          <params>
            <param index="0">
              <value>
                <![CDATA["User is able to navigate to Practice Questins Page from Introduction Page"]]>
              </value>
            </param>
            <param index="1">
              <value>
                <![CDATA["Test Linked List page in ds_algo portal"]]>
              </value>
            </param>
          </params>
          <reporter-output>
          </reporter-output>
        </test-method> <!-- runScenario -->
        <test-method signature="runScenario(io.cucumber.testng.PickleWrapper,io.cucumber.testng.FeatureWrapper)[pri:0, instance:Runner.TestRunner@6f43c82]" started-at="2023-03-29T11:58:05 CDT" name="runScenario" description="Runs Cucumber Scenarios" data-provider="scenarios" finished-at="2023-03-29T11:58:06 CDT" duration-ms="774" status="PASS">
          <params>
            <param index="0">
              <value>
                <![CDATA["User is able to navigate to Creating Linked List Page"]]>
              </value>
            </param>
            <param index="1">
              <value>
                <![CDATA["Test Linked List page in ds_algo portal"]]>
              </value>
            </param>
          </params>
          <reporter-output>
          </reporter-output>
        </test-method> <!-- runScenario -->
        <test-method signature="runScenario(io.cucumber.testng.PickleWrapper,io.cucumber.testng.FeatureWrapper)[pri:0, instance:Runner.TestRunner@6f43c82]" started-at="2023-03-29T11:58:06 CDT" name="runScenario" description="Runs Cucumber Scenarios" data-provider="scenarios" finished-at="2023-03-29T11:58:07 CDT" duration-ms="1400" status="FAIL">
          <params>
            <param index="0">
              <value>
                <![CDATA["The user is able to Run valid code in editor page from Creating Linked List page"]]>
              </value>
            </param>
            <param index="1">
              <value>
                <![CDATA["Test Linked List page in ds_algo portal"]]>
              </value>
            </param>
          </params>
          <exception class="java.lang.NullPointerException">
            <message>
              <![CDATA[Cannot invoke "org.openqa.selenium.WebDriver.switchTo()" because "StepDefinition.Base.driver" is null]]>
            </message>
            <full-stacktrace>
              <![CDATA[java.lang.NullPointerException: Cannot invoke "org.openqa.selenium.WebDriver.switchTo()" because "StepDefinition.Base.driver" is null
at StepDefinition.Base.EnterCode(Base.java:134)
at StepDefinition.Linked_List.the_user_enters_valid_code_in_linked_list_code_editor(Linked_List.java:52)
at ✽.The user enters valid code in Linked List code editor(file:///C:/Users/shubh/eclipse-workspace/DS_AlgoProject/src/test/resources/features/7Linked_List.feature:49)
]]>
            </full-stacktrace>
          </exception> <!-- java.lang.NullPointerException -->
          <reporter-output>
          </reporter-output>
        </test-method> <!-- runScenario -->
        <test-method signature="runScenario(io.cucumber.testng.PickleWrapper,io.cucumber.testng.FeatureWrapper)[pri:0, instance:Runner.TestRunner@6f43c82]" started-at="2023-03-29T11:58:07 CDT" name="runScenario" description="Runs Cucumber Scenarios" data-provider="scenarios" finished-at="2023-03-29T11:58:08 CDT" duration-ms="962" status="FAIL">
          <params>
            <param index="0">
              <value>
                <![CDATA["The user is able to Run invalid code in editor page from Creating Linked List page"]]>
              </value>
            </param>
            <param index="1">
              <value>
                <![CDATA["Test Linked List page in ds_algo portal"]]>
              </value>
            </param>
          </params>
          <exception class="java.lang.NullPointerException">
            <message>
              <![CDATA[Cannot invoke "org.openqa.selenium.WebDriver.switchTo()" because "StepDefinition.Base.driver" is null]]>
            </message>
            <full-stacktrace>
              <![CDATA[java.lang.NullPointerException: Cannot invoke "org.openqa.selenium.WebDriver.switchTo()" because "StepDefinition.Base.driver" is null
at StepDefinition.Base.EnterCode(Base.java:134)
at StepDefinition.Linked_List.the_user_enters_invalid_code_linked_list_in_code_editor(Linked_List.java:59)
at ✽.The user enters invalid code in Linked List code editor(file:///C:/Users/shubh/eclipse-workspace/DS_AlgoProject/src/test/resources/features/7Linked_List.feature:61)
]]>
            </full-stacktrace>
          </exception> <!-- java.lang.NullPointerException -->
          <reporter-output>
          </reporter-output>
        </test-method> <!-- runScenario -->
        <test-method signature="runScenario(io.cucumber.testng.PickleWrapper,io.cucumber.testng.FeatureWrapper)[pri:0, instance:Runner.TestRunner@6f43c82]" started-at="2023-03-29T11:58:08 CDT" name="runScenario" description="Runs Cucumber Scenarios" data-provider="scenarios" finished-at="2023-03-29T11:58:09 CDT" duration-ms="861" status="PASS">
          <params>
            <param index="0">
              <value>
                <![CDATA["User is able to navigate to Practice Questins Page from Creating Linked List Page"]]>
              </value>
            </param>
            <param index="1">
              <value>
                <![CDATA["Test Linked List page in ds_algo portal"]]>
              </value>
            </param>
          </params>
          <reporter-output>
          </reporter-output>
        </test-method> <!-- runScenario -->
        <test-method signature="runScenario(io.cucumber.testng.PickleWrapper,io.cucumber.testng.FeatureWrapper)[pri:0, instance:Runner.TestRunner@6f43c82]" started-at="2023-03-29T11:58:09 CDT" name="runScenario" description="Runs Cucumber Scenarios" data-provider="scenarios" finished-at="2023-03-29T11:58:10 CDT" duration-ms="916" status="PASS">
          <params>
            <param index="0">
              <value>
                <![CDATA["User is able to navigate to Types of Linked List Page"]]>
              </value>
            </param>
            <param index="1">
              <value>
                <![CDATA["Test Linked List page in ds_algo portal"]]>
              </value>
            </param>
          </params>
          <reporter-output>
          </reporter-output>
        </test-method> <!-- runScenario -->
        <test-method signature="runScenario(io.cucumber.testng.PickleWrapper,io.cucumber.testng.FeatureWrapper)[pri:0, instance:Runner.TestRunner@6f43c82]" started-at="2023-03-29T11:58:10 CDT" name="runScenario" description="Runs Cucumber Scenarios" data-provider="scenarios" finished-at="2023-03-29T11:58:11 CDT" duration-ms="990" status="FAIL">
          <params>
            <param index="0">
              <value>
                <![CDATA["The user is able to Run valid and invalid code in editor page from Types of Linked List page"]]>
              </value>
            </param>
            <param index="1">
              <value>
                <![CDATA["Test Linked List page in ds_algo portal"]]>
              </value>
            </param>
          </params>
          <exception class="java.lang.NullPointerException">
            <message>
              <![CDATA[Cannot invoke "org.openqa.selenium.WebDriver.switchTo()" because "StepDefinition.Base.driver" is null]]>
            </message>
            <full-stacktrace>
              <![CDATA[java.lang.NullPointerException: Cannot invoke "org.openqa.selenium.WebDriver.switchTo()" because "StepDefinition.Base.driver" is null
at StepDefinition.Base.EnterCode(Base.java:134)
at StepDefinition.Linked_List.the_user_enters_valid_code_in_linked_list_code_editor(Linked_List.java:52)
at ✽.The user enters valid code in Linked List code editor(file:///C:/Users/shubh/eclipse-workspace/DS_AlgoProject/src/test/resources/features/7Linked_List.feature:83)
]]>
            </full-stacktrace>
          </exception> <!-- java.lang.NullPointerException -->
          <reporter-output>
          </reporter-output>
        </test-method> <!-- runScenario -->
        <test-method signature="runScenario(io.cucumber.testng.PickleWrapper,io.cucumber.testng.FeatureWrapper)[pri:0, instance:Runner.TestRunner@6f43c82]" started-at="2023-03-29T11:58:11 CDT" name="runScenario" description="Runs Cucumber Scenarios" data-provider="scenarios" finished-at="2023-03-29T11:58:12 CDT" duration-ms="806" status="PASS">
          <params>
            <param index="0">
              <value>
                <![CDATA["User is able to navigate to Practice Questins Page from Types of Linked List Page"]]>
              </value>
            </param>
            <param index="1">
              <value>
                <![CDATA["Test Linked List page in ds_algo portal"]]>
              </value>
            </param>
          </params>
          <reporter-output>
          </reporter-output>
        </test-method> <!-- runScenario -->
        <test-method signature="runScenario(io.cucumber.testng.PickleWrapper,io.cucumber.testng.FeatureWrapper)[pri:0, instance:Runner.TestRunner@6f43c82]" started-at="2023-03-29T11:58:12 CDT" name="runScenario" description="Runs Cucumber Scenarios" data-provider="scenarios" finished-at="2023-03-29T11:58:12 CDT" duration-ms="737" status="PASS">
          <params>
            <param index="0">
              <value>
                <![CDATA["User is able to navigate to Implement Linked List in Python Page"]]>
              </value>
            </param>
            <param index="1">
              <value>
                <![CDATA["Test Linked List page in ds_algo portal"]]>
              </value>
            </param>
          </params>
          <reporter-output>
          </reporter-output>
        </test-method> <!-- runScenario -->
        <test-method signature="runScenario(io.cucumber.testng.PickleWrapper,io.cucumber.testng.FeatureWrapper)[pri:0, instance:Runner.TestRunner@6f43c82]" started-at="2023-03-29T11:58:13 CDT" name="runScenario" description="Runs Cucumber Scenarios" data-provider="scenarios" finished-at="2023-03-29T11:58:13 CDT" duration-ms="923" status="FAIL">
          <params>
            <param index="0">
              <value>
                <![CDATA["The user is able to Run valid and invalid code in editor page from Implement Linked List in Python page"]]>
              </value>
            </param>
            <param index="1">
              <value>
                <![CDATA["Test Linked List page in ds_algo portal"]]>
              </value>
            </param>
          </params>
          <exception class="java.lang.NullPointerException">
            <message>
              <![CDATA[Cannot invoke "org.openqa.selenium.WebDriver.switchTo()" because "StepDefinition.Base.driver" is null]]>
            </message>
            <full-stacktrace>
              <![CDATA[java.lang.NullPointerException: Cannot invoke "org.openqa.selenium.WebDriver.switchTo()" because "StepDefinition.Base.driver" is null
at StepDefinition.Base.EnterCode(Base.java:134)
at StepDefinition.Linked_List.the_user_enters_valid_code_in_linked_list_code_editor(Linked_List.java:52)
at ✽.The user enters valid code in Linked List code editor(file:///C:/Users/shubh/eclipse-workspace/DS_AlgoProject/src/test/resources/features/7Linked_List.feature:108)
]]>
            </full-stacktrace>
          </exception> <!-- java.lang.NullPointerException -->
          <reporter-output>
          </reporter-output>
        </test-method> <!-- runScenario -->
        <test-method signature="runScenario(io.cucumber.testng.PickleWrapper,io.cucumber.testng.FeatureWrapper)[pri:0, instance:Runner.TestRunner@6f43c82]" started-at="2023-03-29T11:58:13 CDT" name="runScenario" description="Runs Cucumber Scenarios" data-provider="scenarios" finished-at="2023-03-29T11:58:14 CDT" duration-ms="798" status="PASS">
          <params>
            <param index="0">
              <value>
                <![CDATA["User is able to navigate to Practice Questins Page from Implement Linked List in Python Page"]]>
              </value>
            </param>
            <param index="1">
              <value>
                <![CDATA["Test Linked List page in ds_algo portal"]]>
              </value>
            </param>
          </params>
          <reporter-output>
          </reporter-output>
        </test-method> <!-- runScenario -->
        <test-method signature="runScenario(io.cucumber.testng.PickleWrapper,io.cucumber.testng.FeatureWrapper)[pri:0, instance:Runner.TestRunner@6f43c82]" started-at="2023-03-29T11:58:14 CDT" name="runScenario" description="Runs Cucumber Scenarios" data-provider="scenarios" finished-at="2023-03-29T11:58:15 CDT" duration-ms="725" status="PASS">
          <params>
            <param index="0">
              <value>
                <![CDATA["User is able to navigate to Traversal Page"]]>
              </value>
            </param>
            <param index="1">
              <value>
                <![CDATA["Test Linked List page in ds_algo portal"]]>
              </value>
            </param>
          </params>
          <reporter-output>
          </reporter-output>
        </test-method> <!-- runScenario -->
        <test-method signature="runScenario(io.cucumber.testng.PickleWrapper,io.cucumber.testng.FeatureWrapper)[pri:0, instance:Runner.TestRunner@6f43c82]" started-at="2023-03-29T11:58:15 CDT" name="runScenario" description="Runs Cucumber Scenarios" data-provider="scenarios" finished-at="2023-03-29T11:58:16 CDT" duration-ms="943" status="FAIL">
          <params>
            <param index="0">
              <value>
                <![CDATA["The user is able to Run valid and invalid code in editor page from Traversal page"]]>
              </value>
            </param>
            <param index="1">
              <value>
                <![CDATA["Test Linked List page in ds_algo portal"]]>
              </value>
            </param>
          </params>
          <exception class="java.lang.NullPointerException">
            <message>
              <![CDATA[Cannot invoke "org.openqa.selenium.WebDriver.switchTo()" because "StepDefinition.Base.driver" is null]]>
            </message>
            <full-stacktrace>
              <![CDATA[java.lang.NullPointerException: Cannot invoke "org.openqa.selenium.WebDriver.switchTo()" because "StepDefinition.Base.driver" is null
at StepDefinition.Base.EnterCode(Base.java:134)
at StepDefinition.Linked_List.the_user_enters_valid_code_in_linked_list_code_editor(Linked_List.java:52)
at ✽.The user enters valid code in Linked List code editor(file:///C:/Users/shubh/eclipse-workspace/DS_AlgoProject/src/test/resources/features/7Linked_List.feature:133)
]]>
            </full-stacktrace>
          </exception> <!-- java.lang.NullPointerException -->
          <reporter-output>
          </reporter-output>
        </test-method> <!-- runScenario -->
        <test-method signature="runScenario(io.cucumber.testng.PickleWrapper,io.cucumber.testng.FeatureWrapper)[pri:0, instance:Runner.TestRunner@6f43c82]" started-at="2023-03-29T11:58:16 CDT" name="runScenario" description="Runs Cucumber Scenarios" data-provider="scenarios" finished-at="2023-03-29T11:58:17 CDT" duration-ms="808" status="PASS">
          <params>
            <param index="0">
              <value>
                <![CDATA["User is able to navigate to Practice Questins Page from Traversal Page"]]>
              </value>
            </param>
            <param index="1">
              <value>
                <![CDATA["Test Linked List page in ds_algo portal"]]>
              </value>
            </param>
          </params>
          <reporter-output>
          </reporter-output>
        </test-method> <!-- runScenario -->
        <test-method signature="runScenario(io.cucumber.testng.PickleWrapper,io.cucumber.testng.FeatureWrapper)[pri:0, instance:Runner.TestRunner@6f43c82]" started-at="2023-03-29T11:58:17 CDT" name="runScenario" description="Runs Cucumber Scenarios" data-provider="scenarios" finished-at="2023-03-29T11:58:18 CDT" duration-ms="831" status="PASS">
          <params>
            <param index="0">
              <value>
                <![CDATA["User is able to navigate to Insertion Page"]]>
              </value>
            </param>
            <param index="1">
              <value>
                <![CDATA["Test Linked List page in ds_algo portal"]]>
              </value>
            </param>
          </params>
          <reporter-output>
          </reporter-output>
        </test-method> <!-- runScenario -->
        <test-method signature="runScenario(io.cucumber.testng.PickleWrapper,io.cucumber.testng.FeatureWrapper)[pri:0, instance:Runner.TestRunner@6f43c82]" started-at="2023-03-29T11:58:18 CDT" name="runScenario" description="Runs Cucumber Scenarios" data-provider="scenarios" finished-at="2023-03-29T11:58:19 CDT" duration-ms="1121" status="FAIL">
          <params>
            <param index="0">
              <value>
                <![CDATA["The user is able to Run valid and invalid code in editor page from Insertion page"]]>
              </value>
            </param>
            <param index="1">
              <value>
                <![CDATA["Test Linked List page in ds_algo portal"]]>
              </value>
            </param>
          </params>
          <exception class="java.lang.NullPointerException">
            <message>
              <![CDATA[Cannot invoke "org.openqa.selenium.WebDriver.switchTo()" because "StepDefinition.Base.driver" is null]]>
            </message>
            <full-stacktrace>
              <![CDATA[java.lang.NullPointerException: Cannot invoke "org.openqa.selenium.WebDriver.switchTo()" because "StepDefinition.Base.driver" is null
at StepDefinition.Base.EnterCode(Base.java:134)
at StepDefinition.Linked_List.the_user_enters_valid_code_in_linked_list_code_editor(Linked_List.java:52)
at ✽.The user enters valid code in Linked List code editor(file:///C:/Users/shubh/eclipse-workspace/DS_AlgoProject/src/test/resources/features/7Linked_List.feature:158)
]]>
            </full-stacktrace>
          </exception> <!-- java.lang.NullPointerException -->
          <reporter-output>
          </reporter-output>
        </test-method> <!-- runScenario -->
        <test-method signature="runScenario(io.cucumber.testng.PickleWrapper,io.cucumber.testng.FeatureWrapper)[pri:0, instance:Runner.TestRunner@6f43c82]" started-at="2023-03-29T11:58:19 CDT" name="runScenario" description="Runs Cucumber Scenarios" data-provider="scenarios" finished-at="2023-03-29T11:58:20 CDT" duration-ms="808" status="PASS">
          <params>
            <param index="0">
              <value>
                <![CDATA["User is able to navigate to Practice Questins Page from Insertion Page"]]>
              </value>
            </param>
            <param index="1">
              <value>
                <![CDATA["Test Linked List page in ds_algo portal"]]>
              </value>
            </param>
          </params>
          <reporter-output>
          </reporter-output>
        </test-method> <!-- runScenario -->
        <test-method signature="runScenario(io.cucumber.testng.PickleWrapper,io.cucumber.testng.FeatureWrapper)[pri:0, instance:Runner.TestRunner@6f43c82]" started-at="2023-03-29T11:58:20 CDT" name="runScenario" description="Runs Cucumber Scenarios" data-provider="scenarios" finished-at="2023-03-29T11:58:20 CDT" duration-ms="833" status="PASS">
          <params>
            <param index="0">
              <value>
                <![CDATA["User is able to navigate to Deletion Page"]]>
              </value>
            </param>
            <param index="1">
              <value>
                <![CDATA["Test Linked List page in ds_algo portal"]]>
              </value>
            </param>
          </params>
          <reporter-output>
          </reporter-output>
        </test-method> <!-- runScenario -->
        <test-method signature="runScenario(io.cucumber.testng.PickleWrapper,io.cucumber.testng.FeatureWrapper)[pri:0, instance:Runner.TestRunner@6f43c82]" started-at="2023-03-29T11:58:20 CDT" name="runScenario" description="Runs Cucumber Scenarios" data-provider="scenarios" finished-at="2023-03-29T11:58:21 CDT" duration-ms="1058" status="FAIL">
          <params>
            <param index="0">
              <value>
                <![CDATA["The user is able to Run valid and invalid code in editor page from Deletion page"]]>
              </value>
            </param>
            <param index="1">
              <value>
                <![CDATA["Test Linked List page in ds_algo portal"]]>
              </value>
            </param>
          </params>
          <exception class="java.lang.NullPointerException">
            <message>
              <![CDATA[Cannot invoke "org.openqa.selenium.WebDriver.switchTo()" because "StepDefinition.Base.driver" is null]]>
            </message>
            <full-stacktrace>
              <![CDATA[java.lang.NullPointerException: Cannot invoke "org.openqa.selenium.WebDriver.switchTo()" because "StepDefinition.Base.driver" is null
at StepDefinition.Base.EnterCode(Base.java:134)
at StepDefinition.Linked_List.the_user_enters_valid_code_in_linked_list_code_editor(Linked_List.java:52)
at ✽.The user enters valid code in Linked List code editor(file:///C:/Users/shubh/eclipse-workspace/DS_AlgoProject/src/test/resources/features/7Linked_List.feature:183)
]]>
            </full-stacktrace>
          </exception> <!-- java.lang.NullPointerException -->
          <reporter-output>
          </reporter-output>
        </test-method> <!-- runScenario -->
        <test-method signature="runScenario(io.cucumber.testng.PickleWrapper,io.cucumber.testng.FeatureWrapper)[pri:0, instance:Runner.TestRunner@6f43c82]" started-at="2023-03-29T11:58:21 CDT" name="runScenario" description="Runs Cucumber Scenarios" data-provider="scenarios" finished-at="2023-03-29T11:58:22 CDT" duration-ms="857" status="PASS">
          <params>
            <param index="0">
              <value>
                <![CDATA["User is able to navigate to Practice Questins Page from Deletion Page"]]>
              </value>
            </param>
            <param index="1">
              <value>
                <![CDATA["Test Linked List page in ds_algo portal"]]>
              </value>
            </param>
          </params>
          <reporter-output>
          </reporter-output>
        </test-method> <!-- runScenario -->
        <test-method signature="runScenario(io.cucumber.testng.PickleWrapper,io.cucumber.testng.FeatureWrapper)[pri:0, instance:Runner.TestRunner@6f43c82]" started-at="2023-03-29T11:58:22 CDT" name="runScenario" description="Runs Cucumber Scenarios" data-provider="scenarios" finished-at="2023-03-29T11:58:23 CDT" duration-ms="482" status="PASS">
          <params>
            <param index="0">
              <value>
                <![CDATA["The user is able to navigate to Operations in Stack page"]]>
              </value>
            </param>
            <param index="1">
              <value>
                <![CDATA["Stack"]]>
              </value>
            </param>
          </params>
          <reporter-output>
          </reporter-output>
        </test-method> <!-- runScenario -->
        <test-method signature="runScenario(io.cucumber.testng.PickleWrapper,io.cucumber.testng.FeatureWrapper)[pri:0, instance:Runner.TestRunner@6f43c82]" started-at="2023-03-29T11:58:23 CDT" name="runScenario" description="Runs Cucumber Scenarios" data-provider="scenarios" finished-at="2023-03-29T11:58:23 CDT" duration-ms="359" status="FAIL">
          <params>
            <param index="0">
              <value>
                <![CDATA["The user should be directed to editor page with run button to test python code"]]>
              </value>
            </param>
            <param index="1">
              <value>
                <![CDATA["Stack"]]>
              </value>
            </param>
          </params>
          <exception class="java.lang.NullPointerException">
            <message>
              <![CDATA[Cannot invoke "org.openqa.selenium.WebDriver.findElement(org.openqa.selenium.By)" because "StepDefinition.Base.driver" is null]]>
            </message>
            <full-stacktrace>
              <![CDATA[java.lang.NullPointerException: Cannot invoke "org.openqa.selenium.WebDriver.findElement(org.openqa.selenium.By)" because "StepDefinition.Base.driver" is null
at StepDefinition.Base.the_user_clicks_on_tryhere_link(Base.java:144)
at ✽.The user clicks on Tryhere link(file:///C:/Users/shubh/eclipse-workspace/DS_AlgoProject/src/test/resources/features/8Stack.feature:17)
]]>
            </full-stacktrace>
          </exception> <!-- java.lang.NullPointerException -->
          <reporter-output>
          </reporter-output>
        </test-method> <!-- runScenario -->
        <test-method signature="runScenario(io.cucumber.testng.PickleWrapper,io.cucumber.testng.FeatureWrapper)[pri:0, instance:Runner.TestRunner@6f43c82]" started-at="2023-03-29T11:58:23 CDT" name="runScenario" description="Runs Cucumber Scenarios" data-provider="scenarios" finished-at="2023-03-29T11:58:24 CDT" duration-ms="372" status="FAIL">
          <params>
            <param index="0">
              <value>
                <![CDATA["The user is able to run code in Editor for stack page"]]>
              </value>
            </param>
            <param index="1">
              <value>
                <![CDATA["Stack"]]>
              </value>
            </param>
          </params>
          <exception class="java.lang.NullPointerException">
            <message>
              <![CDATA[Cannot invoke "org.openqa.selenium.WebDriver.findElement(org.openqa.selenium.By)" because "StepDefinition.Base.driver" is null]]>
            </message>
            <full-stacktrace>
              <![CDATA[java.lang.NullPointerException: Cannot invoke "org.openqa.selenium.WebDriver.findElement(org.openqa.selenium.By)" because "StepDefinition.Base.driver" is null
at StepDefinition.Base.the_user_clicks_on_tryhere_link(Base.java:144)
at ✽.The user clicks on Tryhere link(file:///C:/Users/shubh/eclipse-workspace/DS_AlgoProject/src/test/resources/features/8Stack.feature:24)
]]>
            </full-stacktrace>
          </exception> <!-- java.lang.NullPointerException -->
          <reporter-output>
          </reporter-output>
        </test-method> <!-- runScenario -->
        <test-method signature="runScenario(io.cucumber.testng.PickleWrapper,io.cucumber.testng.FeatureWrapper)[pri:0, instance:Runner.TestRunner@6f43c82]" started-at="2023-03-29T11:58:24 CDT" name="runScenario" description="Runs Cucumber Scenarios" data-provider="scenarios" finished-at="2023-03-29T11:58:24 CDT" duration-ms="401" status="FAIL">
          <params>
            <param index="0">
              <value>
                <![CDATA["The user is presented with error message for invalid code in Editor for stack page"]]>
              </value>
            </param>
            <param index="1">
              <value>
                <![CDATA["Stack"]]>
              </value>
            </param>
          </params>
          <exception class="java.lang.NullPointerException">
            <message>
              <![CDATA[Cannot invoke "org.openqa.selenium.WebDriver.findElement(org.openqa.selenium.By)" because "StepDefinition.Base.driver" is null]]>
            </message>
            <full-stacktrace>
              <![CDATA[java.lang.NullPointerException: Cannot invoke "org.openqa.selenium.WebDriver.findElement(org.openqa.selenium.By)" because "StepDefinition.Base.driver" is null
at StepDefinition.Base.the_user_clicks_on_tryhere_link(Base.java:144)
at ✽.The user clicks on Tryhere link(file:///C:/Users/shubh/eclipse-workspace/DS_AlgoProject/src/test/resources/features/8Stack.feature:35)
]]>
            </full-stacktrace>
          </exception> <!-- java.lang.NullPointerException -->
          <reporter-output>
          </reporter-output>
        </test-method> <!-- runScenario -->
        <test-method signature="runScenario(io.cucumber.testng.PickleWrapper,io.cucumber.testng.FeatureWrapper)[pri:0, instance:Runner.TestRunner@6f43c82]" started-at="2023-03-29T11:58:24 CDT" name="runScenario" description="Runs Cucumber Scenarios" data-provider="scenarios" finished-at="2023-03-29T11:58:24 CDT" duration-ms="467" status="PASS">
          <params>
            <param index="0">
              <value>
                <![CDATA["The user is able to navigate to stack page and click on Implementation link"]]>
              </value>
            </param>
            <param index="1">
              <value>
                <![CDATA["Stack"]]>
              </value>
            </param>
          </params>
          <reporter-output>
          </reporter-output>
        </test-method> <!-- runScenario -->
        <test-method signature="runScenario(io.cucumber.testng.PickleWrapper,io.cucumber.testng.FeatureWrapper)[pri:0, instance:Runner.TestRunner@6f43c82]" started-at="2023-03-29T11:58:24 CDT" name="runScenario" description="Runs Cucumber Scenarios" data-provider="scenarios" finished-at="2023-03-29T11:58:25 CDT" duration-ms="390" status="FAIL">
          <params>
            <param index="0">
              <value>
                <![CDATA["The user should be directed to editor page with run button to test python code from Implementation page"]]>
              </value>
            </param>
            <param index="1">
              <value>
                <![CDATA["Stack"]]>
              </value>
            </param>
          </params>
          <exception class="java.lang.NullPointerException">
            <message>
              <![CDATA[Cannot invoke "org.openqa.selenium.WebDriver.findElement(org.openqa.selenium.By)" because "StepDefinition.Base.driver" is null]]>
            </message>
            <full-stacktrace>
              <![CDATA[java.lang.NullPointerException: Cannot invoke "org.openqa.selenium.WebDriver.findElement(org.openqa.selenium.By)" because "StepDefinition.Base.driver" is null
at StepDefinition.Base.the_user_clicks_on_tryhere_link(Base.java:144)
at ✽.The user clicks on Tryhere link(file:///C:/Users/shubh/eclipse-workspace/DS_AlgoProject/src/test/resources/features/8Stack.feature:51)
]]>
            </full-stacktrace>
          </exception> <!-- java.lang.NullPointerException -->
          <reporter-output>
          </reporter-output>
        </test-method> <!-- runScenario -->
        <test-method signature="runScenario(io.cucumber.testng.PickleWrapper,io.cucumber.testng.FeatureWrapper)[pri:0, instance:Runner.TestRunner@6f43c82]" started-at="2023-03-29T11:58:25 CDT" name="runScenario" description="Runs Cucumber Scenarios" data-provider="scenarios" finished-at="2023-03-29T11:58:25 CDT" duration-ms="415" status="FAIL">
          <params>
            <param index="0">
              <value>
                <![CDATA["The user is able to run code in Editor for Implementation page"]]>
              </value>
            </param>
            <param index="1">
              <value>
                <![CDATA["Stack"]]>
              </value>
            </param>
          </params>
          <exception class="java.lang.NullPointerException">
            <message>
              <![CDATA[Cannot invoke "org.openqa.selenium.WebDriver.findElement(org.openqa.selenium.By)" because "StepDefinition.Base.driver" is null]]>
            </message>
            <full-stacktrace>
              <![CDATA[java.lang.NullPointerException: Cannot invoke "org.openqa.selenium.WebDriver.findElement(org.openqa.selenium.By)" because "StepDefinition.Base.driver" is null
at StepDefinition.Base.the_user_clicks_on_tryhere_link(Base.java:144)
at ✽.The user clicks on Tryhere link(file:///C:/Users/shubh/eclipse-workspace/DS_AlgoProject/src/test/resources/features/8Stack.feature:59)
]]>
            </full-stacktrace>
          </exception> <!-- java.lang.NullPointerException -->
          <reporter-output>
          </reporter-output>
        </test-method> <!-- runScenario -->
        <test-method signature="runScenario(io.cucumber.testng.PickleWrapper,io.cucumber.testng.FeatureWrapper)[pri:0, instance:Runner.TestRunner@6f43c82]" started-at="2023-03-29T11:58:25 CDT" name="runScenario" description="Runs Cucumber Scenarios" data-provider="scenarios" finished-at="2023-03-29T11:58:26 CDT" duration-ms="435" status="FAIL">
          <params>
            <param index="0">
              <value>
                <![CDATA["The user is presented with error message for invalid code in Editor for Implementation page"]]>
              </value>
            </param>
            <param index="1">
              <value>
                <![CDATA["Stack"]]>
              </value>
            </param>
          </params>
          <exception class="java.lang.NullPointerException">
            <message>
              <![CDATA[Cannot invoke "org.openqa.selenium.WebDriver.findElement(org.openqa.selenium.By)" because "StepDefinition.Base.driver" is null]]>
            </message>
            <full-stacktrace>
              <![CDATA[java.lang.NullPointerException: Cannot invoke "org.openqa.selenium.WebDriver.findElement(org.openqa.selenium.By)" because "StepDefinition.Base.driver" is null
at StepDefinition.Base.the_user_clicks_on_tryhere_link(Base.java:144)
at ✽.The user clicks on Tryhere link(file:///C:/Users/shubh/eclipse-workspace/DS_AlgoProject/src/test/resources/features/8Stack.feature:69)
]]>
            </full-stacktrace>
          </exception> <!-- java.lang.NullPointerException -->
          <reporter-output>
          </reporter-output>
        </test-method> <!-- runScenario -->
        <test-method signature="runScenario(io.cucumber.testng.PickleWrapper,io.cucumber.testng.FeatureWrapper)[pri:0, instance:Runner.TestRunner@6f43c82]" started-at="2023-03-29T11:58:26 CDT" name="runScenario" description="Runs Cucumber Scenarios" data-provider="scenarios" finished-at="2023-03-29T11:58:26 CDT" duration-ms="474" status="PASS">
          <params>
            <param index="0">
              <value>
                <![CDATA["The user is able to navigate to Queue page"]]>
              </value>
            </param>
            <param index="1">
              <value>
                <![CDATA["Queue"]]>
              </value>
            </param>
          </params>
          <reporter-output>
          </reporter-output>
        </test-method> <!-- runScenario -->
        <test-method signature="runScenario(io.cucumber.testng.PickleWrapper,io.cucumber.testng.FeatureWrapper)[pri:0, instance:Runner.TestRunner@6f43c82]" started-at="2023-03-29T11:58:26 CDT" name="runScenario" description="Runs Cucumber Scenarios" data-provider="scenarios" finished-at="2023-03-29T11:58:27 CDT" duration-ms="374" status="FAIL">
          <params>
            <param index="0">
              <value>
                <![CDATA["The user should be directed to editor page with run button to test python code"]]>
              </value>
            </param>
            <param index="1">
              <value>
                <![CDATA["Queue"]]>
              </value>
            </param>
          </params>
          <exception class="java.lang.NullPointerException">
            <message>
              <![CDATA[Cannot invoke "org.openqa.selenium.WebDriver.findElement(org.openqa.selenium.By)" because "StepDefinition.Base.driver" is null]]>
            </message>
            <full-stacktrace>
              <![CDATA[java.lang.NullPointerException: Cannot invoke "org.openqa.selenium.WebDriver.findElement(org.openqa.selenium.By)" because "StepDefinition.Base.driver" is null
at StepDefinition.Base.the_user_clicks_on_tryhere_link(Base.java:144)
at ✽.The user clicks on Tryhere link(file:///C:/Users/shubh/eclipse-workspace/DS_AlgoProject/src/test/resources/features/9Queue.feature:17)
]]>
            </full-stacktrace>
          </exception> <!-- java.lang.NullPointerException -->
          <reporter-output>
          </reporter-output>
        </test-method> <!-- runScenario -->
        <test-method signature="runScenario(io.cucumber.testng.PickleWrapper,io.cucumber.testng.FeatureWrapper)[pri:0, instance:Runner.TestRunner@6f43c82]" started-at="2023-03-29T11:58:27 CDT" name="runScenario" description="Runs Cucumber Scenarios" data-provider="scenarios" finished-at="2023-03-29T11:58:27 CDT" duration-ms="407" status="FAIL">
          <params>
            <param index="0">
              <value>
                <![CDATA["The user is able to run code in Editor for queue page"]]>
              </value>
            </param>
            <param index="1">
              <value>
                <![CDATA["Queue"]]>
              </value>
            </param>
          </params>
          <exception class="java.lang.NullPointerException">
            <message>
              <![CDATA[Cannot invoke "org.openqa.selenium.WebDriver.findElement(org.openqa.selenium.By)" because "StepDefinition.Base.driver" is null]]>
            </message>
            <full-stacktrace>
              <![CDATA[java.lang.NullPointerException: Cannot invoke "org.openqa.selenium.WebDriver.findElement(org.openqa.selenium.By)" because "StepDefinition.Base.driver" is null
at StepDefinition.Base.the_user_clicks_on_tryhere_link(Base.java:144)
at ✽.The user clicks on Tryhere link(file:///C:/Users/shubh/eclipse-workspace/DS_AlgoProject/src/test/resources/features/9Queue.feature:24)
]]>
            </full-stacktrace>
          </exception> <!-- java.lang.NullPointerException -->
          <reporter-output>
          </reporter-output>
        </test-method> <!-- runScenario -->
        <test-method signature="runScenario(io.cucumber.testng.PickleWrapper,io.cucumber.testng.FeatureWrapper)[pri:0, instance:Runner.TestRunner@6f43c82]" started-at="2023-03-29T11:58:27 CDT" name="runScenario" description="Runs Cucumber Scenarios" data-provider="scenarios" finished-at="2023-03-29T11:58:27 CDT" duration-ms="391" status="FAIL">
          <params>
            <param index="0">
              <value>
                <![CDATA["The user is presented with error message for invalid code in Editor for queue page"]]>
              </value>
            </param>
            <param index="1">
              <value>
                <![CDATA["Queue"]]>
              </value>
            </param>
          </params>
          <exception class="java.lang.NullPointerException">
            <message>
              <![CDATA[Cannot invoke "org.openqa.selenium.WebDriver.findElement(org.openqa.selenium.By)" because "StepDefinition.Base.driver" is null]]>
            </message>
            <full-stacktrace>
              <![CDATA[java.lang.NullPointerException: Cannot invoke "org.openqa.selenium.WebDriver.findElement(org.openqa.selenium.By)" because "StepDefinition.Base.driver" is null
at StepDefinition.Base.the_user_clicks_on_tryhere_link(Base.java:144)
at ✽.The user clicks on Tryhere link(file:///C:/Users/shubh/eclipse-workspace/DS_AlgoProject/src/test/resources/features/9Queue.feature:35)
]]>
            </full-stacktrace>
          </exception> <!-- java.lang.NullPointerException -->
          <reporter-output>
          </reporter-output>
        </test-method> <!-- runScenario -->
        <test-method signature="runScenario(io.cucumber.testng.PickleWrapper,io.cucumber.testng.FeatureWrapper)[pri:0, instance:Runner.TestRunner@6f43c82]" started-at="2023-03-29T11:58:27 CDT" name="runScenario" description="Runs Cucumber Scenarios" data-provider="scenarios" finished-at="2023-03-29T11:58:28 CDT" duration-ms="504" status="PASS">
          <params>
            <param index="0">
              <value>
                <![CDATA["The user is able to navigate to queue page and click on  link Implementation using collections.deque"]]>
              </value>
            </param>
            <param index="1">
              <value>
                <![CDATA["Queue"]]>
              </value>
            </param>
          </params>
          <reporter-output>
          </reporter-output>
        </test-method> <!-- runScenario -->
        <test-method signature="runScenario(io.cucumber.testng.PickleWrapper,io.cucumber.testng.FeatureWrapper)[pri:0, instance:Runner.TestRunner@6f43c82]" started-at="2023-03-29T11:58:28 CDT" name="runScenario" description="Runs Cucumber Scenarios" data-provider="scenarios" finished-at="2023-03-29T11:58:28 CDT" duration-ms="367" status="FAIL">
          <params>
            <param index="0">
              <value>
                <![CDATA["The user should be directed to editor page with run button to test python code from Implementation using collections.deque  page"]]>
              </value>
            </param>
            <param index="1">
              <value>
                <![CDATA["Queue"]]>
              </value>
            </param>
          </params>
          <exception class="java.lang.NullPointerException">
            <message>
              <![CDATA[Cannot invoke "org.openqa.selenium.WebDriver.findElement(org.openqa.selenium.By)" because "StepDefinition.Base.driver" is null]]>
            </message>
            <full-stacktrace>
              <![CDATA[java.lang.NullPointerException: Cannot invoke "org.openqa.selenium.WebDriver.findElement(org.openqa.selenium.By)" because "StepDefinition.Base.driver" is null
at StepDefinition.Base.the_user_clicks_on_tryhere_link(Base.java:144)
at ✽.The user clicks on Tryhere link(file:///C:/Users/shubh/eclipse-workspace/DS_AlgoProject/src/test/resources/features/9Queue.feature:51)
]]>
            </full-stacktrace>
          </exception> <!-- java.lang.NullPointerException -->
          <reporter-output>
          </reporter-output>
        </test-method> <!-- runScenario -->
        <test-method signature="runScenario(io.cucumber.testng.PickleWrapper,io.cucumber.testng.FeatureWrapper)[pri:0, instance:Runner.TestRunner@6f43c82]" started-at="2023-03-29T11:58:28 CDT" name="runScenario" description="Runs Cucumber Scenarios" data-provider="scenarios" finished-at="2023-03-29T11:58:29 CDT" duration-ms="400" status="FAIL">
          <params>
            <param index="0">
              <value>
                <![CDATA["The user is able to run code in Editor for Implementation using collections.deque page"]]>
              </value>
            </param>
            <param index="1">
              <value>
                <![CDATA["Queue"]]>
              </value>
            </param>
          </params>
          <exception class="java.lang.NullPointerException">
            <message>
              <![CDATA[Cannot invoke "org.openqa.selenium.WebDriver.findElement(org.openqa.selenium.By)" because "StepDefinition.Base.driver" is null]]>
            </message>
            <full-stacktrace>
              <![CDATA[java.lang.NullPointerException: Cannot invoke "org.openqa.selenium.WebDriver.findElement(org.openqa.selenium.By)" because "StepDefinition.Base.driver" is null
at StepDefinition.Base.the_user_clicks_on_tryhere_link(Base.java:144)
at ✽.The user clicks on Tryhere link(file:///C:/Users/shubh/eclipse-workspace/DS_AlgoProject/src/test/resources/features/9Queue.feature:59)
]]>
            </full-stacktrace>
          </exception> <!-- java.lang.NullPointerException -->
          <reporter-output>
          </reporter-output>
        </test-method> <!-- runScenario -->
        <test-method signature="runScenario(io.cucumber.testng.PickleWrapper,io.cucumber.testng.FeatureWrapper)[pri:0, instance:Runner.TestRunner@6f43c82]" started-at="2023-03-29T11:58:29 CDT" name="runScenario" description="Runs Cucumber Scenarios" data-provider="scenarios" finished-at="2023-03-29T11:58:29 CDT" duration-ms="429" status="FAIL">
          <params>
            <param index="0">
              <value>
                <![CDATA["The user is presented with error message for invalid code in Editor for Implementation using collections.deque  page"]]>
              </value>
            </param>
            <param index="1">
              <value>
                <![CDATA["Queue"]]>
              </value>
            </param>
          </params>
          <exception class="java.lang.NullPointerException">
            <message>
              <![CDATA[Cannot invoke "org.openqa.selenium.WebDriver.findElement(org.openqa.selenium.By)" because "StepDefinition.Base.driver" is null]]>
            </message>
            <full-stacktrace>
              <![CDATA[java.lang.NullPointerException: Cannot invoke "org.openqa.selenium.WebDriver.findElement(org.openqa.selenium.By)" because "StepDefinition.Base.driver" is null
at StepDefinition.Base.the_user_clicks_on_tryhere_link(Base.java:144)
at ✽.The user clicks on Tryhere link(file:///C:/Users/shubh/eclipse-workspace/DS_AlgoProject/src/test/resources/features/9Queue.feature:69)
]]>
            </full-stacktrace>
          </exception> <!-- java.lang.NullPointerException -->
          <reporter-output>
          </reporter-output>
        </test-method> <!-- runScenario -->
        <test-method is-config="true" signature="tearDownClass()[pri:0, instance:Runner.TestRunner@6f43c82]" started-at="2023-03-29T11:58:29 CDT" name="tearDownClass" finished-at="2023-03-29T11:58:29 CDT" duration-ms="46" status="PASS">
          <reporter-output>
          </reporter-output>
        </test-method> <!-- tearDownClass -->
      </class> <!-- Runner.TestRunner -->
    </test> <!-- Default test -->
  </suite> <!-- Default suite -->
</testng-results>
